#
# A fatal error has been detected by the Java Runtime Environment:
#
#  EXCEPTION_ACCESS_VIOLATION (0xc0000005) at pc=0x00007ffdf9d07a32, pid=26896, tid=22876
#
# JRE version: OpenJDK Runtime Environment Corretto-17.0.11.9.1 (17.0.11+9) (build 17.0.11+9-LTS)
# Java VM: OpenJDK 64-Bit Server VM Corretto-17.0.11.9.1 (17.0.11+9-LTS, mixed mode, sharing, tiered, compressed oops, compressed class ptrs, g1 gc, windows-amd64)
# Problematic frame:
# C  [igxelpicd64.dll+0xa7a32]
#
# No core dump will be written. Minidumps are not enabled by default on client versions of Windows
#
# If you would like to submit a bug report, please visit:
#   https://github.com/corretto/corretto-17/issues/
#

---------------  S U M M A R Y ------------

Command Line: -Djava.library.path=C:\Users\henry\IdeaProjects\RobotController\lib -javaagent:C:\Program Files\JetBrains\IntelliJ IDEA 2024.1.1\lib\idea_rt.jar=55487:C:\Program Files\JetBrains\IntelliJ IDEA 2024.1.1\bin -Dfile.encoding=UTF-8 Logic.Main

Host: 11th Gen Intel(R) Core(TM) i5-1135G7 @ 2.40GHz, 8 cores, 7G,  Windows 11 , 64 bit Build 22621 (10.0.22621.4391)
Time: Mon Jan 27 15:28:46 2025 W. Europe Standard Time elapsed time: 20.592747 seconds (0d 0h 0m 20s)

---------------  T H R E A D  ---------------

Current thread (0x0000023dd8b47170):  VMThread "VM Thread" [stack: 0x0000004b91300000,0x0000004b91400000] [id=22876]

Stack: [0x0000004b91300000,0x0000004b91400000],  sp=0x0000004b913fe730,  free space=1017k
Native frames: (J=compiled Java code, j=interpreted, Vv=VM code, C=native code)
C  [igxelpicd64.dll+0xa7a32]


siginfo: EXCEPTION_ACCESS_VIOLATION (0xc0000005), reading address 0x0000000000035898


Registers:
RAX=0x0000023e305b8c58, RBX=0x0000023e305b8a30, RCX=0x0000000000000000, RDX=0x00000000fffffff4
RSP=0x0000004b913fe730, RBP=0x0000000000000000, RSI=0x0000023e305b9000, RDI=0x0000023e24723900
R8 =0x0000000000000014, R9 =0x0000000000000004, R10=0x0000000000000000, R11=0x0000000000000246
R12=0x0000023e24ce8e00, R13=0x0000023e305b9de0, R14=0x0000000000075400, R15=0x0000000000000016
RIP=0x00007ffdf9d07a32, EFLAGS=0x0000000000010202


Register to memory mapping:

RIP=0x00007ffdf9d07a32 igxelpicd64.dll
RAX=0x0000023e305b8c58 points into unknown readable memory: 0x00000000000750e1 | e1 50 07 00 00 00 00 00
RBX=0x0000023e305b8a30 points into unknown readable memory: 0x0000023e1f817850 | 50 78 81 1f 3e 02 00 00
RCX=0x0 is NULL
RDX=0x00000000fffffff4 is an unallocated location in the heap
RSP=0x0000004b913fe730 points into unknown readable memory: 0x0000023e1f8bd820 | 20 d8 8b 1f 3e 02 00 00
RBP=0x0 is NULL
RSI=0x0000023e305b9000 points into unknown readable memory: 0x0000023e305b9de0 | e0 9d 5b 30 3e 02 00 00
RDI=0x0000023e24723900 points into unknown readable memory: 0x0000023e24d46e00 | 00 6e d4 24 3e 02 00 00
R8 =0x0000000000000014 is an unknown value
R9 =0x0000000000000004 is an unknown value
R10=0x0 is NULL
R11=0x0000000000000246 is an unknown value
R12=0x0000023e24ce8e00 points into unknown readable memory: 0x0000000000000000 | 00 00 00 00 00 00 00 00
R13=0x0000023e305b9de0 points into unknown readable memory: 0x0000023e1f817850 | 50 78 81 1f 3e 02 00 00
R14=0x0000000000075400 is an unknown value
R15=0x0000000000000016 is an unknown value


Top of Stack: (sp=0x0000004b913fe730)
0x0000004b913fe730:   0000023e1f8bd820 0000000000000000
0x0000004b913fe740:   00007ffe309b4258 00007fff337143e4
0x0000004b913fe750:   00000000000001a3 00007fff33705b41
0x0000004b913fe760:   0000000000000363 00007fff33701ef1
0x0000004b913fe770:   0000000000000016 00000000000754fd
0x0000004b913fe780:   0000b80219490000 0000023e24ce8e98
0x0000004b913fe790:   0000000000000000 0000000000000000
0x0000004b913fe7a0:   0000004b913fe8b0 00007ffdf9ced5df
0x0000004b913fe7b0:   0000023e1f8bd820 0000023e24723900
0x0000004b913fe7c0:   0000000000000000 00007fff33701e00
0x0000004b913fe7d0:   0000004b0000093c 00007fff00000000
0x0000004b913fe7e0:   0000000000000000 000040007a000004
0x0000004b913fe7f0:   0000000000000000 0000000000000000
0x0000004b913fe800:   000010027a000004 0000000000000000
0x0000004b913fe810:   0000000000000000 001040007a000004
0x0000004b913fe820:   0000000000000000 0000000000000000
0x0000004b913fe830:   000000007a000004 0000000000000000
0x0000004b913fe840:   0000000000000000 001040007a000004
0x0000004b913fe850:   0000023e22720000 0000000000000060
0x0000004b913fe860:   0000b80219490000 000000000000093c
0x0000004b913fe870:   0000000000000000 8000314000000001
0x0000004b913fe880:   0000000000000000 0000000000000000
0x0000004b913fe890:   0000000000000000 0000000000000000
0x0000004b913fe8a0:   0000000000000000 0000000000000000
0x0000004b913fe8b0:   0000000000000000 0000000000000000
0x0000004b913fe8c0:   0000000000000000 0000000000000000
0x0000004b913fe8d0:   0000000000000000 0000000000000000
0x0000004b913fe8e0:   0000000000000000 0000000000000000
0x0000004b913fe8f0:   0000000000000000 0000000000000000
0x0000004b913fe900:   0000000000000000 0000000000000000
0x0000004b913fe910:   0000000000000000 0000000000000000
0x0000004b913fe920:   0000000000000000 0000000000000000 

Instructions: (pc=0x00007ffdf9d07a32)
0x00007ffdf9d07932:   8b fa 48 8b e9 48 8b 1d 92 c4 f1 00 48 89 58 08
0x00007ffdf9d07942:   48 8b cb ff 15 dd 48 a9 00 90 4c 8b af 78 02 00
0x00007ffdf9d07952:   00 48 8b 05 c6 69 e1 00 44 8b b8 a0 0b 00 00 45
0x00007ffdf9d07962:   33 d2 45 8a f2 4c 89 97 78 02 00 00 44 89 97 80
0x00007ffdf9d07972:   02 00 00 4c 89 97 a0 02 00 00 4c 89 97 88 02 00
0x00007ffdf9d07982:   00 48 85 ed 75 38 8b 35 22 9e f1 00 65 48 8b 04
0x00007ffdf9d07992:   25 58 00 00 00 b9 14 00 00 00 48 8b 04 f0 44 38
0x00007ffdf9d079a2:   14 01 0f 84 86 98 94 00 65 48 8b 04 25 58 00 00
0x00007ffdf9d079b2:   00 bd 20 00 00 00 48 8b 04 f0 48 8b 2c 28 48 3b
0x00007ffdf9d079c2:   2d 79 ab f1 00 45 0f 44 fa 4d 85 ed 0f 84 2b 01
0x00007ffdf9d079d2:   00 00 44 8a a4 24 90 00 00 00 49 8b dd 49 8d b5
0x00007ffdf9d079e2:   d0 05 00 00 4c 8b 2e 45 84 e4 0f 85 39 03 00 00
0x00007ffdf9d079f2:   44 8b 8f c8 01 00 00 48 8b 05 20 69 e1 00 83 b8
0x00007ffdf9d07a02:   70 03 00 00 02 75 36 41 8d 51 f0 41 83 f9 10 0f
0x00007ffdf9d07a12:   83 2d 01 00 00 4a 8d 04 cd 21 00 00 00 49 03 c1
0x00007ffdf9d07a22:   48 8d 04 c3 48 85 c0 0f 85 03 01 00 00 49 8b ca
0x00007ffdf9d07a32:   48 3b 8d 98 58 03 00 0f 87 fe 97 94 00 48 8d 93
0x00007ffdf9d07a42:   08 01 00 00 4c 39 93 48 06 00 00 0f 85 69 99 94
0x00007ffdf9d07a52:   00 44 8b 9f c8 01 00 00 48 8b 87 e0 01 00 00 4c
0x00007ffdf9d07a62:   8b 10 44 8b 87 c8 01 00 00 41 83 f8 10 0f 83 fc
0x00007ffdf9d07a72:   00 00 00 4b 8d 0c c0 48 8d 04 ca 48 85 c0 0f 85
0x00007ffdf9d07a82:   b5 00 00 00 33 c9 49 3b ca 0f 86 11 01 00 00 45
0x00007ffdf9d07a92:   33 d2 48 8b 87 78 02 00 00 48 89 06 48 89 9f 78
0x00007ffdf9d07aa2:   02 00 00 ff 87 80 02 00 00 48 8b 43 08 48 8b 88
0x00007ffdf9d07ab2:   18 01 00 00 48 81 e1 00 00 ff ff 48 81 c1 00 00
0x00007ffdf9d07ac2:   01 00 48 01 8f 88 02 00 00 48 8b 43 08 48 8b 88
0x00007ffdf9d07ad2:   18 01 00 00 48 01 8f a0 02 00 00 4d 85 ed 0f 85
0x00007ffdf9d07ae2:   f6 fe ff ff 45 84 f6 44 8a a4 24 98 00 00 00 0f
0x00007ffdf9d07af2:   85 11 99 94 00 48 8b 9c 24 80 00 00 00 48 8b cf
0x00007ffdf9d07b02:   45 84 e4 0f 85 30 02 00 00 e8 d0 fa ff ff 90 48
0x00007ffdf9d07b12:   8b cb 48 8b 9c 24 88 00 00 00 48 83 c4 40 41 5f
0x00007ffdf9d07b22:   41 5e 41 5d 41 5c 5f 5e 5d 48 ff 25 ee 46 a9 00 


Stack slot to memory mapping:
stack at sp + 0 slots: 0x0000023e1f8bd820 points into unknown readable memory: 0xffffffffffffffff | ff ff ff ff ff ff ff ff
stack at sp + 1 slots: 0x0 is NULL
stack at sp + 2 slots: 0x00007ffe309b4258 jvm.dll
stack at sp + 3 slots: 0x00007fff337143e4 ntdll.dll
stack at sp + 4 slots: 0x00000000000001a3 is an unknown value
stack at sp + 5 slots: 0x00007fff33705b41 ntdll.dll
stack at sp + 6 slots: 0x0000000000000363 is an unknown value
stack at sp + 7 slots: 0x00007fff33701ef1 ntdll.dll

VM_Operation (0x0000004b933fea30): Exit, mode: safepoint, requested by thread 0x0000023e1f316b50


---------------  P R O C E S S  ---------------

Threads class SMR info:
_java_thread_list=0x0000023e246af9b0, length=16, elements={
0x0000023dd8b4df30, 0x0000023dd8b4e8f0, 0x0000023dd8b637d0, 0x0000023dd8b64190,
0x0000023dd8b66b60, 0x0000023dd8b72e10, 0x0000023dd8b748d0, 0x0000023dd8b7daa0,
0x0000023e1e07f630, 0x0000023e1e247580, 0x0000023e1e24be00, 0x0000023e1e3c0f30,
0x0000023e1f316130, 0x0000023e1f316b50, 0x0000023e1f315c20, 0x0000023e30b5e960
}

Java Threads: ( => current thread )
  0x0000023dd8b4df30 JavaThread "Reference Handler" daemon [_thread_blocked, id=14136, stack(0x0000004b91400000,0x0000004b91500000)]
  0x0000023dd8b4e8f0 JavaThread "Finalizer" daemon [_thread_blocked, id=21196, stack(0x0000004b91500000,0x0000004b91600000)]
  0x0000023dd8b637d0 JavaThread "Attach Listener" daemon [_thread_blocked, id=13688, stack(0x0000004b91700000,0x0000004b91800000)]
  0x0000023dd8b64190 JavaThread "Service Thread" daemon [_thread_blocked, id=19608, stack(0x0000004b91800000,0x0000004b91900000)]
  0x0000023dd8b66b60 JavaThread "Monitor Deflation Thread" daemon [_thread_blocked, id=3716, stack(0x0000004b91900000,0x0000004b91a00000)]
  0x0000023dd8b72e10 JavaThread "C2 CompilerThread0" daemon [_thread_blocked, id=10040, stack(0x0000004b91a00000,0x0000004b91b00000)]
  0x0000023dd8b748d0 JavaThread "C1 CompilerThread0" daemon [_thread_blocked, id=20988, stack(0x0000004b91b00000,0x0000004b91c00000)]
  0x0000023dd8b7daa0 JavaThread "Sweeper thread" daemon [_thread_blocked, id=27072, stack(0x0000004b91c00000,0x0000004b91d00000)]
  0x0000023e1e07f630 JavaThread "Common-Cleaner" daemon [_thread_blocked, id=27144, stack(0x0000004b91d00000,0x0000004b91e00000)]
  0x0000023e1e247580 JavaThread "Monitor Ctrl-Break" daemon [_thread_in_native, id=15036, stack(0x0000004b91e00000,0x0000004b91f00000)]
  0x0000023e1e24be00 JavaThread "Notification Thread" daemon [_thread_blocked, id=5112, stack(0x0000004b91f00000,0x0000004b92000000)]
  0x0000023e1e3c0f30 JavaThread "Java2D Disposer" daemon [_thread_blocked, id=17480, stack(0x0000004b92100000,0x0000004b92200000)]
  0x0000023e1f316130 JavaThread "HighResTimerThread" daemon [_thread_blocked, id=16520, stack(0x0000004b92400000,0x0000004b92500000)]
  0x0000023e1f316b50 JavaThread "main-FPSAWTAnimator#00-Timer0" [_thread_blocked, id=10320, stack(0x0000004b93300000,0x0000004b93400000)]
  0x0000023e1f315c20 JavaThread "DestroyJavaVM" [_thread_blocked, id=21592, stack(0x0000004b90d00000,0x0000004b90e00000)]
  0x0000023e30b5e960 JavaThread "AWT-Shutdown" [_thread_blocked, id=25292, stack(0x0000004b93200000,0x0000004b93300000)]

Other Threads:
=>0x0000023dd8b47170 VMThread "VM Thread" [stack: 0x0000004b91300000,0x0000004b91400000] [id=22876]
  0x0000023dbaa14a00 GCTaskThread "GC Thread#0" [stack: 0x0000004b90e00000,0x0000004b90f00000] [id=15844]
  0x0000023e244262f0 GCTaskThread "GC Thread#1" [stack: 0x0000004b92b00000,0x0000004b92c00000] [id=12620]
  0x0000023e244265b0 GCTaskThread "GC Thread#2" [stack: 0x0000004b92c00000,0x0000004b92d00000] [id=8748]
  0x0000023e24426870 GCTaskThread "GC Thread#3" [stack: 0x0000004b92d00000,0x0000004b92e00000] [id=19096]
  0x0000023e24426b30 GCTaskThread "GC Thread#4" [stack: 0x0000004b92e00000,0x0000004b92f00000] [id=17936]
  0x0000023e24426df0 GCTaskThread "GC Thread#5" [stack: 0x0000004b92f00000,0x0000004b93000000] [id=2096]
  0x0000023e2444ac10 GCTaskThread "GC Thread#6" [stack: 0x0000004b93000000,0x0000004b93100000] [id=12156]
  0x0000023e2444aed0 GCTaskThread "GC Thread#7" [stack: 0x0000004b93100000,0x0000004b93200000] [id=24868]
  0x0000023dbaa24f50 ConcurrentGCThread "G1 Main Marker" terminated
  0x0000023dbaa25970 ConcurrentGCThread "G1 Conc#0" [stack: 0x0000004b91000000,0x0000004b91100000] [id=22308]
  0x0000023dbaa6ddc0 ConcurrentGCThread "G1 Refine#0" terminated
  0x0000023dbaa6e7f0 ConcurrentGCThread "G1 Service" terminated

Threads with active compile tasks:

VM state: at safepoint (shutting down)

VM Mutex/Monitor currently owned by a thread:  ([mutex/lock_event])
[0x0000023dba9b77a0] Threads_lock - owner thread: 0x0000023dd8b47170
[0x0000023dba9b6990] Heap_lock - owner thread: 0x0000023e1f316b50

Heap address: 0x0000000085000000, size: 1968 MB, Compressed Oops mode: 32-bit

CDS archive(s) mapped at: [0x0000023dd9000000-0x0000023dd9bb0000-0x0000023dd9bb0000), size 12255232, SharedBaseAddress: 0x0000023dd9000000, ArchiveRelocationMode: 1.
Compressed class space mapped at: 0x0000023dda000000-0x0000023e1a000000, reserved size: 1073741824
Narrow klass base: 0x0000023dd9000000, Narrow klass shift: 0, Narrow klass range: 0x100000000

GC Precious Log:
 CPUs: 8 total, 8 available
 Memory: 7865M
 Large Page Support: Disabled
 NUMA Support: Disabled
 Compressed Oops: Enabled (32-bit)
 Heap Region Size: 1M
 Heap Min Capacity: 8M
 Heap Initial Capacity: 124M
 Heap Max Capacity: 1968M
 Pre-touch: Disabled
 Parallel Workers: 8
 Concurrent Workers: 2
 Concurrent Refinement Workers: 8
 Periodic GC: Disabled

Heap:
 garbage-first heap   total 126976K, used 21560K [0x0000000085000000, 0x0000000100000000)
  region size 1024K, 20 young (20480K), 5 survivors (5120K)
 Metaspace       used 15123K, committed 15360K, reserved 1114112K
  class space    used 1117K, committed 1280K, reserved 1048576K

Heap Regions: E=young(eden), S=young(survivor), O=old, HS=humongous(starts), HC=humongous(continues), CS=collection set, F=free, OA=open archive, CA=closed archive, TAMS=top-at-mark-start (previous, next)
|   0|0x0000000085000000, 0x0000000085100000, 0x0000000085100000|100%| O|  |TAMS 0x0000000085000000, 0x0000000085000000| Untracked 
|   1|0x0000000085100000, 0x0000000085200000, 0x0000000085200000|100%| O|  |TAMS 0x0000000085100000, 0x0000000085100000| Untracked 
|   2|0x0000000085200000, 0x0000000085290400, 0x0000000085300000| 56%| O|  |TAMS 0x0000000085200000, 0x0000000085200000| Untracked 
|   3|0x0000000085300000, 0x0000000085300000, 0x0000000085400000|  0%| F|  |TAMS 0x0000000085300000, 0x0000000085300000| Untracked 
|   4|0x0000000085400000, 0x0000000085400000, 0x0000000085500000|  0%| F|  |TAMS 0x0000000085400000, 0x0000000085400000| Untracked 
|   5|0x0000000085500000, 0x0000000085500000, 0x0000000085600000|  0%| F|  |TAMS 0x0000000085500000, 0x0000000085500000| Untracked 
|   6|0x0000000085600000, 0x0000000085600000, 0x0000000085700000|  0%| F|  |TAMS 0x0000000085600000, 0x0000000085600000| Untracked 
|   7|0x0000000085700000, 0x0000000085700000, 0x0000000085800000|  0%| F|  |TAMS 0x0000000085700000, 0x0000000085700000| Untracked 
|   8|0x0000000085800000, 0x0000000085800000, 0x0000000085900000|  0%| F|  |TAMS 0x0000000085800000, 0x0000000085800000| Untracked 
|   9|0x0000000085900000, 0x0000000085900000, 0x0000000085a00000|  0%| F|  |TAMS 0x0000000085900000, 0x0000000085900000| Untracked 
|  10|0x0000000085a00000, 0x0000000085a00000, 0x0000000085b00000|  0%| F|  |TAMS 0x0000000085a00000, 0x0000000085a00000| Untracked 
|  11|0x0000000085b00000, 0x0000000085b00000, 0x0000000085c00000|  0%| F|  |TAMS 0x0000000085b00000, 0x0000000085b00000| Untracked 
|  12|0x0000000085c00000, 0x0000000085c00000, 0x0000000085d00000|  0%| F|  |TAMS 0x0000000085c00000, 0x0000000085c00000| Untracked 
|  13|0x0000000085d00000, 0x0000000085d00000, 0x0000000085e00000|  0%| F|  |TAMS 0x0000000085d00000, 0x0000000085d00000| Untracked 
|  14|0x0000000085e00000, 0x0000000085e00000, 0x0000000085f00000|  0%| F|  |TAMS 0x0000000085e00000, 0x0000000085e00000| Untracked 
|  15|0x0000000085f00000, 0x0000000085f00000, 0x0000000086000000|  0%| F|  |TAMS 0x0000000085f00000, 0x0000000085f00000| Untracked 
|  16|0x0000000086000000, 0x0000000086000000, 0x0000000086100000|  0%| F|  |TAMS 0x0000000086000000, 0x0000000086000000| Untracked 
|  17|0x0000000086100000, 0x0000000086100000, 0x0000000086200000|  0%| F|  |TAMS 0x0000000086100000, 0x0000000086100000| Untracked 
|  18|0x0000000086200000, 0x0000000086200000, 0x0000000086300000|  0%| F|  |TAMS 0x0000000086200000, 0x0000000086200000| Untracked 
|  19|0x0000000086300000, 0x0000000086300000, 0x0000000086400000|  0%| F|  |TAMS 0x0000000086300000, 0x0000000086300000| Untracked 
|  20|0x0000000086400000, 0x0000000086400000, 0x0000000086500000|  0%| F|  |TAMS 0x0000000086400000, 0x0000000086400000| Untracked 
|  21|0x0000000086500000, 0x0000000086500000, 0x0000000086600000|  0%| F|  |TAMS 0x0000000086500000, 0x0000000086500000| Untracked 
|  22|0x0000000086600000, 0x0000000086600000, 0x0000000086700000|  0%| F|  |TAMS 0x0000000086600000, 0x0000000086600000| Untracked 
|  23|0x0000000086700000, 0x0000000086700000, 0x0000000086800000|  0%| F|  |TAMS 0x0000000086700000, 0x0000000086700000| Untracked 
|  24|0x0000000086800000, 0x0000000086800000, 0x0000000086900000|  0%| F|  |TAMS 0x0000000086800000, 0x0000000086800000| Untracked 
|  25|0x0000000086900000, 0x0000000086900000, 0x0000000086a00000|  0%| F|  |TAMS 0x0000000086900000, 0x0000000086900000| Untracked 
|  26|0x0000000086a00000, 0x0000000086a00000, 0x0000000086b00000|  0%| F|  |TAMS 0x0000000086a00000, 0x0000000086a00000| Untracked 
|  27|0x0000000086b00000, 0x0000000086b00000, 0x0000000086c00000|  0%| F|  |TAMS 0x0000000086b00000, 0x0000000086b00000| Untracked 
|  28|0x0000000086c00000, 0x0000000086c00000, 0x0000000086d00000|  0%| F|  |TAMS 0x0000000086c00000, 0x0000000086c00000| Untracked 
|  29|0x0000000086d00000, 0x0000000086d00000, 0x0000000086e00000|  0%| F|  |TAMS 0x0000000086d00000, 0x0000000086d00000| Untracked 
|  30|0x0000000086e00000, 0x0000000086e00000, 0x0000000086f00000|  0%| F|  |TAMS 0x0000000086e00000, 0x0000000086e00000| Untracked 
|  31|0x0000000086f00000, 0x0000000086f00000, 0x0000000087000000|  0%| F|  |TAMS 0x0000000086f00000, 0x0000000086f00000| Untracked 
|  32|0x0000000087000000, 0x0000000087000000, 0x0000000087100000|  0%| F|  |TAMS 0x0000000087000000, 0x0000000087000000| Untracked 
|  33|0x0000000087100000, 0x0000000087100000, 0x0000000087200000|  0%| F|  |TAMS 0x0000000087100000, 0x0000000087100000| Untracked 
|  34|0x0000000087200000, 0x0000000087200000, 0x0000000087300000|  0%| F|  |TAMS 0x0000000087200000, 0x0000000087200000| Untracked 
|  35|0x0000000087300000, 0x0000000087300000, 0x0000000087400000|  0%| F|  |TAMS 0x0000000087300000, 0x0000000087300000| Untracked 
|  36|0x0000000087400000, 0x0000000087400000, 0x0000000087500000|  0%| F|  |TAMS 0x0000000087400000, 0x0000000087400000| Untracked 
|  37|0x0000000087500000, 0x0000000087500000, 0x0000000087600000|  0%| F|  |TAMS 0x0000000087500000, 0x0000000087500000| Untracked 
|  38|0x0000000087600000, 0x0000000087600000, 0x0000000087700000|  0%| F|  |TAMS 0x0000000087600000, 0x0000000087600000| Untracked 
|  39|0x0000000087700000, 0x0000000087700000, 0x0000000087800000|  0%| F|  |TAMS 0x0000000087700000, 0x0000000087700000| Untracked 
|  40|0x0000000087800000, 0x0000000087800000, 0x0000000087900000|  0%| F|  |TAMS 0x0000000087800000, 0x0000000087800000| Untracked 
|  41|0x0000000087900000, 0x0000000087900000, 0x0000000087a00000|  0%| F|  |TAMS 0x0000000087900000, 0x0000000087900000| Untracked 
|  42|0x0000000087a00000, 0x0000000087a00000, 0x0000000087b00000|  0%| F|  |TAMS 0x0000000087a00000, 0x0000000087a00000| Untracked 
|  43|0x0000000087b00000, 0x0000000087b00000, 0x0000000087c00000|  0%| F|  |TAMS 0x0000000087b00000, 0x0000000087b00000| Untracked 
|  44|0x0000000087c00000, 0x0000000087c00000, 0x0000000087d00000|  0%| F|  |TAMS 0x0000000087c00000, 0x0000000087c00000| Untracked 
|  45|0x0000000087d00000, 0x0000000087d00000, 0x0000000087e00000|  0%| F|  |TAMS 0x0000000087d00000, 0x0000000087d00000| Untracked 
|  46|0x0000000087e00000, 0x0000000087e00000, 0x0000000087f00000|  0%| F|  |TAMS 0x0000000087e00000, 0x0000000087e00000| Untracked 
|  47|0x0000000087f00000, 0x0000000087f00000, 0x0000000088000000|  0%| F|  |TAMS 0x0000000087f00000, 0x0000000087f00000| Untracked 
|  48|0x0000000088000000, 0x0000000088000000, 0x0000000088100000|  0%| F|  |TAMS 0x0000000088000000, 0x0000000088000000| Untracked 
|  49|0x0000000088100000, 0x0000000088100000, 0x0000000088200000|  0%| F|  |TAMS 0x0000000088100000, 0x0000000088100000| Untracked 
|  50|0x0000000088200000, 0x0000000088200000, 0x0000000088300000|  0%| F|  |TAMS 0x0000000088200000, 0x0000000088200000| Untracked 
|  51|0x0000000088300000, 0x0000000088300000, 0x0000000088400000|  0%| F|  |TAMS 0x0000000088300000, 0x0000000088300000| Untracked 
|  52|0x0000000088400000, 0x0000000088400000, 0x0000000088500000|  0%| F|  |TAMS 0x0000000088400000, 0x0000000088400000| Untracked 
|  53|0x0000000088500000, 0x0000000088500000, 0x0000000088600000|  0%| F|  |TAMS 0x0000000088500000, 0x0000000088500000| Untracked 
|  54|0x0000000088600000, 0x0000000088600000, 0x0000000088700000|  0%| F|  |TAMS 0x0000000088600000, 0x0000000088600000| Untracked 
|  55|0x0000000088700000, 0x0000000088700000, 0x0000000088800000|  0%| F|  |TAMS 0x0000000088700000, 0x0000000088700000| Untracked 
|  56|0x0000000088800000, 0x0000000088800000, 0x0000000088900000|  0%| F|  |TAMS 0x0000000088800000, 0x0000000088800000| Untracked 
|  57|0x0000000088900000, 0x0000000088900000, 0x0000000088a00000|  0%| F|  |TAMS 0x0000000088900000, 0x0000000088900000| Untracked 
|  58|0x0000000088a00000, 0x0000000088a00000, 0x0000000088b00000|  0%| F|  |TAMS 0x0000000088a00000, 0x0000000088a00000| Untracked 
|  59|0x0000000088b00000, 0x0000000088b00000, 0x0000000088c00000|  0%| F|  |TAMS 0x0000000088b00000, 0x0000000088b00000| Untracked 
|  60|0x0000000088c00000, 0x0000000088c00000, 0x0000000088d00000|  0%| F|  |TAMS 0x0000000088c00000, 0x0000000088c00000| Untracked 
|  61|0x0000000088d00000, 0x0000000088d00000, 0x0000000088e00000|  0%| F|  |TAMS 0x0000000088d00000, 0x0000000088d00000| Untracked 
|  62|0x0000000088e00000, 0x0000000088e00000, 0x0000000088f00000|  0%| F|  |TAMS 0x0000000088e00000, 0x0000000088e00000| Untracked 
|  63|0x0000000088f00000, 0x0000000088f00000, 0x0000000089000000|  0%| F|  |TAMS 0x0000000088f00000, 0x0000000088f00000| Untracked 
|  64|0x0000000089000000, 0x0000000089000000, 0x0000000089100000|  0%| F|  |TAMS 0x0000000089000000, 0x0000000089000000| Untracked 
|  65|0x0000000089100000, 0x0000000089100000, 0x0000000089200000|  0%| F|  |TAMS 0x0000000089100000, 0x0000000089100000| Untracked 
|  66|0x0000000089200000, 0x0000000089200000, 0x0000000089300000|  0%| F|  |TAMS 0x0000000089200000, 0x0000000089200000| Untracked 
|  67|0x0000000089300000, 0x0000000089300000, 0x0000000089400000|  0%| F|  |TAMS 0x0000000089300000, 0x0000000089300000| Untracked 
|  68|0x0000000089400000, 0x0000000089400000, 0x0000000089500000|  0%| F|  |TAMS 0x0000000089400000, 0x0000000089400000| Untracked 
|  69|0x0000000089500000, 0x0000000089500000, 0x0000000089600000|  0%| F|  |TAMS 0x0000000089500000, 0x0000000089500000| Untracked 
|  70|0x0000000089600000, 0x0000000089600000, 0x0000000089700000|  0%| F|  |TAMS 0x0000000089600000, 0x0000000089600000| Untracked 
|  71|0x0000000089700000, 0x0000000089700000, 0x0000000089800000|  0%| F|  |TAMS 0x0000000089700000, 0x0000000089700000| Untracked 
|  72|0x0000000089800000, 0x0000000089800000, 0x0000000089900000|  0%| F|  |TAMS 0x0000000089800000, 0x0000000089800000| Untracked 
|  73|0x0000000089900000, 0x0000000089900000, 0x0000000089a00000|  0%| F|  |TAMS 0x0000000089900000, 0x0000000089900000| Untracked 
|  74|0x0000000089a00000, 0x0000000089a00000, 0x0000000089b00000|  0%| F|  |TAMS 0x0000000089a00000, 0x0000000089a00000| Untracked 
|  75|0x0000000089b00000, 0x0000000089b00000, 0x0000000089c00000|  0%| F|  |TAMS 0x0000000089b00000, 0x0000000089b00000| Untracked 
|  76|0x0000000089c00000, 0x0000000089c00000, 0x0000000089d00000|  0%| F|  |TAMS 0x0000000089c00000, 0x0000000089c00000| Untracked 
|  77|0x0000000089d00000, 0x0000000089d00000, 0x0000000089e00000|  0%| F|  |TAMS 0x0000000089d00000, 0x0000000089d00000| Untracked 
|  78|0x0000000089e00000, 0x0000000089e00000, 0x0000000089f00000|  0%| F|  |TAMS 0x0000000089e00000, 0x0000000089e00000| Untracked 
|  79|0x0000000089f00000, 0x0000000089f00000, 0x000000008a000000|  0%| F|  |TAMS 0x0000000089f00000, 0x0000000089f00000| Untracked 
|  80|0x000000008a000000, 0x000000008a000000, 0x000000008a100000|  0%| F|  |TAMS 0x000000008a000000, 0x000000008a000000| Untracked 
|  81|0x000000008a100000, 0x000000008a100000, 0x000000008a200000|  0%| F|  |TAMS 0x000000008a100000, 0x000000008a100000| Untracked 
|  82|0x000000008a200000, 0x000000008a200000, 0x000000008a300000|  0%| F|  |TAMS 0x000000008a200000, 0x000000008a200000| Untracked 
|  83|0x000000008a300000, 0x000000008a37dc40, 0x000000008a400000| 49%| S|CS|TAMS 0x000000008a300000, 0x000000008a300000| Complete 
|  84|0x000000008a400000, 0x000000008a500000, 0x000000008a500000|100%| S|CS|TAMS 0x000000008a400000, 0x000000008a400000| Complete 
|  85|0x000000008a500000, 0x000000008a600000, 0x000000008a600000|100%| S|CS|TAMS 0x000000008a500000, 0x000000008a500000| Complete 
|  86|0x000000008a600000, 0x000000008a700000, 0x000000008a700000|100%| S|CS|TAMS 0x000000008a600000, 0x000000008a600000| Complete 
|  87|0x000000008a700000, 0x000000008a800000, 0x000000008a800000|100%| S|CS|TAMS 0x000000008a700000, 0x000000008a700000| Complete 
|  88|0x000000008a800000, 0x000000008a800000, 0x000000008a900000|  0%| F|  |TAMS 0x000000008a800000, 0x000000008a800000| Untracked 
|  89|0x000000008a900000, 0x000000008a900000, 0x000000008aa00000|  0%| F|  |TAMS 0x000000008a900000, 0x000000008a900000| Untracked 
|  90|0x000000008aa00000, 0x000000008aa00000, 0x000000008ab00000|  0%| F|  |TAMS 0x000000008aa00000, 0x000000008aa00000| Untracked 
|  91|0x000000008ab00000, 0x000000008ab00000, 0x000000008ac00000|  0%| F|  |TAMS 0x000000008ab00000, 0x000000008ab00000| Untracked 
|  92|0x000000008ac00000, 0x000000008ac00000, 0x000000008ad00000|  0%| F|  |TAMS 0x000000008ac00000, 0x000000008ac00000| Untracked 
|  93|0x000000008ad00000, 0x000000008ad00000, 0x000000008ae00000|  0%| F|  |TAMS 0x000000008ad00000, 0x000000008ad00000| Untracked 
|  94|0x000000008ae00000, 0x000000008ae00000, 0x000000008af00000|  0%| F|  |TAMS 0x000000008ae00000, 0x000000008ae00000| Untracked 
|  95|0x000000008af00000, 0x000000008af00000, 0x000000008b000000|  0%| F|  |TAMS 0x000000008af00000, 0x000000008af00000| Untracked 
|  96|0x000000008b000000, 0x000000008b000000, 0x000000008b100000|  0%| F|  |TAMS 0x000000008b000000, 0x000000008b000000| Untracked 
|  97|0x000000008b100000, 0x000000008b100000, 0x000000008b200000|  0%| F|  |TAMS 0x000000008b100000, 0x000000008b100000| Untracked 
|  98|0x000000008b200000, 0x000000008b200000, 0x000000008b300000|  0%| F|  |TAMS 0x000000008b200000, 0x000000008b200000| Untracked 
|  99|0x000000008b300000, 0x000000008b300000, 0x000000008b400000|  0%| F|  |TAMS 0x000000008b300000, 0x000000008b300000| Untracked 
| 100|0x000000008b400000, 0x000000008b400000, 0x000000008b500000|  0%| F|  |TAMS 0x000000008b400000, 0x000000008b400000| Untracked 
| 101|0x000000008b500000, 0x000000008b500000, 0x000000008b600000|  0%| F|  |TAMS 0x000000008b500000, 0x000000008b500000| Untracked 
| 102|0x000000008b600000, 0x000000008b600000, 0x000000008b700000|  0%| F|  |TAMS 0x000000008b600000, 0x000000008b600000| Untracked 
| 103|0x000000008b700000, 0x000000008b700000, 0x000000008b800000|  0%| F|  |TAMS 0x000000008b700000, 0x000000008b700000| Untracked 
| 104|0x000000008b800000, 0x000000008b800000, 0x000000008b900000|  0%| F|  |TAMS 0x000000008b800000, 0x000000008b800000| Untracked 
| 105|0x000000008b900000, 0x000000008b900000, 0x000000008ba00000|  0%| F|  |TAMS 0x000000008b900000, 0x000000008b900000| Untracked 
| 106|0x000000008ba00000, 0x000000008ba00000, 0x000000008bb00000|  0%| F|  |TAMS 0x000000008ba00000, 0x000000008ba00000| Untracked 
| 107|0x000000008bb00000, 0x000000008bb00000, 0x000000008bc00000|  0%| F|  |TAMS 0x000000008bb00000, 0x000000008bb00000| Untracked 
| 108|0x000000008bc00000, 0x000000008bc00000, 0x000000008bd00000|  0%| F|  |TAMS 0x000000008bc00000, 0x000000008bc00000| Untracked 
| 109|0x000000008bd00000, 0x000000008bd00800, 0x000000008be00000|  0%| E|  |TAMS 0x000000008bd00000, 0x000000008bd00000| Complete 
| 110|0x000000008be00000, 0x000000008bf00000, 0x000000008bf00000|100%| E|CS|TAMS 0x000000008be00000, 0x000000008be00000| Complete 
| 111|0x000000008bf00000, 0x000000008c000000, 0x000000008c000000|100%| E|CS|TAMS 0x000000008bf00000, 0x000000008bf00000| Complete 
| 112|0x000000008c000000, 0x000000008c100000, 0x000000008c100000|100%| E|CS|TAMS 0x000000008c000000, 0x000000008c000000| Complete 
| 113|0x000000008c100000, 0x000000008c200000, 0x000000008c200000|100%| E|CS|TAMS 0x000000008c100000, 0x000000008c100000| Complete 
| 114|0x000000008c200000, 0x000000008c300000, 0x000000008c300000|100%| E|CS|TAMS 0x000000008c200000, 0x000000008c200000| Complete 
| 115|0x000000008c300000, 0x000000008c400000, 0x000000008c400000|100%| E|CS|TAMS 0x000000008c300000, 0x000000008c300000| Complete 
| 116|0x000000008c400000, 0x000000008c500000, 0x000000008c500000|100%| E|CS|TAMS 0x000000008c400000, 0x000000008c400000| Complete 
| 117|0x000000008c500000, 0x000000008c600000, 0x000000008c600000|100%| E|CS|TAMS 0x000000008c500000, 0x000000008c500000| Complete 
| 118|0x000000008c600000, 0x000000008c700000, 0x000000008c700000|100%| E|CS|TAMS 0x000000008c600000, 0x000000008c600000| Complete 
| 119|0x000000008c700000, 0x000000008c800000, 0x000000008c800000|100%| E|CS|TAMS 0x000000008c700000, 0x000000008c700000| Complete 
| 120|0x000000008c800000, 0x000000008c900000, 0x000000008c900000|100%| E|CS|TAMS 0x000000008c800000, 0x000000008c800000| Complete 
| 121|0x000000008c900000, 0x000000008ca00000, 0x000000008ca00000|100%| E|CS|TAMS 0x000000008c900000, 0x000000008c900000| Complete 
| 122|0x000000008ca00000, 0x000000008cb00000, 0x000000008cb00000|100%| E|CS|TAMS 0x000000008ca00000, 0x000000008ca00000| Complete 
| 123|0x000000008cb00000, 0x000000008cc00000, 0x000000008cc00000|100%| E|CS|TAMS 0x000000008cb00000, 0x000000008cb00000| Complete 

Card table byte_map: [0x0000023dd1be0000,0x0000023dd1fc0000] _byte_map_base: 0x0000023dd17b8000

Marking Bits (Prev, Next): (CMBitMap*) 0x0000023dbaa15020, (CMBitMap*) 0x0000023dbaa15060
 Prev Bits: [0x0000023dd23a0000, 0x0000023dd4260000)
 Next Bits: [0x0000023dd4260000, 0x0000023dd6120000)

Polling page: 0x0000023db8970000

Metaspace:

Usage:
  Non-class:     13.68 MB used.
      Class:      1.09 MB used.
       Both:     14.77 MB used.

Virtual space:
  Non-class space:       64.00 MB reserved,      13.75 MB ( 21%) committed,  1 nodes.
      Class space:        1.00 GB reserved,       1.25 MB ( <1%) committed,  1 nodes.
             Both:        1.06 GB reserved,      15.00 MB (  1%) committed. 

Chunk freelists:
   Non-Class:  2.00 MB
       Class:  14.79 MB
        Both:  16.79 MB

MaxMetaspaceSize: unlimited
CompressedClassSpaceSize: 1.00 GB
Initial GC threshold: 21.00 MB
Current GC threshold: 21.00 MB
CDS: on
MetaspaceReclaimPolicy: balanced
 - commit_granule_bytes: 65536.
 - commit_granule_words: 8192.
 - virtual_space_node_default_size: 8388608.
 - enlarge_chunks_in_place: 1.
 - new_chunks_are_fully_committed: 0.
 - uncommit_free_chunks: 1.
 - use_allocation_guard: 0.
 - handle_deallocations: 1.


Internal statistics:

num_allocs_failed_limit: 0.
num_arena_births: 190.
num_arena_deaths: 0.
num_vsnodes_births: 2.
num_vsnodes_deaths: 0.
num_space_committed: 236.
num_space_uncommitted: 0.
num_chunks_returned_to_freelist: 0.
num_chunks_taken_from_freelist: 494.
num_chunk_merges: 0.
num_chunk_splits: 387.
num_chunks_enlarged: 298.
num_inconsistent_stats: 0.

CodeHeap 'non-profiled nmethods': size=120000Kb used=1413Kb max_used=1413Kb free=118586Kb
 bounds [0x0000023dc9fa0000, 0x0000023dca210000, 0x0000023dd14d0000]
CodeHeap 'profiled nmethods': size=120000Kb used=4825Kb max_used=4825Kb free=115174Kb
 bounds [0x0000023dc24d0000, 0x0000023dc2990000, 0x0000023dc9a00000]
CodeHeap 'non-nmethods': size=5760Kb used=1585Kb max_used=1632Kb free=4174Kb
 bounds [0x0000023dc9a00000, 0x0000023dc9c70000, 0x0000023dc9fa0000]
 total_blobs=3473 nmethods=2485 adapters=901
 compilation: enabled
              stopped_count=0, restarted_count=0
 full_count=0

Compilation events (20 events):
Event: 19.527 Thread 0x0000023dd8b748d0 2477       1       com.jogamp.nativewindow.util.Point::getX (5 bytes)
Event: 19.527 Thread 0x0000023dd8b748d0 nmethod 2477 0x0000023dca100190 code [0x0000023dca100320, 0x0000023dca1003f8]
Event: 19.527 Thread 0x0000023dd8b748d0 2478       1       com.jogamp.newt.event.MouseEvent::getButton (5 bytes)
Event: 19.527 Thread 0x0000023dd8b748d0 nmethod 2478 0x0000023dca100490 code [0x0000023dca100620, 0x0000023dca1006f8]
Event: 19.527 Thread 0x0000023dd8b748d0 2479       1       com.jogamp.newt.event.MouseEvent::getClickCount (5 bytes)
Event: 19.527 Thread 0x0000023dd8b748d0 nmethod 2479 0x0000023dca100790 code [0x0000023dca100920, 0x0000023dca1009f8]
Event: 19.527 Thread 0x0000023dd8b748d0 2480       1       processing.event.MouseEvent::getButton (5 bytes)
Event: 19.527 Thread 0x0000023dd8b748d0 nmethod 2480 0x0000023dca100a90 code [0x0000023dca100c20, 0x0000023dca100cf8]
Event: 19.538 Thread 0x0000023dd8b748d0 2481       3       com.jogamp.newt.event.MouseEvent::getX (7 bytes)
Event: 19.538 Thread 0x0000023dd8b748d0 nmethod 2481 0x0000023dc2985990 code [0x0000023dc2985b20, 0x0000023dc2985c58]
Event: 19.538 Thread 0x0000023dd8b748d0 2482       3       com.jogamp.newt.event.MouseEvent::getY (7 bytes)
Event: 19.538 Thread 0x0000023dd8b748d0 nmethod 2482 0x0000023dc2985d10 code [0x0000023dc2985ea0, 0x0000023dc2985fd8]
Event: 19.550 Thread 0x0000023dd8b748d0 2483       3       com.jogamp.newt.event.MouseEvent::getPointerType (23 bytes)
Event: 19.550 Thread 0x0000023dd8b748d0 nmethod 2483 0x0000023dc2986090 code [0x0000023dc2986240, 0x0000023dc29863f8]
Event: 19.550 Thread 0x0000023dd8b748d0 2484       1       com.jogamp.newt.event.MouseEvent$PointerType::getPointerClass (5 bytes)
Event: 19.550 Thread 0x0000023dd8b748d0 nmethod 2484 0x0000023dca100d90 code [0x0000023dca100f20, 0x0000023dca100ff8]
Event: 19.578 Thread 0x0000023dd8b748d0 2485       1       processing.event.MouseEvent::getX (5 bytes)
Event: 19.578 Thread 0x0000023dd8b748d0 nmethod 2485 0x0000023dca101090 code [0x0000023dca101220, 0x0000023dca1012f8]
Event: 19.578 Thread 0x0000023dd8b748d0 2486       1       processing.event.MouseEvent::getY (5 bytes)
Event: 19.578 Thread 0x0000023dd8b748d0 nmethod 2486 0x0000023dca101390 code [0x0000023dca101520, 0x0000023dca1015f8]

GC Heap History (4 events):
Event: 1.417 GC heap before
{Heap before GC invocations=0 (full 0):
 garbage-first heap   total 126976K, used 25600K [0x0000000085000000, 0x0000000100000000)
  region size 1024K, 23 young (23552K), 0 survivors (0K)
 Metaspace       used 11628K, committed 11776K, reserved 1114112K
  class space    used 849K, committed 960K, reserved 1048576K
}
Event: 1.425 GC heap after
{Heap after GC invocations=1 (full 0):
 garbage-first heap   total 126976K, used 2789K [0x0000000085000000, 0x0000000100000000)
  region size 1024K, 3 young (3072K), 3 survivors (3072K)
 Metaspace       used 11628K, committed 11776K, reserved 1114112K
  class space    used 849K, committed 960K, reserved 1048576K
}
Event: 2.795 GC heap before
{Heap before GC invocations=1 (full 0):
 garbage-first heap   total 126976K, used 36581K [0x0000000085000000, 0x0000000100000000)
  region size 1024K, 36 young (36864K), 3 survivors (3072K)
 Metaspace       used 14190K, committed 14464K, reserved 1114112K
  class space    used 1084K, committed 1216K, reserved 1048576K
}
Event: 2.799 GC heap after
{Heap after GC invocations=2 (full 0):
 garbage-first heap   total 126976K, used 7224K [0x0000000085000000, 0x0000000100000000)
  region size 1024K, 5 young (5120K), 5 survivors (5120K)
 Metaspace       used 14190K, committed 14464K, reserved 1114112K
  class space    used 1084K, committed 1216K, reserved 1048576K
}

Dll operation events (20 events):
Event: 0.046 Loaded shared library C:\Users\henry\.jdks\corretto-17.0.11\bin\java.dll
Event: 0.064 Loaded shared library C:\Users\henry\.jdks\corretto-17.0.11\bin\jsvml.dll
Event: 0.112 Loaded shared library C:\Users\henry\.jdks\corretto-17.0.11\bin\zip.dll
Event: 0.114 Loaded shared library C:\Users\henry\.jdks\corretto-17.0.11\bin\instrument.dll
Event: 0.120 Loaded shared library C:\Users\henry\.jdks\corretto-17.0.11\bin\net.dll
Event: 0.121 Loaded shared library C:\Users\henry\.jdks\corretto-17.0.11\bin\nio.dll
Event: 0.124 Loaded shared library C:\Users\henry\.jdks\corretto-17.0.11\bin\zip.dll
Event: 0.135 Loaded shared library C:\Program Files\JetBrains\IntelliJ IDEA 2024.1.1\bin\breakgen64.dll
Event: 0.162 Loaded shared library C:\Users\henry\.jdks\corretto-17.0.11\bin\extnet.dll
Event: 0.232 Loaded shared library C:\Users\henry\.jdks\corretto-17.0.11\bin\jimage.dll
Event: 0.246 Loaded shared library C:\Users\henry\.jdks\corretto-17.0.11\bin\awt.dll
Event: 0.645 Loaded shared library C:\Users\henry\IdeaProjects\RobotController\lib\gluegen_rt.dll
Event: 0.653 Loaded shared library C:\Users\henry\.jdks\corretto-17.0.11\bin\jawt.dll
Event: 0.676 Loaded shared library C:\Users\henry\IdeaProjects\RobotController\lib\nativewindow_awt.dll
Event: 0.755 Loaded shared library C:\Users\henry\IdeaProjects\RobotController\lib\nativewindow_win32.dll
Event: 0.801 Loaded shared library C:\Users\henry\IdeaProjects\RobotController\lib\newt_head.dll
Event: 1.046 Loaded shared library C:\Users\henry\IdeaProjects\RobotController\lib\jogl_desktop.dll
Event: 1.126 Loaded shared library C:\Users\henry\IdeaProjects\RobotController\lib\jogl_mobile.dll
Event: 2.236 Loaded shared library C:\Users\henry\.jdks\corretto-17.0.11\bin\freetype.dll
Event: 2.239 Loaded shared library C:\Users\henry\.jdks\corretto-17.0.11\bin\fontmanager.dll

Deoptimization events (20 events):
Event: 16.561 Thread 0x0000023e1f316b50 Uncommon trap: trap_request=0xffffff45 fr.pc=0x0000023dca02cd14 relative=0x0000000000000174
Event: 16.561 Thread 0x0000023e1f316b50 Uncommon trap: reason=unstable_if action=reinterpret pc=0x0000023dca02cd14 method=java.util.regex.Pattern$BmpCharProperty.match(Ljava/util/regex/Matcher;ILjava/lang/CharSequence;)Z @ 39 c2
Event: 16.561 Thread 0x0000023e1f316b50 DEOPT PACKING pc=0x0000023dca02cd14 sp=0x0000004b933fe0e0
Event: 16.561 Thread 0x0000023e1f316b50 DEOPT UNPACKING pc=0x0000023dc9a5a1a3 sp=0x0000004b933fe090 mode 2
Event: 16.561 Thread 0x0000023e1f316b50 Uncommon trap: trap_request=0xffffff45 fr.pc=0x0000023dca02cd14 relative=0x0000000000000174
Event: 16.561 Thread 0x0000023e1f316b50 Uncommon trap: reason=unstable_if action=reinterpret pc=0x0000023dca02cd14 method=java.util.regex.Pattern$BmpCharProperty.match(Ljava/util/regex/Matcher;ILjava/lang/CharSequence;)Z @ 39 c2
Event: 16.561 Thread 0x0000023e1f316b50 DEOPT PACKING pc=0x0000023dca02cd14 sp=0x0000004b933fe250
Event: 16.561 Thread 0x0000023e1f316b50 DEOPT UNPACKING pc=0x0000023dc9a5a1a3 sp=0x0000004b933fe200 mode 2
Event: 16.561 Thread 0x0000023e1f316b50 Uncommon trap: trap_request=0xffffff45 fr.pc=0x0000023dca02cd14 relative=0x0000000000000174
Event: 16.561 Thread 0x0000023e1f316b50 Uncommon trap: reason=unstable_if action=reinterpret pc=0x0000023dca02cd14 method=java.util.regex.Pattern$BmpCharProperty.match(Ljava/util/regex/Matcher;ILjava/lang/CharSequence;)Z @ 39 c2
Event: 16.561 Thread 0x0000023e1f316b50 DEOPT PACKING pc=0x0000023dca02cd14 sp=0x0000004b933fe2b0
Event: 16.561 Thread 0x0000023e1f316b50 DEOPT UNPACKING pc=0x0000023dc9a5a1a3 sp=0x0000004b933fe260 mode 2
Event: 16.561 Thread 0x0000023e1f316b50 Uncommon trap: trap_request=0xffffff45 fr.pc=0x0000023dca040898 relative=0x0000000000000458
Event: 16.561 Thread 0x0000023e1f316b50 Uncommon trap: reason=unstable_if action=reinterpret pc=0x0000023dca040898 method=java.util.regex.Pattern$Branch.match(Ljava/util/regex/Matcher;ILjava/lang/CharSequence;)Z @ 19 c2
Event: 16.561 Thread 0x0000023e1f316b50 DEOPT PACKING pc=0x0000023dca040898 sp=0x0000004b933fe310
Event: 16.561 Thread 0x0000023e1f316b50 DEOPT UNPACKING pc=0x0000023dc9a5a1a3 sp=0x0000004b933fe2d8 mode 2
Event: 20.170 Thread 0x0000023e1f317570 Uncommon trap: trap_request=0xffffff45 fr.pc=0x0000023dca0cfc60 relative=0x0000000000000060
Event: 20.170 Thread 0x0000023e1f317570 Uncommon trap: reason=unstable_if action=reinterpret pc=0x0000023dca0cfc60 method=java.util.HashMap.values()Ljava/util/Collection; @ 6 c2
Event: 20.170 Thread 0x0000023e1f317570 DEOPT PACKING pc=0x0000023dca0cfc60 sp=0x0000004b926ff0a0
Event: 20.170 Thread 0x0000023e1f317570 DEOPT UNPACKING pc=0x0000023dc9a5a1a3 sp=0x0000004b926ff038 mode 2

Classes unloaded (0 events):
No events

Classes redefined (0 events):
No events

Internal exceptions (20 events):
Event: 0.259 Thread 0x0000023dba9bb5b0 Exception <a 'java/io/FileNotFoundException'{0x000000008c78e8b8}> (0x000000008c78e8b8) 
thrown [s\src\hotspot\share\prims\jni.cpp, line 516]
Event: 0.431 Thread 0x0000023dba9bb5b0 Exception <a 'java/lang/NoSuchMethodError'{0x000000008c3fa720}: 'java.lang.Object java.lang.invoke.DirectMethodHandle$Holder.invokeStaticInit(java.lang.Object, int, int, int, int)'> (0x000000008c3fa720) 
thrown [s\src\hotspot\share\interpreter\linkResolver.cpp, line 759]
Event: 0.472 Thread 0x0000023dba9bb5b0 Exception <a 'java/lang/NoSuchMethodError'{0x000000008c2895e8}: 'java.lang.Object java.lang.invoke.DirectMethodHandle$Holder.invokeStaticInit(java.lang.Object, java.lang.Object, int, int, int, int)'> (0x000000008c2895e8) 
thrown [s\src\hotspot\share\interpreter\linkResolver.cpp, line 759]
Event: 0.614 Thread 0x0000023dba9bb5b0 Exception <a 'sun/nio/fs/WindowsException'{0x000000008c2be348}> (0x000000008c2be348) 
thrown [s\src\hotspot\share\prims\jni.cpp, line 516]
Event: 0.654 Thread 0x0000023dba9bb5b0 Exception <a 'sun/nio/fs/WindowsException'{0x000000008c107860}> (0x000000008c107860) 
thrown [s\src\hotspot\share\prims\jni.cpp, line 516]
Event: 0.697 Thread 0x0000023dba9bb5b0 Exception <a 'java/lang/NoSuchMethodError'{0x000000008c156d30}: 'java.lang.Object java.lang.invoke.DirectMethodHandle$Holder.invokeInterface(java.lang.Object, java.lang.Object)'> (0x000000008c156d30) 
thrown [s\src\hotspot\share\interpreter\linkResolver.cpp, line 759]
Event: 0.698 Thread 0x0000023dba9bb5b0 Exception <a 'java/lang/IncompatibleClassChangeError'{0x000000008c15a528}: Found class java.lang.Object, but interface was expected> (0x000000008c15a528) 
thrown [s\src\hotspot\share\interpreter\linkResolver.cpp, line 826]
Event: 1.897 Thread 0x0000023dba9bb5b0 Exception <a 'java/lang/NoSuchMethodError'{0x000000008c03b640}: 'void java.lang.invoke.DirectMethodHandle$Holder.invokeSpecial(java.lang.Object, java.lang.Object, java.lang.Object, java.lang.Object, java.lang.Object)'> (0x000000008c03b640) 
thrown [s\src\hotspot\share\interpreter\linkResolver.cpp, line 759]
Event: 1.898 Thread 0x0000023dba9bb5b0 Exception <a 'java/lang/NoSuchMethodError'{0x000000008c0446b0}: 'void java.lang.invoke.DirectMethodHandle$Holder.invokeSpecial(java.lang.Object, java.lang.Object, java.lang.Object)'> (0x000000008c0446b0) 
thrown [s\src\hotspot\share\interpreter\linkResolver.cpp, line 759]
Event: 1.899 Thread 0x0000023dba9bb5b0 Exception <a 'java/lang/NoSuchMethodError'{0x000000008c04d700}: 'void java.lang.invoke.DirectMethodHandle$Holder.invokeSpecial(java.lang.Object, java.lang.Object, int)'> (0x000000008c04d700) 
thrown [s\src\hotspot\share\interpreter\linkResolver.cpp, line 759]
Event: 1.900 Thread 0x0000023dba9bb5b0 Exception <a 'java/lang/NoSuchMethodError'{0x000000008c053720}: 'java.lang.Object java.lang.invoke.DirectMethodHandle$Holder.newInvokeSpecial(java.lang.Object, java.lang.Object, int)'> (0x000000008c053720) 
thrown [s\src\hotspot\share\interpreter\linkResolver.cpp, line 759]
Event: 2.103 Thread 0x0000023e1f316b50 Exception <a 'java/lang/ClassNotFoundException'{0x000000008bf3b628}: sun/net/www/protocol/c/Handler> (0x000000008bf3b628) 
thrown [s\src\hotspot\share\classfile\systemDictionary.cpp, line 256]
Event: 2.147 Thread 0x0000023e1f316b50 Exception <a 'java/lang/ClassNotFoundException'{0x000000008bdcb820}: sun/net/www/protocol/c/Handler> (0x000000008bdcb820) 
thrown [s\src\hotspot\share\classfile\systemDictionary.cpp, line 256]
Event: 2.172 Thread 0x0000023e1f316b50 Exception <a 'java/lang/ClassNotFoundException'{0x000000008bcbb350}: sun/net/www/protocol/c/Handler> (0x000000008bcbb350) 
thrown [s\src\hotspot\share\classfile\systemDictionary.cpp, line 256]
Event: 2.196 Thread 0x0000023e1f316b50 Exception <a 'java/lang/ClassNotFoundException'{0x000000008bab1b98}: sun/net/www/protocol/c/Handler> (0x000000008bab1b98) 
thrown [s\src\hotspot\share\classfile\systemDictionary.cpp, line 256]
Event: 2.215 Thread 0x0000023e1f316b50 Exception <a 'java/lang/NoSuchMethodError'{0x000000008b890f18}: 'java.lang.Object java.lang.invoke.DirectMethodHandle$Holder.invokeStatic(java.lang.Object, int, java.lang.Object)'> (0x000000008b890f18) 
thrown [s\src\hotspot\share\interpreter\linkResolver.cpp, line 759]
Event: 2.411 Thread 0x0000023e1f316b50 Exception <a 'java/lang/NoSuchMethodError'{0x000000008b7b3878}: 'java.lang.Object java.lang.invoke.DirectMethodHandle$Holder.invokeStatic(java.lang.Object, float)'> (0x000000008b7b3878) 
thrown [s\src\hotspot\share\interpreter\linkResolver.cpp, line 759]
Event: 2.952 Thread 0x0000023e1f316b50 Implicit null exception at 0x0000023dca046c74 to 0x0000023dca047144
Event: 16.561 Thread 0x0000023e1f316b50 Implicit null exception at 0x0000023dca0404d1 to 0x0000023dca040878
Event: 20.146 Thread 0x0000023e1f316640 Exception <a 'java/lang/InterruptedException'{0x000000008bf80800}> (0x000000008bf80800) 
thrown [s\src\hotspot\share\runtime\objectMonitor.cpp, line 1658]

VM Operations (20 events):
Event: 7.800 Executing VM operation: Cleanup done
Event: 8.801 Executing VM operation: Cleanup
Event: 8.801 Executing VM operation: Cleanup done
Event: 9.801 Executing VM operation: Cleanup
Event: 9.801 Executing VM operation: Cleanup done
Event: 10.802 Executing VM operation: Cleanup
Event: 10.802 Executing VM operation: Cleanup done
Event: 11.803 Executing VM operation: Cleanup
Event: 11.803 Executing VM operation: Cleanup done
Event: 12.744 Executing VM operation: HandshakeAllThreads
Event: 12.744 Executing VM operation: HandshakeAllThreads done
Event: 13.744 Executing VM operation: Cleanup
Event: 13.744 Executing VM operation: Cleanup done
Event: 14.744 Executing VM operation: Cleanup
Event: 14.744 Executing VM operation: Cleanup done
Event: 16.745 Executing VM operation: Cleanup
Event: 16.745 Executing VM operation: Cleanup done
Event: 18.747 Executing VM operation: Cleanup
Event: 18.747 Executing VM operation: Cleanup done
Event: 20.249 Executing VM operation: Exit

Events (20 events):
Event: 16.561 loading class java/util/regex/Pattern$Prolog
Event: 16.561 loading class java/util/regex/Pattern$Prolog done
Event: 20.146 Thread 0x0000023e30b62620 Thread added: 0x0000023e30b62620
Event: 20.146 Thread 0x0000023e30b607c0 Thread added: 0x0000023e30b607c0
Event: 20.146 Thread 0x0000023e1f316640 Thread exited: 0x0000023e1f316640
Event: 20.146 Thread 0x0000023e30b5cb00 Thread added: 0x0000023e30b5cb00
Event: 20.146 Thread 0x0000023e30b5d010 Thread added: 0x0000023e30b5d010
Event: 20.147 loading class sun/font/SunFontManager$8$1
Event: 20.147 loading class sun/font/SunFontManager$8$1 done
Event: 20.147 loading class java/nio/channels/ClosedChannelException
Event: 20.147 loading class java/nio/channels/ClosedChannelException done
Event: 20.147 Thread 0x0000023e30b5d010 Thread exited: 0x0000023e30b5d010
Event: 20.147 Thread 0x0000023e30b607c0 Thread exited: 0x0000023e30b607c0
Event: 20.148 Thread 0x0000023e1f318a40 Thread exited: 0x0000023e1f318a40
Event: 20.148 Thread 0x0000023e30b5e960 Thread added: 0x0000023e30b5e960
Event: 20.160 Thread 0x0000023e1e3c21f0 Thread exited: 0x0000023e1e3c21f0
Event: 20.175 Thread 0x0000023e1f317570 Thread exited: 0x0000023e1f317570
Event: 20.179 Thread 0x0000023e30b62620 Thread exited: 0x0000023e30b62620
Event: 20.249 Thread 0x0000023e30b5cb00 Thread exited: 0x0000023e30b5cb00
Event: 20.249 Thread 0x0000023dd8b5ee00 Thread exited: 0x0000023dd8b5ee00


Dynamic libraries:
0x00007ff68bdd0000 - 0x00007ff68bdde000 	C:\Users\henry\.jdks\corretto-17.0.11\bin\java.exe
0x00007fff33670000 - 0x00007fff33887000 	C:\WINDOWS\SYSTEM32\ntdll.dll
0x00007fff31eb0000 - 0x00007fff31f74000 	C:\WINDOWS\System32\KERNEL32.DLL
0x00007fff30dd0000 - 0x00007fff3118a000 	C:\WINDOWS\System32\KERNELBASE.dll
0x00007fff30c30000 - 0x00007fff30d41000 	C:\WINDOWS\System32\ucrtbase.dll
0x00007fff28cb0000 - 0x00007fff28cc7000 	C:\Users\henry\.jdks\corretto-17.0.11\bin\jli.dll
0x00007fff2b700000 - 0x00007fff2b71b000 	C:\Users\henry\.jdks\corretto-17.0.11\bin\VCRUNTIME140.dll
0x00007fff32900000 - 0x00007fff32aae000 	C:\WINDOWS\System32\USER32.dll
0x00007fff30930000 - 0x00007fff30956000 	C:\WINDOWS\System32\win32u.dll
0x00007fff086b0000 - 0x00007fff08942000 	C:\WINDOWS\WinSxS\amd64_microsoft.windows.common-controls_6595b64144ccf1df_6.0.22621.4541_none_2710d1c57384c085\COMCTL32.dll
0x00007fff33460000 - 0x00007fff33489000 	C:\WINDOWS\System32\GDI32.dll
0x00007fff31a80000 - 0x00007fff31b27000 	C:\WINDOWS\System32\msvcrt.dll
0x00007fff31190000 - 0x00007fff312ab000 	C:\WINDOWS\System32\gdi32full.dll
0x00007fff30a20000 - 0x00007fff30aba000 	C:\WINDOWS\System32\msvcp_win.dll
0x00007fff31df0000 - 0x00007fff31e21000 	C:\WINDOWS\System32\IMM32.DLL
0x00007fff2af70000 - 0x00007fff2af7c000 	C:\Users\henry\.jdks\corretto-17.0.11\bin\vcruntime140_1.dll
0x00007fff19350000 - 0x00007fff193dd000 	C:\Users\henry\.jdks\corretto-17.0.11\bin\msvcp140.dll
0x00007ffe30060000 - 0x00007ffe30cc2000 	C:\Users\henry\.jdks\corretto-17.0.11\bin\server\jvm.dll
0x00007fff31890000 - 0x00007fff31942000 	C:\WINDOWS\System32\ADVAPI32.dll
0x00007fff32bd0000 - 0x00007fff32c77000 	C:\WINDOWS\System32\sechost.dll
0x00007fff31330000 - 0x00007fff31358000 	C:\WINDOWS\System32\bcrypt.dll
0x00007fff32ab0000 - 0x00007fff32bc4000 	C:\WINDOWS\System32\RPCRT4.dll
0x00007fff2fe90000 - 0x00007fff2fedd000 	C:\WINDOWS\SYSTEM32\POWRPROF.dll
0x00007fff28ca0000 - 0x00007fff28ca9000 	C:\WINDOWS\SYSTEM32\WSOCK32.dll
0x00007fff289c0000 - 0x00007fff289ca000 	C:\WINDOWS\SYSTEM32\VERSION.dll
0x00007fff28d60000 - 0x00007fff28d94000 	C:\WINDOWS\SYSTEM32\WINMM.dll
0x00007fff31a00000 - 0x00007fff31a71000 	C:\WINDOWS\System32\WS2_32.dll
0x00007fff2fdc0000 - 0x00007fff2fdd3000 	C:\WINDOWS\SYSTEM32\UMPDC.dll
0x00007fff2f9b0000 - 0x00007fff2f9c8000 	C:\WINDOWS\SYSTEM32\kernel.appcore.dll
0x00007fff27df0000 - 0x00007fff27dfa000 	C:\Users\henry\.jdks\corretto-17.0.11\bin\jimage.dll
0x00007fff2e1b0000 - 0x00007fff2e3e2000 	C:\WINDOWS\SYSTEM32\DBGHELP.DLL
0x00007fff31380000 - 0x00007fff31711000 	C:\WINDOWS\System32\combase.dll
0x00007fff32c80000 - 0x00007fff32d57000 	C:\WINDOWS\System32\OLEAUT32.dll
0x00007ffefcc20000 - 0x00007ffefcc52000 	C:\WINDOWS\SYSTEM32\dbgcore.DLL
0x00007fff30d50000 - 0x00007fff30dcb000 	C:\WINDOWS\System32\bcryptPrimitives.dll
0x00007fff27de0000 - 0x00007fff27dee000 	C:\Users\henry\.jdks\corretto-17.0.11\bin\instrument.dll
0x00007fff19840000 - 0x00007fff19865000 	C:\Users\henry\.jdks\corretto-17.0.11\bin\java.dll
0x00007fff18da0000 - 0x00007fff18e77000 	C:\Users\henry\.jdks\corretto-17.0.11\bin\jsvml.dll
0x00007fff32080000 - 0x00007fff328f9000 	C:\WINDOWS\System32\SHELL32.dll
0x00007fff2e820000 - 0x00007fff2f129000 	C:\WINDOWS\SYSTEM32\windows.storage.dll
0x00007fff2e6e0000 - 0x00007fff2e81f000 	C:\WINDOWS\SYSTEM32\wintypes.dll
0x00007fff334a0000 - 0x00007fff3359a000 	C:\WINDOWS\System32\SHCORE.dll
0x00007fff319a0000 - 0x00007fff319fe000 	C:\WINDOWS\System32\shlwapi.dll
0x00007fff30860000 - 0x00007fff3088b000 	C:\WINDOWS\SYSTEM32\profapi.dll
0x00007fff19300000 - 0x00007fff19318000 	C:\Users\henry\.jdks\corretto-17.0.11\bin\zip.dll
0x00007fff19820000 - 0x00007fff19839000 	C:\Users\henry\.jdks\corretto-17.0.11\bin\net.dll
0x00007fff2c4a0000 - 0x00007fff2c5d6000 	C:\WINDOWS\SYSTEM32\WINHTTP.dll
0x00007fff2fee0000 - 0x00007fff2ff49000 	C:\WINDOWS\system32\mswsock.dll
0x00007fff19320000 - 0x00007fff19336000 	C:\Users\henry\.jdks\corretto-17.0.11\bin\nio.dll
0x00007fff192c0000 - 0x00007fff192da000 	C:\Program Files\JetBrains\IntelliJ IDEA 2024.1.1\bin\breakgen64.dll
0x00007fff19880000 - 0x00007fff19889000 	C:\Users\henry\.jdks\corretto-17.0.11\bin\extnet.dll
0x00007fff2f3c0000 - 0x00007fff2f3ed000 	C:\WINDOWS\SYSTEM32\IPHLPAPI.DLL
0x00007fff33490000 - 0x00007fff33499000 	C:\WINDOWS\System32\NSI.dll
0x00007fff2b790000 - 0x00007fff2b7a9000 	C:\WINDOWS\SYSTEM32\dhcpcsvc6.DLL
0x00007fff2b5a0000 - 0x00007fff2b5bf000 	C:\WINDOWS\SYSTEM32\dhcpcsvc.DLL
0x00007ffebd520000 - 0x00007ffebd6b0000 	C:\Users\henry\.jdks\corretto-17.0.11\bin\awt.dll
0x00007fff2b8c0000 - 0x00007fff2b957000 	C:\WINDOWS\SYSTEM32\apphelp.dll
0x00007fff2d9b0000 - 0x00007fff2da61000 	C:\WINDOWS\system32\uxtheme.dll
0x00007fff31720000 - 0x00007fff31881000 	C:\WINDOWS\System32\MSCTF.dll
0x00007fff32e30000 - 0x00007fff32fd5000 	C:\WINDOWS\System32\ole32.dll
0x00007fff2dc50000 - 0x00007fff2dc7b000 	C:\WINDOWS\system32\DWMAPI.DLL
0x00007ffef32f0000 - 0x00007ffef33f0000 	C:\WINDOWS\system32\opengl32.dll
0x00007ffef31c0000 - 0x00007ffef31ed000 	C:\WINDOWS\SYSTEM32\GLU32.dll
0x00007fff2dae0000 - 0x00007fff2db17000 	C:\WINDOWS\SYSTEM32\dxcore.dll
0x00007fff30140000 - 0x00007fff3015b000 	C:\WINDOWS\SYSTEM32\CRYPTSP.dll
0x00007fff2f910000 - 0x00007fff2f945000 	C:\WINDOWS\system32\rsaenh.dll
0x00007fff2ffd0000 - 0x00007fff2fff8000 	C:\WINDOWS\SYSTEM32\USERENV.dll
0x00007fff30130000 - 0x00007fff3013c000 	C:\WINDOWS\SYSTEM32\CRYPTBASE.dll
0x00007fff2f440000 - 0x00007fff2f542000 	C:\WINDOWS\SYSTEM32\DNSAPI.dll
0x000000006e8c0000 - 0x000000006e8cd000 	C:\Users\henry\IdeaProjects\RobotController\lib\gluegen_rt.dll
0x00007fff19500000 - 0x00007fff19507000 	C:\Users\henry\.jdks\corretto-17.0.11\bin\jawt.dll
0x000000006a440000 - 0x000000006a44d000 	C:\Users\henry\IdeaProjects\RobotController\lib\nativewindow_awt.dll
0x000000006c100000 - 0x000000006c110000 	C:\Users\henry\IdeaProjects\RobotController\lib\nativewindow_win32.dll
0x0000000070d80000 - 0x0000000070d93000 	C:\Users\henry\IdeaProjects\RobotController\lib\newt_head.dll
0x00007fff2bfc0000 - 0x00007fff2c07c000 	C:\WINDOWS\SYSTEM32\mscms.dll
0x00007ffef1ad0000 - 0x00007ffef1b19000 	C:\WINDOWS\SYSTEM32\icm32.dll
0x00007fff32fe0000 - 0x00007fff33454000 	C:\WINDOWS\System32\setupapi.dll
0x00007fff305f0000 - 0x00007fff3061c000 	C:\WINDOWS\SYSTEM32\DEVOBJ.dll
0x00007fff30620000 - 0x00007fff3066e000 	C:\WINDOWS\SYSTEM32\cfgmgr32.dll
0x00007fff312b0000 - 0x00007fff31322000 	C:\WINDOWS\System32\WINTRUST.dll
0x00007fff30ac0000 - 0x00007fff30c26000 	C:\WINDOWS\System32\CRYPT32.dll
0x00007fff30190000 - 0x00007fff301a2000 	C:\WINDOWS\SYSTEM32\MSASN1.dll
0x0000000064500000 - 0x0000000064585000 	C:\Users\henry\IdeaProjects\RobotController\lib\jogl_desktop.dll
0x0000000064340000 - 0x0000000064391000 	C:\Users\henry\IdeaProjects\RobotController\lib\jogl_mobile.dll
0x00007fff28200000 - 0x00007fff28249000 	C:\WINDOWS\SYSTEM32\directxdatabasehelper.dll
0x00007fff32d60000 - 0x00007fff32e10000 	C:\WINDOWS\System32\clbcatq.dll
0x00007ffdf9c60000 - 0x00007ffdface7000 	C:\WINDOWS\System32\DriverStore\FileRepository\iigd_dch.inf_amd64_57ce179e0ee5edd3\igxelpicd64.dll
0x00007fff2db20000 - 0x00007fff2dc17000 	C:\WINDOWS\system32\dxgi.dll
0x00007ffee22b0000 - 0x00007ffee23ec000 	C:\WINDOWS\System32\DriverStore\FileRepository\iigd_dch.inf_amd64_57ce179e0ee5edd3\igdml64.dll
0x00007fff23570000 - 0x00007fff23979000 	C:\WINDOWS\System32\DriverStore\FileRepository\iigd_dch.inf_amd64_57ce179e0ee5edd3\igdgmm64.dll
0x00007fff1eee0000 - 0x00007fff23564000 	C:\WINDOWS\System32\DriverStore\FileRepository\iigd_dch.inf_amd64_57ce179e0ee5edd3\igc64.dll
0x00007fff262e0000 - 0x00007fff26425000 	C:\WINDOWS\SYSTEM32\textinputframework.dll
0x00007fff2ac70000 - 0x00007fff2ada3000 	C:\WINDOWS\SYSTEM32\CoreMessaging.dll
0x00007fff27a70000 - 0x00007fff27ddd000 	C:\WINDOWS\SYSTEM32\CoreUIComponents.dll
0x00007fff08ed0000 - 0x00007fff08f39000 	C:\WINDOWS\system32\Oleacc.dll
0x00007ffee9540000 - 0x00007ffee95c7000 	C:\Users\henry\.jdks\corretto-17.0.11\bin\freetype.dll
0x00007ffea9540000 - 0x00007ffea9622000 	C:\Users\henry\.jdks\corretto-17.0.11\bin\fontmanager.dll

dbghelp: loaded successfully - version: 4.0.5 - missing functions: none
symbol engine: initialized successfully - sym options: 0x614 - pdb path: .;C:\Users\henry\.jdks\corretto-17.0.11\bin;C:\WINDOWS\SYSTEM32;C:\WINDOWS\WinSxS\amd64_microsoft.windows.common-controls_6595b64144ccf1df_6.0.22621.4541_none_2710d1c57384c085;C:\Users\henry\.jdks\corretto-17.0.11\bin\server;C:\Program Files\JetBrains\IntelliJ IDEA 2024.1.1\bin;C:\Users\henry\IdeaProjects\RobotController\lib;C:\WINDOWS\System32\DriverStore\FileRepository\iigd_dch.inf_amd64_57ce179e0ee5edd3

VM Arguments:
jvm_args: -Djava.library.path=C:\Users\henry\IdeaProjects\RobotController\lib -javaagent:C:\Program Files\JetBrains\IntelliJ IDEA 2024.1.1\lib\idea_rt.jar=55487:C:\Program Files\JetBrains\IntelliJ IDEA 2024.1.1\bin -Dfile.encoding=UTF-8 
java_command: Logic.Main
java_class_path (initial): C:\Users\henry\IdeaProjects\RobotController\out\production\RobotController;C:\Users\henry\IdeaProjects\RobotController\lib\core.jar;C:\Users\henry\IdeaProjects\RobotController\lib\gluegen-rt.jar;C:\Users\henry\IdeaProjects\RobotController\lib\jogl-all.jar;C:\Users\henry\IdeaProjects\RobotController\lib\serial.jar;C:\Users\henry\IdeaProjects\RobotController\lib\jssc.jar
Launcher Type: SUN_STANDARD

[Global flags]
     intx CICompilerCount                          = 4                                         {product} {ergonomic}
     uint ConcGCThreads                            = 2                                         {product} {ergonomic}
     uint G1ConcRefinementThreads                  = 8                                         {product} {ergonomic}
   size_t G1HeapRegionSize                         = 1048576                                   {product} {ergonomic}
    uintx GCDrainStackTargetSize                   = 64                                        {product} {ergonomic}
   size_t InitialHeapSize                          = 130023424                                 {product} {ergonomic}
   size_t MarkStackSize                            = 4194304                                   {product} {ergonomic}
   size_t MaxHeapSize                              = 2063597568                                {product} {ergonomic}
   size_t MaxNewSize                               = 1237319680                                {product} {ergonomic}
   size_t MinHeapDeltaBytes                        = 1048576                                   {product} {ergonomic}
   size_t MinHeapSize                              = 8388608                                   {product} {ergonomic}
    uintx NonNMethodCodeHeapSize                   = 5839372                                {pd product} {ergonomic}
    uintx NonProfiledCodeHeapSize                  = 122909434                              {pd product} {ergonomic}
    uintx ProfiledCodeHeapSize                     = 122909434                              {pd product} {ergonomic}
    uintx ReservedCodeCacheSize                    = 251658240                              {pd product} {ergonomic}
     bool SegmentedCodeCache                       = true                                      {product} {ergonomic}
   size_t SoftMaxHeapSize                          = 2063597568                             {manageable} {ergonomic}
     bool UseCompressedClassPointers               = true                           {product lp64_product} {ergonomic}
     bool UseCompressedOops                        = true                           {product lp64_product} {ergonomic}
     bool UseG1GC                                  = true                                      {product} {ergonomic}
     bool UseLargePagesIndividualAllocation        = false                                  {pd product} {ergonomic}

Logging:
Log output configuration:
 #0: stdout all=off uptime,level,tags
 #1: stderr all=off uptime,level,tags

Environment Variables:
PATH=C:\Program Files (x86)\Common Files\Oracle\Java\java8path;C:\Program Files (x86)\Common Files\Oracle\Java\javapath;C:\WINDOWS\system32;C:\WINDOWS;C:\WINDOWS\System32\Wbem;C:\WINDOWS\System32\WindowsPowerShell\v1.0\;C:\WINDOWS\System32\OpenSSH\;C:\Program Files\dotnet\;C:\Program Files\Git\cmd;C:\Program Files\Microsoft SQL Server\Client SDK\ODBC\130\Tools\Binn\;C:\Program Files (x86)\Microsoft SQL Server\140\Tools\Binn\;C:\Program Files\Microsoft SQL Server\140\Tools\Binn\;C:\Program Files\Microsoft SQL Server\140\DTS\Binn\;C:\Program Files\MATLAB\R2024b\bin;C:\Users\henry\AppData\Local\Programs\Python\Launcher\;C:\Users\henry\AppData\Local\Microsoft\WindowsApps;C:\Program Files\JetBrains\IntelliJ IDEA 2024.1.1\bin;;C:\Users\henry\AppData\Local\Programs\MiKTeX\miktex\bin\x64\
USERNAME=henry
OS=Windows_NT
PROCESSOR_IDENTIFIER=Intel64 Family 6 Model 140 Stepping 1, GenuineIntel
TMP=C:\Users\henry\AppData\Local\Temp
TEMP=C:\Users\henry\AppData\Local\Temp



Periodic native trim disabled


---------------  S Y S T E M  ---------------

OS:
 Windows 11 , 64 bit Build 22621 (10.0.22621.4391)
OS uptime: 0 days 5:06 hours
Hyper-V role detected

CPU: total 8 (initial active 8) (4 cores per cpu, 2 threads per core) family 6 model 140 stepping 1 microcode 0xb4, cx8, cmov, fxsr, ht, mmx, 3dnowpref, sse, sse2, sse3, ssse3, sse4.1, sse4.2, popcnt, lzcnt, tsc, tscinvbit, avx, avx2, aes, erms, clmul, bmi1, bmi2, adx, avx512f, avx512dq, avx512cd, avx512bw, avx512vl, sha, fma, vzeroupper, avx512_vpopcntdq, avx512_vpclmulqdq, avx512_vaes, avx512_vnni, clflush, clflushopt, clwb, avx512_vbmi2, avx512_vbmi, hv
Processor Information for all 8 processors :
  Max Mhz: 2419, Current Mhz: 2419, Mhz Limit: 2419

Memory: 4k page, system-wide physical 7865M (794M free)
TotalPageFile size 22713M (AvailPageFile size 6378M)
current process WorkingSet (physical memory assigned to process): 349M, peak: 376M
current process commit charge ("private bytes"): 414M, peak: 442M

vm_info: OpenJDK 64-Bit Server VM (17.0.11+9-LTS) for windows-amd64 JRE (17.0.11+9-LTS), built on Apr 10 2024 22:12:24 by "Administrator" with MS VC++ 16.10 / 16.11 (VS2019)

END.
