#
# A fatal error has been detected by the Java Runtime Environment:
#
#  EXCEPTION_ACCESS_VIOLATION (0xc0000005) at pc=0x00007ffe2ef57a32, pid=9624, tid=11168
#
# JRE version: OpenJDK Runtime Environment Corretto-17.0.11.9.1 (17.0.11+9) (build 17.0.11+9-LTS)
# Java VM: OpenJDK 64-Bit Server VM Corretto-17.0.11.9.1 (17.0.11+9-LTS, mixed mode, sharing, tiered, compressed oops, compressed class ptrs, g1 gc, windows-amd64)
# Problematic frame:
# C  [igxelpicd64.dll+0xa7a32]
#
# No core dump will be written. Minidumps are not enabled by default on client versions of Windows
#
# If you would like to submit a bug report, please visit:
#   https://github.com/corretto/corretto-17/issues/
#

---------------  S U M M A R Y ------------

Command Line: -Djava.library.path=C:\Users\henry\IdeaProjects\RobotController\lib -javaagent:C:\Program Files\JetBrains\IntelliJ IDEA 2024.1.1\lib\idea_rt.jar=58522:C:\Program Files\JetBrains\IntelliJ IDEA 2024.1.1\bin -Dfile.encoding=UTF-8 Logic.Main

Host: 11th Gen Intel(R) Core(TM) i5-1135G7 @ 2.40GHz, 8 cores, 7G,  Windows 11 , 64 bit Build 22621 (10.0.22621.4391)
Time: Mon Jan 27 13:16:14 2025 W. Europe Standard Time elapsed time: 30.018744 seconds (0d 0h 0m 30s)

---------------  T H R E A D  ---------------

Current thread (0x00000266ace50040):  VMThread "VM Thread" [stack: 0x000000721df00000,0x000000721e000000] [id=11168]

Stack: [0x000000721df00000,0x000000721e000000],  sp=0x000000721dffe930,  free space=1018k
Native frames: (J=compiled Java code, j=interpreted, Vv=VM code, C=native code)
C  [igxelpicd64.dll+0xa7a32]


siginfo: EXCEPTION_ACCESS_VIOLATION (0xc0000005), reading address 0x0000000000035898


Registers:
RAX=0x0000026684df5be8, RBX=0x0000026684df59c0, RCX=0x0000000000000000, RDX=0x00000000fffffff4
RSP=0x000000721dffe930, RBP=0x0000000000000000, RSI=0x0000026684df5f90, RDI=0x00000266f5639e50
R8 =0x0000000000000014, R9 =0x0000000000000004, R10=0x0000000000000000, R11=0x0000000000000246
R12=0x00000266f55cbb00, R13=0x0000026684df66e0, R14=0x0000000000104e00, R15=0x0000000000000016
RIP=0x00007ffe2ef57a32, EFLAGS=0x0000000000010206


Register to memory mapping:

RIP=0x00007ffe2ef57a32 igxelpicd64.dll
RAX=0x0000026684df5be8 points into unknown readable memory: 0x0000000000104a46 | 46 4a 10 00 00 00 00 00
RBX=0x0000026684df59c0 points into unknown readable memory: 0x00000266f3f63bf0 | f0 3b f6 f3 66 02 00 00
RCX=0x0 is NULL
RDX=0x00000000fffffff4 is an unallocated location in the heap
RSP=0x000000721dffe930 points into unknown readable memory: 0x00000266f401a150 | 50 a1 01 f4 66 02 00 00
RBP=0x0 is NULL
RSI=0x0000026684df5f90 points into unknown readable memory: 0x0000026684df66e0 | e0 66 df 84 66 02 00 00
RDI=0x00000266f5639e50 points into unknown readable memory: 0x000002668d1d0100 | 00 01 1d 8d 66 02 00 00
R8 =0x0000000000000014 is an unknown value
R9 =0x0000000000000004 is an unknown value
R10=0x0 is NULL
R11=0x0000000000000246 is an unknown value
R12=0x00000266f55cbb00 points into unknown readable memory: 0x00007ffe2f9ff8c0 | c0 f8 9f 2f fe 7f 00 00
R13=0x0000026684df66e0 points into unknown readable memory: 0x00000266f3f63bf0 | f0 3b f6 f3 66 02 00 00
R14=0x0000000000104e00 is an unknown value
R15=0x0000000000000016 is an unknown value


Top of Stack: (sp=0x000000721dffe930)
0x000000721dffe930:   00000266f401a150 0000000000000000
0x000000721dffe940:   02832f8902a09388 00007fff337143e4
0x000000721dffe950:   02933d8a02f00f8a 02005d8a02864b8a
0x000000721dffe960:   02a2888a0093808a 00e3fa8a02489c8a
0x000000721dffe970:   0000000000000016 0000000000104e65
0x000000721dffe980:   0000b8021a590000 00000266f55cbbd8
0x000000721dffe990:   0000000000000000 0000000000000000
0x000000721dffe9a0:   000000721dffeab0 00007ffe2ef3d5df
0x000000721dffe9b0:   00000266f401a150 00000266f5639e50
0x000000721dffe9c0:   0071829202336000 01eff69202b78900
0x000000721dffe9d0:   000000720000093c 018cce9300000000
0x000000721dffe9e0:   0000000000000000 000040007a000004
0x000000721dffe9f0:   0000000000000000 0000000000000000
0x000000721dffea00:   000010027a000004 0000000000000000
0x000000721dffea10:   0000000000000000 001040007a000004
0x000000721dffea20:   0000000000000000 0000000000000000
0x000000721dffea30:   000000007a000004 0000000000000000
0x000000721dffea40:   0000000000000000 001040007a000004
0x000000721dffea50:   00000266f8000000 0000000000000060
0x000000721dffea60:   0000b8021a590000 000000000000093c
0x000000721dffea70:   0000000000000000 c000160000000001
0x000000721dffea80:   0000000000000000 0000000000000000
0x000000721dffea90:   0000000000000000 0000000000000000
0x000000721dffeaa0:   0000000000000000 0000000000000000
0x000000721dffeab0:   0000000000000000 0000000000000000
0x000000721dffeac0:   0000000000000000 0000000000000000
0x000000721dffead0:   0000000000000000 0000000000000000
0x000000721dffeae0:   0000000000000000 0000000000000000
0x000000721dffeaf0:   0000000000000000 0000000000000000
0x000000721dffeb00:   0000000000000000 0000000000000000
0x000000721dffeb10:   0000000000000000 0000000000000000
0x000000721dffeb20:   0000000000000000 0000000000000000 

Instructions: (pc=0x00007ffe2ef57a32)
0x00007ffe2ef57932:   8b fa 48 8b e9 48 8b 1d 92 c4 f1 00 48 89 58 08
0x00007ffe2ef57942:   48 8b cb ff 15 dd 48 a9 00 90 4c 8b af 78 02 00
0x00007ffe2ef57952:   00 48 8b 05 c6 69 e1 00 44 8b b8 a0 0b 00 00 45
0x00007ffe2ef57962:   33 d2 45 8a f2 4c 89 97 78 02 00 00 44 89 97 80
0x00007ffe2ef57972:   02 00 00 4c 89 97 a0 02 00 00 4c 89 97 88 02 00
0x00007ffe2ef57982:   00 48 85 ed 75 38 8b 35 22 9e f1 00 65 48 8b 04
0x00007ffe2ef57992:   25 58 00 00 00 b9 14 00 00 00 48 8b 04 f0 44 38
0x00007ffe2ef579a2:   14 01 0f 84 86 98 94 00 65 48 8b 04 25 58 00 00
0x00007ffe2ef579b2:   00 bd 20 00 00 00 48 8b 04 f0 48 8b 2c 28 48 3b
0x00007ffe2ef579c2:   2d 79 ab f1 00 45 0f 44 fa 4d 85 ed 0f 84 2b 01
0x00007ffe2ef579d2:   00 00 44 8a a4 24 90 00 00 00 49 8b dd 49 8d b5
0x00007ffe2ef579e2:   d0 05 00 00 4c 8b 2e 45 84 e4 0f 85 39 03 00 00
0x00007ffe2ef579f2:   44 8b 8f c8 01 00 00 48 8b 05 20 69 e1 00 83 b8
0x00007ffe2ef57a02:   70 03 00 00 02 75 36 41 8d 51 f0 41 83 f9 10 0f
0x00007ffe2ef57a12:   83 2d 01 00 00 4a 8d 04 cd 21 00 00 00 49 03 c1
0x00007ffe2ef57a22:   48 8d 04 c3 48 85 c0 0f 85 03 01 00 00 49 8b ca
0x00007ffe2ef57a32:   48 3b 8d 98 58 03 00 0f 87 fe 97 94 00 48 8d 93
0x00007ffe2ef57a42:   08 01 00 00 4c 39 93 48 06 00 00 0f 85 69 99 94
0x00007ffe2ef57a52:   00 44 8b 9f c8 01 00 00 48 8b 87 e0 01 00 00 4c
0x00007ffe2ef57a62:   8b 10 44 8b 87 c8 01 00 00 41 83 f8 10 0f 83 fc
0x00007ffe2ef57a72:   00 00 00 4b 8d 0c c0 48 8d 04 ca 48 85 c0 0f 85
0x00007ffe2ef57a82:   b5 00 00 00 33 c9 49 3b ca 0f 86 11 01 00 00 45
0x00007ffe2ef57a92:   33 d2 48 8b 87 78 02 00 00 48 89 06 48 89 9f 78
0x00007ffe2ef57aa2:   02 00 00 ff 87 80 02 00 00 48 8b 43 08 48 8b 88
0x00007ffe2ef57ab2:   18 01 00 00 48 81 e1 00 00 ff ff 48 81 c1 00 00
0x00007ffe2ef57ac2:   01 00 48 01 8f 88 02 00 00 48 8b 43 08 48 8b 88
0x00007ffe2ef57ad2:   18 01 00 00 48 01 8f a0 02 00 00 4d 85 ed 0f 85
0x00007ffe2ef57ae2:   f6 fe ff ff 45 84 f6 44 8a a4 24 98 00 00 00 0f
0x00007ffe2ef57af2:   85 11 99 94 00 48 8b 9c 24 80 00 00 00 48 8b cf
0x00007ffe2ef57b02:   45 84 e4 0f 85 30 02 00 00 e8 d0 fa ff ff 90 48
0x00007ffe2ef57b12:   8b cb 48 8b 9c 24 88 00 00 00 48 83 c4 40 41 5f
0x00007ffe2ef57b22:   41 5e 41 5d 41 5c 5f 5e 5d 48 ff 25 ee 46 a9 00 


Stack slot to memory mapping:
stack at sp + 0 slots: 0x00000266f401a150 points into unknown readable memory: 0xffffffffffffffff | ff ff ff ff ff ff ff ff
stack at sp + 1 slots: 0x0 is NULL
stack at sp + 2 slots: 0x02832f8902a09388 is an unknown value
stack at sp + 3 slots: 0x00007fff337143e4 ntdll.dll
stack at sp + 4 slots: 0x02933d8a02f00f8a is an unknown value
stack at sp + 5 slots: 0x02005d8a02864b8a is an unknown value
stack at sp + 6 slots: 0x02a2888a0093808a is an unknown value
stack at sp + 7 slots: 0x00e3fa8a02489c8a is an unknown value

VM_Operation (0x000000721fffe8e0): Exit, mode: safepoint, requested by thread 0x00000266f3e57630


---------------  P R O C E S S  ---------------

Threads class SMR info:
_java_thread_list=0x00000266f3f06e60, length=17, elements={
0x00000266ace56a20, 0x00000266ace573e0, 0x00000266ace64860, 0x00000266ace69230,
0x00000266ace6bc00, 0x00000266ace6c5c0, 0x00000266ace6d360, 0x00000266ace6de10,
0x00000266ace6e810, 0x00000266ace3e340, 0x00000266ad81bff0, 0x00000266ad81c4d0,
0x00000266ad97fe10, 0x00000266f3e58050, 0x00000266f3e57630, 0x00000266f3e57120,
0x00000266f59a2310
}

Java Threads: ( => current thread )
  0x00000266ace56a20 JavaThread "Reference Handler" daemon [_thread_blocked, id=464, stack(0x000000721e000000,0x000000721e100000)]
  0x00000266ace573e0 JavaThread "Finalizer" daemon [_thread_blocked, id=16728, stack(0x000000721e100000,0x000000721e200000)]
  0x00000266ace64860 JavaThread "Signal Dispatcher" daemon [_thread_blocked, id=8904, stack(0x000000721e200000,0x000000721e300000)]
  0x00000266ace69230 JavaThread "Attach Listener" daemon [_thread_blocked, id=20600, stack(0x000000721e300000,0x000000721e400000)]
  0x00000266ace6bc00 JavaThread "Service Thread" daemon [_thread_blocked, id=19040, stack(0x000000721e400000,0x000000721e500000)]
  0x00000266ace6c5c0 JavaThread "Monitor Deflation Thread" daemon [_thread_blocked, id=12360, stack(0x000000721e500000,0x000000721e600000)]
  0x00000266ace6d360 JavaThread "C2 CompilerThread0" daemon [_thread_blocked, id=22532, stack(0x000000721e600000,0x000000721e700000)]
  0x00000266ace6de10 JavaThread "C1 CompilerThread0" daemon [_thread_blocked, id=2680, stack(0x000000721e700000,0x000000721e800000)]
  0x00000266ace6e810 JavaThread "Sweeper thread" daemon [_thread_blocked, id=12656, stack(0x000000721e800000,0x000000721e900000)]
  0x00000266ace3e340 JavaThread "Common-Cleaner" daemon [_thread_blocked, id=4296, stack(0x000000721e900000,0x000000721ea00000)]
  0x00000266ad81bff0 JavaThread "Monitor Ctrl-Break" daemon [_thread_in_native, id=11588, stack(0x000000721ea00000,0x000000721eb00000)]
  0x00000266ad81c4d0 JavaThread "Notification Thread" daemon [_thread_blocked, id=20160, stack(0x000000721eb00000,0x000000721ec00000)]
  0x00000266ad97fe10 JavaThread "Java2D Disposer" daemon [_thread_blocked, id=4276, stack(0x000000721ed00000,0x000000721ee00000)]
  0x00000266f3e58050 JavaThread "HighResTimerThread" daemon [_thread_blocked, id=10512, stack(0x000000721ee00000,0x000000721ef00000)]
  0x00000266f3e57630 JavaThread "main-FPSAWTAnimator#00-Timer0" [_thread_blocked, id=19280, stack(0x000000721ff00000,0x0000007220000000)]
  0x00000266f3e57120 JavaThread "DestroyJavaVM" [_thread_blocked, id=8524, stack(0x000000721d900000,0x000000721da00000)]
  0x00000266f59a2310 JavaThread "AWT-Shutdown" [_thread_blocked, id=3856, stack(0x0000007220500000,0x0000007220600000)]

Other Threads:
=>0x00000266ace50040 VMThread "VM Thread" [stack: 0x000000721df00000,0x000000721e000000] [id=11168]
  0x000002668f374e10 GCTaskThread "GC Thread#0" [stack: 0x000000721da00000,0x000000721db00000] [id=10128]
  0x00000266f4cdb1f0 GCTaskThread "GC Thread#1" [stack: 0x000000721f700000,0x000000721f800000] [id=22092]
  0x00000266f4cdb4b0 GCTaskThread "GC Thread#2" [stack: 0x000000721f800000,0x000000721f900000] [id=3056]
  0x00000266f4cdb770 GCTaskThread "GC Thread#3" [stack: 0x000000721f900000,0x000000721fa00000] [id=19844]
  0x00000266f4cdba30 GCTaskThread "GC Thread#4" [stack: 0x000000721fa00000,0x000000721fb00000] [id=20240]
  0x00000266f4cdbcf0 GCTaskThread "GC Thread#5" [stack: 0x000000721fb00000,0x000000721fc00000] [id=23364]
  0x00000266f4cfccb0 GCTaskThread "GC Thread#6" [stack: 0x000000721fc00000,0x000000721fd00000] [id=22680]
  0x00000266f4cfcf70 GCTaskThread "GC Thread#7" [stack: 0x000000721fd00000,0x000000721fe00000] [id=7460]
  0x000002668f385970 ConcurrentGCThread "G1 Main Marker" terminated
  0x000002668f386390 ConcurrentGCThread "G1 Conc#0" [stack: 0x000000721dc00000,0x000000721dd00000] [id=8788]
  0x000002668f3c2cb0 ConcurrentGCThread "G1 Refine#0" terminated
  0x000002668f3c34f0 ConcurrentGCThread "G1 Service" terminated

Threads with active compile tasks:

VM state: at safepoint (shutting down)

VM Mutex/Monitor currently owned by a thread:  ([mutex/lock_event])
[0x000002668f317fa0] Threads_lock - owner thread: 0x00000266ace50040
[0x000002668f316a40] Heap_lock - owner thread: 0x00000266f3e57630

Heap address: 0x0000000085000000, size: 1968 MB, Compressed Oops mode: 32-bit

CDS archive(s) mapped at: [0x00000266ae000000-0x00000266aebb0000-0x00000266aebb0000), size 12255232, SharedBaseAddress: 0x00000266ae000000, ArchiveRelocationMode: 1.
Compressed class space mapped at: 0x00000266af000000-0x00000266ef000000, reserved size: 1073741824
Narrow klass base: 0x00000266ae000000, Narrow klass shift: 0, Narrow klass range: 0x100000000

GC Precious Log:
 CPUs: 8 total, 8 available
 Memory: 7865M
 Large Page Support: Disabled
 NUMA Support: Disabled
 Compressed Oops: Enabled (32-bit)
 Heap Region Size: 1M
 Heap Min Capacity: 8M
 Heap Initial Capacity: 124M
 Heap Max Capacity: 1968M
 Pre-touch: Disabled
 Parallel Workers: 8
 Concurrent Workers: 2
 Concurrent Refinement Workers: 8
 Periodic GC: Disabled

Heap:
 garbage-first heap   total 126976K, used 26853K [0x0000000085000000, 0x0000000100000000)
  region size 1024K, 25 young (25600K), 5 survivors (5120K)
 Metaspace       used 15176K, committed 15488K, reserved 1114112K
  class space    used 1115K, committed 1280K, reserved 1048576K

Heap Regions: E=young(eden), S=young(survivor), O=old, HS=humongous(starts), HC=humongous(continues), CS=collection set, F=free, OA=open archive, CA=closed archive, TAMS=top-at-mark-start (previous, next)
|   0|0x0000000085000000, 0x0000000085100000, 0x0000000085100000|100%| O|  |TAMS 0x0000000085000000, 0x0000000085000000| Untracked 
|   1|0x0000000085100000, 0x0000000085200000, 0x0000000085200000|100%| O|  |TAMS 0x0000000085100000, 0x0000000085100000| Untracked 
|   2|0x0000000085200000, 0x0000000085291c00, 0x0000000085300000| 56%| O|  |TAMS 0x0000000085200000, 0x0000000085200000| Untracked 
|   3|0x0000000085300000, 0x0000000085300000, 0x0000000085400000|  0%| F|  |TAMS 0x0000000085300000, 0x0000000085300000| Untracked 
|   4|0x0000000085400000, 0x0000000085400000, 0x0000000085500000|  0%| F|  |TAMS 0x0000000085400000, 0x0000000085400000| Untracked 
|   5|0x0000000085500000, 0x0000000085500000, 0x0000000085600000|  0%| F|  |TAMS 0x0000000085500000, 0x0000000085500000| Untracked 
|   6|0x0000000085600000, 0x0000000085600000, 0x0000000085700000|  0%| F|  |TAMS 0x0000000085600000, 0x0000000085600000| Untracked 
|   7|0x0000000085700000, 0x0000000085700000, 0x0000000085800000|  0%| F|  |TAMS 0x0000000085700000, 0x0000000085700000| Untracked 
|   8|0x0000000085800000, 0x0000000085800000, 0x0000000085900000|  0%| F|  |TAMS 0x0000000085800000, 0x0000000085800000| Untracked 
|   9|0x0000000085900000, 0x0000000085900000, 0x0000000085a00000|  0%| F|  |TAMS 0x0000000085900000, 0x0000000085900000| Untracked 
|  10|0x0000000085a00000, 0x0000000085a00000, 0x0000000085b00000|  0%| F|  |TAMS 0x0000000085a00000, 0x0000000085a00000| Untracked 
|  11|0x0000000085b00000, 0x0000000085b00000, 0x0000000085c00000|  0%| F|  |TAMS 0x0000000085b00000, 0x0000000085b00000| Untracked 
|  12|0x0000000085c00000, 0x0000000085c00000, 0x0000000085d00000|  0%| F|  |TAMS 0x0000000085c00000, 0x0000000085c00000| Untracked 
|  13|0x0000000085d00000, 0x0000000085d00000, 0x0000000085e00000|  0%| F|  |TAMS 0x0000000085d00000, 0x0000000085d00000| Untracked 
|  14|0x0000000085e00000, 0x0000000085e00000, 0x0000000085f00000|  0%| F|  |TAMS 0x0000000085e00000, 0x0000000085e00000| Untracked 
|  15|0x0000000085f00000, 0x0000000085f00000, 0x0000000086000000|  0%| F|  |TAMS 0x0000000085f00000, 0x0000000085f00000| Untracked 
|  16|0x0000000086000000, 0x0000000086000000, 0x0000000086100000|  0%| F|  |TAMS 0x0000000086000000, 0x0000000086000000| Untracked 
|  17|0x0000000086100000, 0x0000000086100000, 0x0000000086200000|  0%| F|  |TAMS 0x0000000086100000, 0x0000000086100000| Untracked 
|  18|0x0000000086200000, 0x0000000086200000, 0x0000000086300000|  0%| F|  |TAMS 0x0000000086200000, 0x0000000086200000| Untracked 
|  19|0x0000000086300000, 0x0000000086300000, 0x0000000086400000|  0%| F|  |TAMS 0x0000000086300000, 0x0000000086300000| Untracked 
|  20|0x0000000086400000, 0x0000000086400000, 0x0000000086500000|  0%| F|  |TAMS 0x0000000086400000, 0x0000000086400000| Untracked 
|  21|0x0000000086500000, 0x0000000086500000, 0x0000000086600000|  0%| F|  |TAMS 0x0000000086500000, 0x0000000086500000| Untracked 
|  22|0x0000000086600000, 0x0000000086600000, 0x0000000086700000|  0%| F|  |TAMS 0x0000000086600000, 0x0000000086600000| Untracked 
|  23|0x0000000086700000, 0x0000000086700000, 0x0000000086800000|  0%| F|  |TAMS 0x0000000086700000, 0x0000000086700000| Untracked 
|  24|0x0000000086800000, 0x0000000086800000, 0x0000000086900000|  0%| F|  |TAMS 0x0000000086800000, 0x0000000086800000| Untracked 
|  25|0x0000000086900000, 0x0000000086900000, 0x0000000086a00000|  0%| F|  |TAMS 0x0000000086900000, 0x0000000086900000| Untracked 
|  26|0x0000000086a00000, 0x0000000086a00000, 0x0000000086b00000|  0%| F|  |TAMS 0x0000000086a00000, 0x0000000086a00000| Untracked 
|  27|0x0000000086b00000, 0x0000000086b00000, 0x0000000086c00000|  0%| F|  |TAMS 0x0000000086b00000, 0x0000000086b00000| Untracked 
|  28|0x0000000086c00000, 0x0000000086c00000, 0x0000000086d00000|  0%| F|  |TAMS 0x0000000086c00000, 0x0000000086c00000| Untracked 
|  29|0x0000000086d00000, 0x0000000086d00000, 0x0000000086e00000|  0%| F|  |TAMS 0x0000000086d00000, 0x0000000086d00000| Untracked 
|  30|0x0000000086e00000, 0x0000000086e00000, 0x0000000086f00000|  0%| F|  |TAMS 0x0000000086e00000, 0x0000000086e00000| Untracked 
|  31|0x0000000086f00000, 0x0000000086f00000, 0x0000000087000000|  0%| F|  |TAMS 0x0000000086f00000, 0x0000000086f00000| Untracked 
|  32|0x0000000087000000, 0x0000000087000000, 0x0000000087100000|  0%| F|  |TAMS 0x0000000087000000, 0x0000000087000000| Untracked 
|  33|0x0000000087100000, 0x0000000087100000, 0x0000000087200000|  0%| F|  |TAMS 0x0000000087100000, 0x0000000087100000| Untracked 
|  34|0x0000000087200000, 0x0000000087200000, 0x0000000087300000|  0%| F|  |TAMS 0x0000000087200000, 0x0000000087200000| Untracked 
|  35|0x0000000087300000, 0x0000000087300000, 0x0000000087400000|  0%| F|  |TAMS 0x0000000087300000, 0x0000000087300000| Untracked 
|  36|0x0000000087400000, 0x0000000087400000, 0x0000000087500000|  0%| F|  |TAMS 0x0000000087400000, 0x0000000087400000| Untracked 
|  37|0x0000000087500000, 0x0000000087500000, 0x0000000087600000|  0%| F|  |TAMS 0x0000000087500000, 0x0000000087500000| Untracked 
|  38|0x0000000087600000, 0x0000000087600000, 0x0000000087700000|  0%| F|  |TAMS 0x0000000087600000, 0x0000000087600000| Untracked 
|  39|0x0000000087700000, 0x0000000087700000, 0x0000000087800000|  0%| F|  |TAMS 0x0000000087700000, 0x0000000087700000| Untracked 
|  40|0x0000000087800000, 0x0000000087800000, 0x0000000087900000|  0%| F|  |TAMS 0x0000000087800000, 0x0000000087800000| Untracked 
|  41|0x0000000087900000, 0x0000000087900000, 0x0000000087a00000|  0%| F|  |TAMS 0x0000000087900000, 0x0000000087900000| Untracked 
|  42|0x0000000087a00000, 0x0000000087a00000, 0x0000000087b00000|  0%| F|  |TAMS 0x0000000087a00000, 0x0000000087a00000| Untracked 
|  43|0x0000000087b00000, 0x0000000087b00000, 0x0000000087c00000|  0%| F|  |TAMS 0x0000000087b00000, 0x0000000087b00000| Untracked 
|  44|0x0000000087c00000, 0x0000000087c00000, 0x0000000087d00000|  0%| F|  |TAMS 0x0000000087c00000, 0x0000000087c00000| Untracked 
|  45|0x0000000087d00000, 0x0000000087d00000, 0x0000000087e00000|  0%| F|  |TAMS 0x0000000087d00000, 0x0000000087d00000| Untracked 
|  46|0x0000000087e00000, 0x0000000087e00000, 0x0000000087f00000|  0%| F|  |TAMS 0x0000000087e00000, 0x0000000087e00000| Untracked 
|  47|0x0000000087f00000, 0x0000000087f00000, 0x0000000088000000|  0%| F|  |TAMS 0x0000000087f00000, 0x0000000087f00000| Untracked 
|  48|0x0000000088000000, 0x0000000088000000, 0x0000000088100000|  0%| F|  |TAMS 0x0000000088000000, 0x0000000088000000| Untracked 
|  49|0x0000000088100000, 0x0000000088100000, 0x0000000088200000|  0%| F|  |TAMS 0x0000000088100000, 0x0000000088100000| Untracked 
|  50|0x0000000088200000, 0x0000000088200000, 0x0000000088300000|  0%| F|  |TAMS 0x0000000088200000, 0x0000000088200000| Untracked 
|  51|0x0000000088300000, 0x0000000088300000, 0x0000000088400000|  0%| F|  |TAMS 0x0000000088300000, 0x0000000088300000| Untracked 
|  52|0x0000000088400000, 0x0000000088400000, 0x0000000088500000|  0%| F|  |TAMS 0x0000000088400000, 0x0000000088400000| Untracked 
|  53|0x0000000088500000, 0x0000000088500000, 0x0000000088600000|  0%| F|  |TAMS 0x0000000088500000, 0x0000000088500000| Untracked 
|  54|0x0000000088600000, 0x0000000088600000, 0x0000000088700000|  0%| F|  |TAMS 0x0000000088600000, 0x0000000088600000| Untracked 
|  55|0x0000000088700000, 0x0000000088700000, 0x0000000088800000|  0%| F|  |TAMS 0x0000000088700000, 0x0000000088700000| Untracked 
|  56|0x0000000088800000, 0x0000000088800000, 0x0000000088900000|  0%| F|  |TAMS 0x0000000088800000, 0x0000000088800000| Untracked 
|  57|0x0000000088900000, 0x0000000088900000, 0x0000000088a00000|  0%| F|  |TAMS 0x0000000088900000, 0x0000000088900000| Untracked 
|  58|0x0000000088a00000, 0x0000000088a00000, 0x0000000088b00000|  0%| F|  |TAMS 0x0000000088a00000, 0x0000000088a00000| Untracked 
|  59|0x0000000088b00000, 0x0000000088b00000, 0x0000000088c00000|  0%| F|  |TAMS 0x0000000088b00000, 0x0000000088b00000| Untracked 
|  60|0x0000000088c00000, 0x0000000088c00000, 0x0000000088d00000|  0%| F|  |TAMS 0x0000000088c00000, 0x0000000088c00000| Untracked 
|  61|0x0000000088d00000, 0x0000000088d00000, 0x0000000088e00000|  0%| F|  |TAMS 0x0000000088d00000, 0x0000000088d00000| Untracked 
|  62|0x0000000088e00000, 0x0000000088e00000, 0x0000000088f00000|  0%| F|  |TAMS 0x0000000088e00000, 0x0000000088e00000| Untracked 
|  63|0x0000000088f00000, 0x0000000088f00000, 0x0000000089000000|  0%| F|  |TAMS 0x0000000088f00000, 0x0000000088f00000| Untracked 
|  64|0x0000000089000000, 0x0000000089000000, 0x0000000089100000|  0%| F|  |TAMS 0x0000000089000000, 0x0000000089000000| Untracked 
|  65|0x0000000089100000, 0x0000000089100000, 0x0000000089200000|  0%| F|  |TAMS 0x0000000089100000, 0x0000000089100000| Untracked 
|  66|0x0000000089200000, 0x0000000089200000, 0x0000000089300000|  0%| F|  |TAMS 0x0000000089200000, 0x0000000089200000| Untracked 
|  67|0x0000000089300000, 0x0000000089300000, 0x0000000089400000|  0%| F|  |TAMS 0x0000000089300000, 0x0000000089300000| Untracked 
|  68|0x0000000089400000, 0x0000000089400000, 0x0000000089500000|  0%| F|  |TAMS 0x0000000089400000, 0x0000000089400000| Untracked 
|  69|0x0000000089500000, 0x0000000089500000, 0x0000000089600000|  0%| F|  |TAMS 0x0000000089500000, 0x0000000089500000| Untracked 
|  70|0x0000000089600000, 0x0000000089600000, 0x0000000089700000|  0%| F|  |TAMS 0x0000000089600000, 0x0000000089600000| Untracked 
|  71|0x0000000089700000, 0x0000000089700000, 0x0000000089800000|  0%| F|  |TAMS 0x0000000089700000, 0x0000000089700000| Untracked 
|  72|0x0000000089800000, 0x0000000089800000, 0x0000000089900000|  0%| F|  |TAMS 0x0000000089800000, 0x0000000089800000| Untracked 
|  73|0x0000000089900000, 0x0000000089900000, 0x0000000089a00000|  0%| F|  |TAMS 0x0000000089900000, 0x0000000089900000| Untracked 
|  74|0x0000000089a00000, 0x0000000089a00000, 0x0000000089b00000|  0%| F|  |TAMS 0x0000000089a00000, 0x0000000089a00000| Untracked 
|  75|0x0000000089b00000, 0x0000000089b00000, 0x0000000089c00000|  0%| F|  |TAMS 0x0000000089b00000, 0x0000000089b00000| Untracked 
|  76|0x0000000089c00000, 0x0000000089c00000, 0x0000000089d00000|  0%| F|  |TAMS 0x0000000089c00000, 0x0000000089c00000| Untracked 
|  77|0x0000000089d00000, 0x0000000089d00000, 0x0000000089e00000|  0%| F|  |TAMS 0x0000000089d00000, 0x0000000089d00000| Untracked 
|  78|0x0000000089e00000, 0x0000000089e00000, 0x0000000089f00000|  0%| F|  |TAMS 0x0000000089e00000, 0x0000000089e00000| Untracked 
|  79|0x0000000089f00000, 0x0000000089f00000, 0x000000008a000000|  0%| F|  |TAMS 0x0000000089f00000, 0x0000000089f00000| Untracked 
|  80|0x000000008a000000, 0x000000008a000000, 0x000000008a100000|  0%| F|  |TAMS 0x000000008a000000, 0x000000008a000000| Untracked 
|  81|0x000000008a100000, 0x000000008a100000, 0x000000008a200000|  0%| F|  |TAMS 0x000000008a100000, 0x000000008a100000| Untracked 
|  82|0x000000008a200000, 0x000000008a200000, 0x000000008a300000|  0%| F|  |TAMS 0x000000008a200000, 0x000000008a200000| Untracked 
|  83|0x000000008a300000, 0x000000008a3a7b40, 0x000000008a400000| 65%| S|CS|TAMS 0x000000008a300000, 0x000000008a300000| Complete 
|  84|0x000000008a400000, 0x000000008a500000, 0x000000008a500000|100%| S|CS|TAMS 0x000000008a400000, 0x000000008a400000| Complete 
|  85|0x000000008a500000, 0x000000008a600000, 0x000000008a600000|100%| S|CS|TAMS 0x000000008a500000, 0x000000008a500000| Complete 
|  86|0x000000008a600000, 0x000000008a700000, 0x000000008a700000|100%| S|CS|TAMS 0x000000008a600000, 0x000000008a600000| Complete 
|  87|0x000000008a700000, 0x000000008a800000, 0x000000008a800000|100%| S|CS|TAMS 0x000000008a700000, 0x000000008a700000| Complete 
|  88|0x000000008a800000, 0x000000008a800000, 0x000000008a900000|  0%| F|  |TAMS 0x000000008a800000, 0x000000008a800000| Untracked 
|  89|0x000000008a900000, 0x000000008a900000, 0x000000008aa00000|  0%| F|  |TAMS 0x000000008a900000, 0x000000008a900000| Untracked 
|  90|0x000000008aa00000, 0x000000008aa00000, 0x000000008ab00000|  0%| F|  |TAMS 0x000000008aa00000, 0x000000008aa00000| Untracked 
|  91|0x000000008ab00000, 0x000000008ab00000, 0x000000008ac00000|  0%| F|  |TAMS 0x000000008ab00000, 0x000000008ab00000| Untracked 
|  92|0x000000008ac00000, 0x000000008ac00000, 0x000000008ad00000|  0%| F|  |TAMS 0x000000008ac00000, 0x000000008ac00000| Untracked 
|  93|0x000000008ad00000, 0x000000008ad00000, 0x000000008ae00000|  0%| F|  |TAMS 0x000000008ad00000, 0x000000008ad00000| Untracked 
|  94|0x000000008ae00000, 0x000000008ae00000, 0x000000008af00000|  0%| F|  |TAMS 0x000000008ae00000, 0x000000008ae00000| Untracked 
|  95|0x000000008af00000, 0x000000008af00000, 0x000000008b000000|  0%| F|  |TAMS 0x000000008af00000, 0x000000008af00000| Untracked 
|  96|0x000000008b000000, 0x000000008b000000, 0x000000008b100000|  0%| F|  |TAMS 0x000000008b000000, 0x000000008b000000| Untracked 
|  97|0x000000008b100000, 0x000000008b100000, 0x000000008b200000|  0%| F|  |TAMS 0x000000008b100000, 0x000000008b100000| Untracked 
|  98|0x000000008b200000, 0x000000008b200000, 0x000000008b300000|  0%| F|  |TAMS 0x000000008b200000, 0x000000008b200000| Untracked 
|  99|0x000000008b300000, 0x000000008b300000, 0x000000008b400000|  0%| F|  |TAMS 0x000000008b300000, 0x000000008b300000| Untracked 
| 100|0x000000008b400000, 0x000000008b400000, 0x000000008b500000|  0%| F|  |TAMS 0x000000008b400000, 0x000000008b400000| Untracked 
| 101|0x000000008b500000, 0x000000008b500000, 0x000000008b600000|  0%| F|  |TAMS 0x000000008b500000, 0x000000008b500000| Untracked 
| 102|0x000000008b600000, 0x000000008b600000, 0x000000008b700000|  0%| F|  |TAMS 0x000000008b600000, 0x000000008b600000| Untracked 
| 103|0x000000008b700000, 0x000000008b700000, 0x000000008b800000|  0%| F|  |TAMS 0x000000008b700000, 0x000000008b700000| Untracked 
| 104|0x000000008b800000, 0x000000008b880800, 0x000000008b900000| 50%| E|  |TAMS 0x000000008b800000, 0x000000008b800000| Complete 
| 105|0x000000008b900000, 0x000000008ba00000, 0x000000008ba00000|100%| E|CS|TAMS 0x000000008b900000, 0x000000008b900000| Complete 
| 106|0x000000008ba00000, 0x000000008bb00000, 0x000000008bb00000|100%| E|CS|TAMS 0x000000008ba00000, 0x000000008ba00000| Complete 
| 107|0x000000008bb00000, 0x000000008bc00000, 0x000000008bc00000|100%| E|CS|TAMS 0x000000008bb00000, 0x000000008bb00000| Complete 
| 108|0x000000008bc00000, 0x000000008bd00000, 0x000000008bd00000|100%| E|CS|TAMS 0x000000008bc00000, 0x000000008bc00000| Complete 
| 109|0x000000008bd00000, 0x000000008be00000, 0x000000008be00000|100%| E|CS|TAMS 0x000000008bd00000, 0x000000008bd00000| Complete 
| 110|0x000000008be00000, 0x000000008bf00000, 0x000000008bf00000|100%| E|CS|TAMS 0x000000008be00000, 0x000000008be00000| Complete 
| 111|0x000000008bf00000, 0x000000008c000000, 0x000000008c000000|100%| E|CS|TAMS 0x000000008bf00000, 0x000000008bf00000| Complete 
| 112|0x000000008c000000, 0x000000008c100000, 0x000000008c100000|100%| E|CS|TAMS 0x000000008c000000, 0x000000008c000000| Complete 
| 113|0x000000008c100000, 0x000000008c200000, 0x000000008c200000|100%| E|CS|TAMS 0x000000008c100000, 0x000000008c100000| Complete 
| 114|0x000000008c200000, 0x000000008c300000, 0x000000008c300000|100%| E|CS|TAMS 0x000000008c200000, 0x000000008c200000| Complete 
| 115|0x000000008c300000, 0x000000008c400000, 0x000000008c400000|100%| E|CS|TAMS 0x000000008c300000, 0x000000008c300000| Complete 
| 116|0x000000008c400000, 0x000000008c500000, 0x000000008c500000|100%| E|CS|TAMS 0x000000008c400000, 0x000000008c400000| Complete 
| 117|0x000000008c500000, 0x000000008c600000, 0x000000008c600000|100%| E|CS|TAMS 0x000000008c500000, 0x000000008c500000| Complete 
| 118|0x000000008c600000, 0x000000008c700000, 0x000000008c700000|100%| E|CS|TAMS 0x000000008c600000, 0x000000008c600000| Complete 
| 119|0x000000008c700000, 0x000000008c800000, 0x000000008c800000|100%| E|CS|TAMS 0x000000008c700000, 0x000000008c700000| Complete 
| 120|0x000000008c800000, 0x000000008c900000, 0x000000008c900000|100%| E|CS|TAMS 0x000000008c800000, 0x000000008c800000| Complete 
| 121|0x000000008c900000, 0x000000008ca00000, 0x000000008ca00000|100%| E|CS|TAMS 0x000000008c900000, 0x000000008c900000| Complete 
| 122|0x000000008ca00000, 0x000000008cb00000, 0x000000008cb00000|100%| E|CS|TAMS 0x000000008ca00000, 0x000000008ca00000| Complete 
| 123|0x000000008cb00000, 0x000000008cc00000, 0x000000008cc00000|100%| E|CS|TAMS 0x000000008cb00000, 0x000000008cb00000| Complete 

Card table byte_map: [0x00000266a6540000,0x00000266a6920000] _byte_map_base: 0x00000266a6118000

Marking Bits (Prev, Next): (CMBitMap*) 0x000002668f375430, (CMBitMap*) 0x000002668f375470
 Prev Bits: [0x00000266a6d00000, 0x00000266a8bc0000)
 Next Bits: [0x00000266a8bc0000, 0x00000266aaa80000)

Polling page: 0x000002668d300000

Metaspace:

Usage:
  Non-class:     13.73 MB used.
      Class:      1.09 MB used.
       Both:     14.82 MB used.

Virtual space:
  Non-class space:       64.00 MB reserved,      13.88 MB ( 22%) committed,  1 nodes.
      Class space:        1.00 GB reserved,       1.25 MB ( <1%) committed,  1 nodes.
             Both:        1.06 GB reserved,      15.12 MB (  1%) committed. 

Chunk freelists:
   Non-Class:  1.92 MB
       Class:  14.79 MB
        Both:  16.71 MB

MaxMetaspaceSize: unlimited
CompressedClassSpaceSize: 1.00 GB
Initial GC threshold: 21.00 MB
Current GC threshold: 21.00 MB
CDS: on
MetaspaceReclaimPolicy: balanced
 - commit_granule_bytes: 65536.
 - commit_granule_words: 8192.
 - virtual_space_node_default_size: 8388608.
 - enlarge_chunks_in_place: 1.
 - new_chunks_are_fully_committed: 0.
 - uncommit_free_chunks: 1.
 - use_allocation_guard: 0.
 - handle_deallocations: 1.


Internal statistics:

num_allocs_failed_limit: 0.
num_arena_births: 190.
num_arena_deaths: 0.
num_vsnodes_births: 2.
num_vsnodes_deaths: 0.
num_space_committed: 238.
num_space_uncommitted: 0.
num_chunks_returned_to_freelist: 0.
num_chunks_taken_from_freelist: 500.
num_chunk_merges: 0.
num_chunk_splits: 389.
num_chunks_enlarged: 298.
num_inconsistent_stats: 0.

CodeHeap 'non-profiled nmethods': size=120000Kb used=1735Kb max_used=1735Kb free=118264Kb
 bounds [0x000002669e900000, 0x000002669eb70000, 0x00000266a5e30000]
CodeHeap 'profiled nmethods': size=120000Kb used=5148Kb max_used=5148Kb free=114851Kb
 bounds [0x0000026696e30000, 0x0000026697340000, 0x000002669e360000]
CodeHeap 'non-nmethods': size=5760Kb used=1586Kb max_used=1633Kb free=4173Kb
 bounds [0x000002669e360000, 0x000002669e5d0000, 0x000002669e900000]
 total_blobs=3597 nmethods=2609 adapters=901
 compilation: enabled
              stopped_count=0, restarted_count=0
 full_count=0

Compilation events (20 events):
Event: 25.942 Thread 0x00000266ace6d360 2600       4       jdk.internal.math.FloatingDecimal$BinaryToASCIIBuffer::dtoa (1509 bytes)
Event: 25.967 Thread 0x00000266ace6d360 nmethod 2600 0x000002669eaa3c10 code [0x000002669eaa3e20, 0x000002669eaa5138]
Event: 26.460 Thread 0x00000266ace6d360 2601       4       processing.opengl.PShapeOpenGL::renderPolys (755 bytes)
Event: 26.544 Thread 0x00000266ace6d360 nmethod 2601 0x000002669eaa5f10 code [0x000002669eaa6440, 0x000002669eaaa3a8]
Event: 26.544 Thread 0x00000266ace6d360 2602       4       processing.opengl.PGraphicsOpenGL::rotateZ (9 bytes)
Event: 26.548 Thread 0x00000266ace6d360 nmethod 2602 0x000002669eaade90 code [0x000002669eaae0a0, 0x000002669eaae5e8]
Event: 26.642 Thread 0x00000266ace6d360 2603       4       java.util.HashMap$ValueIterator::next (8 bytes)
Event: 26.646 Thread 0x00000266ace6d360 nmethod 2603 0x000002669eaae990 code [0x000002669eaaeb20, 0x000002669eaaef18]
Event: 27.392 Thread 0x00000266ace6d360 2604       4       java.util.HashMap::keySet (25 bytes)
Event: 27.394 Thread 0x00000266ace6d360 nmethod 2604 0x000002669eaaf090 code [0x000002669eaaf220, 0x000002669eaaf3d8]
Event: 28.376 Thread 0x00000266ace6d360 2605       4       processing.opengl.PGraphicsOpenGL::rotateY (9 bytes)
Event: 28.379 Thread 0x00000266ace6d360 nmethod 2605 0x000002669eaaf490 code [0x000002669eaaf6a0, 0x000002669eaafbe8]
Event: 28.576 Thread 0x00000266ace6d360 2606       4       processing.opengl.PGraphicsOpenGL::lightFalloff (16 bytes)
Event: 28.577 Thread 0x00000266ace6d360 nmethod 2606 0x000002669eaaff90 code [0x000002669eab0100, 0x000002669eab0198]
Event: 28.860 Thread 0x00000266ace6d360 2607       4       processing.opengl.PShader::setUniformValue (18 bytes)
Event: 28.862 Thread 0x00000266ace6d360 nmethod 2607 0x000002669eab0290 code [0x000002669eab0420, 0x000002669eab05c8]
Event: 29.444 Thread 0x00000266ace6d360 2608   !   4       jogamp.common.util.locks.RecursiveLockImpl01Unfairish::tryLock (582 bytes)
Event: 29.447 Thread 0x00000266ace6d360 nmethod 2608 0x000002669eab0790 code [0x000002669eab0920, 0x000002669eab0df8]
Event: 29.543 Thread 0x00000266ace6d360 2609       4       processing.opengl.PGraphicsOpenGL::unbindLineBuffers (23 bytes)
Event: 29.547 Thread 0x00000266ace6d360 nmethod 2609 0x000002669eab1010 code [0x000002669eab11e0, 0x000002669eab1658]

GC Heap History (4 events):
Event: 1.176 GC heap before
{Heap before GC invocations=0 (full 0):
 garbage-first heap   total 126976K, used 25600K [0x0000000085000000, 0x0000000100000000)
  region size 1024K, 23 young (23552K), 0 survivors (0K)
 Metaspace       used 11613K, committed 11776K, reserved 1114112K
  class space    used 849K, committed 960K, reserved 1048576K
}
Event: 1.192 GC heap after
{Heap after GC invocations=1 (full 0):
 garbage-first heap   total 126976K, used 2789K [0x0000000085000000, 0x0000000100000000)
  region size 1024K, 3 young (3072K), 3 survivors (3072K)
 Metaspace       used 11613K, committed 11776K, reserved 1114112K
  class space    used 849K, committed 960K, reserved 1048576K
}
Event: 2.757 GC heap before
{Heap before GC invocations=1 (full 0):
 garbage-first heap   total 126976K, used 36581K [0x0000000085000000, 0x0000000100000000)
  region size 1024K, 36 young (36864K), 3 survivors (3072K)
 Metaspace       used 14161K, committed 14400K, reserved 1114112K
  class space    used 1084K, committed 1216K, reserved 1048576K
}
Event: 2.767 GC heap after
{Heap after GC invocations=2 (full 0):
 garbage-first heap   total 126976K, used 7397K [0x0000000085000000, 0x0000000100000000)
  region size 1024K, 5 young (5120K), 5 survivors (5120K)
 Metaspace       used 14161K, committed 14400K, reserved 1114112K
  class space    used 1084K, committed 1216K, reserved 1048576K
}

Dll operation events (20 events):
Event: 0.008 Loaded shared library C:\Users\henry\.jdks\corretto-17.0.11\bin\java.dll
Event: 0.028 Loaded shared library C:\Users\henry\.jdks\corretto-17.0.11\bin\jsvml.dll
Event: 0.085 Loaded shared library C:\Users\henry\.jdks\corretto-17.0.11\bin\zip.dll
Event: 0.087 Loaded shared library C:\Users\henry\.jdks\corretto-17.0.11\bin\instrument.dll
Event: 0.094 Loaded shared library C:\Users\henry\.jdks\corretto-17.0.11\bin\net.dll
Event: 0.095 Loaded shared library C:\Users\henry\.jdks\corretto-17.0.11\bin\nio.dll
Event: 0.098 Loaded shared library C:\Users\henry\.jdks\corretto-17.0.11\bin\zip.dll
Event: 0.110 Loaded shared library C:\Program Files\JetBrains\IntelliJ IDEA 2024.1.1\bin\breakgen64.dll
Event: 0.121 Loaded shared library C:\Users\henry\.jdks\corretto-17.0.11\bin\extnet.dll
Event: 0.179 Loaded shared library C:\Users\henry\.jdks\corretto-17.0.11\bin\jimage.dll
Event: 0.182 Loaded shared library C:\Users\henry\.jdks\corretto-17.0.11\bin\awt.dll
Event: 0.605 Loaded shared library C:\Users\henry\IdeaProjects\RobotController\lib\gluegen_rt.dll
Event: 0.614 Loaded shared library C:\Users\henry\.jdks\corretto-17.0.11\bin\jawt.dll
Event: 0.617 Loaded shared library C:\Users\henry\IdeaProjects\RobotController\lib\nativewindow_awt.dll
Event: 0.654 Loaded shared library C:\Users\henry\IdeaProjects\RobotController\lib\nativewindow_win32.dll
Event: 0.667 Loaded shared library C:\Users\henry\IdeaProjects\RobotController\lib\newt_head.dll
Event: 0.910 Loaded shared library C:\Users\henry\IdeaProjects\RobotController\lib\jogl_desktop.dll
Event: 0.945 Loaded shared library C:\Users\henry\IdeaProjects\RobotController\lib\jogl_mobile.dll
Event: 2.017 Loaded shared library C:\Users\henry\.jdks\corretto-17.0.11\bin\freetype.dll
Event: 2.018 Loaded shared library C:\Users\henry\.jdks\corretto-17.0.11\bin\fontmanager.dll

Deoptimization events (20 events):
Event: 11.076 Thread 0x00000266f3e57630 DEOPT PACKING pc=0x0000026697309023 sp=0x000000721fffe4a0
Event: 11.076 Thread 0x00000266f3e57630 DEOPT UNPACKING pc=0x000002669e3bace3 sp=0x000000721fffd970 mode 0
Event: 11.127 Thread 0x00000266f3e57630 DEOPT PACKING pc=0x0000026697309023 sp=0x000000721fffe4a0
Event: 11.127 Thread 0x00000266f3e57630 DEOPT UNPACKING pc=0x000002669e3bace3 sp=0x000000721fffd970 mode 0
Event: 19.891 Thread 0x00000266f3e57630 Uncommon trap: trap_request=0xffffff45 fr.pc=0x000002669ea83e78 relative=0x0000000000000138
Event: 19.891 Thread 0x00000266f3e57630 Uncommon trap: reason=unstable_if action=reinterpret pc=0x000002669ea83e78 method=jdk.internal.math.FloatingDecimal.getBinaryToASCIIConverter(F)Ljdk/internal/math/FloatingDecimal$BinaryToASCIIConverter; @ 9 c2
Event: 19.891 Thread 0x00000266f3e57630 DEOPT PACKING pc=0x000002669ea83e78 sp=0x000000721fffe6f0
Event: 19.891 Thread 0x00000266f3e57630 DEOPT UNPACKING pc=0x000002669e3ba1a3 sp=0x000000721fffe660 mode 2
Event: 20.275 Thread 0x00000266f3e57630 Uncommon trap: trap_request=0xffffff45 fr.pc=0x000002669ea8a854 relative=0x0000000000000fb4
Event: 20.275 Thread 0x00000266f3e57630 Uncommon trap: reason=unstable_if action=reinterpret pc=0x000002669ea8a854 method=jdk.internal.math.FloatingDecimal$BinaryToASCIIBuffer.dtoa(IJIZ)V @ 522 c2
Event: 20.275 Thread 0x00000266f3e57630 DEOPT PACKING pc=0x000002669ea8a854 sp=0x000000721fffe640
Event: 20.275 Thread 0x00000266f3e57630 DEOPT UNPACKING pc=0x000002669e3ba1a3 sp=0x000000721fffe508 mode 2
Event: 29.578 Thread 0x00000266f59a4680 Uncommon trap: trap_request=0xffffffde fr.pc=0x000002669ea222ac relative=0x000000000000038c
Event: 29.578 Thread 0x00000266f59a4680 Uncommon trap: reason=class_check action=maybe_recompile pc=0x000002669ea222ac method=java.util.HashMap.removeNode(ILjava/lang/Object;Ljava/lang/Object;ZZ)Ljava/util/HashMap$Node; @ 283 c2
Event: 29.578 Thread 0x00000266f59a4680 DEOPT PACKING pc=0x000002669ea222ac sp=0x00000072202fef50
Event: 29.578 Thread 0x00000266f59a4680 DEOPT UNPACKING pc=0x000002669e3ba1a3 sp=0x00000072202feec8 mode 2
Event: 29.599 Thread 0x00000266f3e56700 Uncommon trap: trap_request=0xffffff45 fr.pc=0x000002669ea00be0 relative=0x0000000000000060
Event: 29.599 Thread 0x00000266f3e56700 Uncommon trap: reason=unstable_if action=reinterpret pc=0x000002669ea00be0 method=java.util.HashMap.values()Ljava/util/Collection; @ 6 c2
Event: 29.599 Thread 0x00000266f3e56700 DEOPT PACKING pc=0x000002669ea00be0 sp=0x000000721f2ff050
Event: 29.599 Thread 0x00000266f3e56700 DEOPT UNPACKING pc=0x000002669e3ba1a3 sp=0x000000721f2fefe8 mode 2

Classes unloaded (0 events):
No events

Classes redefined (0 events):
No events

Internal exceptions (20 events):
Event: 0.200 Thread 0x000002668f31b9c0 Exception <a 'java/io/FileNotFoundException'{0x000000008c78eff0}> (0x000000008c78eff0) 
thrown [s\src\hotspot\share\prims\jni.cpp, line 516]
Event: 0.392 Thread 0x000002668f31b9c0 Exception <a 'java/lang/NoSuchMethodError'{0x000000008c3fc2c0}: 'java.lang.Object java.lang.invoke.DirectMethodHandle$Holder.invokeStaticInit(java.lang.Object, int, int, int, int)'> (0x000000008c3fc2c0) 
thrown [s\src\hotspot\share\interpreter\linkResolver.cpp, line 759]
Event: 0.430 Thread 0x000002668f31b9c0 Exception <a 'java/lang/NoSuchMethodError'{0x000000008c289cd0}: 'java.lang.Object java.lang.invoke.DirectMethodHandle$Holder.invokeStaticInit(java.lang.Object, java.lang.Object, int, int, int, int)'> (0x000000008c289cd0) 
thrown [s\src\hotspot\share\interpreter\linkResolver.cpp, line 759]
Event: 0.603 Thread 0x000002668f31b9c0 Exception <a 'sun/nio/fs/WindowsException'{0x000000008c2be9e0}> (0x000000008c2be9e0) 
thrown [s\src\hotspot\share\prims\jni.cpp, line 516]
Event: 0.616 Thread 0x000002668f31b9c0 Exception <a 'sun/nio/fs/WindowsException'{0x000000008c107d18}> (0x000000008c107d18) 
thrown [s\src\hotspot\share\prims\jni.cpp, line 516]
Event: 0.632 Thread 0x000002668f31b9c0 Exception <a 'java/lang/NoSuchMethodError'{0x000000008c1571e8}: 'java.lang.Object java.lang.invoke.DirectMethodHandle$Holder.invokeInterface(java.lang.Object, java.lang.Object)'> (0x000000008c1571e8) 
thrown [s\src\hotspot\share\interpreter\linkResolver.cpp, line 759]
Event: 0.632 Thread 0x000002668f31b9c0 Exception <a 'java/lang/IncompatibleClassChangeError'{0x000000008c15a9e0}: Found class java.lang.Object, but interface was expected> (0x000000008c15a9e0) 
thrown [s\src\hotspot\share\interpreter\linkResolver.cpp, line 826]
Event: 1.715 Thread 0x000002668f31b9c0 Exception <a 'java/lang/NoSuchMethodError'{0x000000008c08fe30}: 'void java.lang.invoke.DirectMethodHandle$Holder.invokeSpecial(java.lang.Object, java.lang.Object, java.lang.Object, java.lang.Object, java.lang.Object)'> (0x000000008c08fe30) 
thrown [s\src\hotspot\share\interpreter\linkResolver.cpp, line 759]
Event: 1.717 Thread 0x000002668f31b9c0 Exception <a 'java/lang/NoSuchMethodError'{0x000000008c098ea0}: 'void java.lang.invoke.DirectMethodHandle$Holder.invokeSpecial(java.lang.Object, java.lang.Object, java.lang.Object)'> (0x000000008c098ea0) 
thrown [s\src\hotspot\share\interpreter\linkResolver.cpp, line 759]
Event: 1.719 Thread 0x000002668f31b9c0 Exception <a 'java/lang/NoSuchMethodError'{0x000000008c0a1ef0}: 'void java.lang.invoke.DirectMethodHandle$Holder.invokeSpecial(java.lang.Object, java.lang.Object, int)'> (0x000000008c0a1ef0) 
thrown [s\src\hotspot\share\interpreter\linkResolver.cpp, line 759]
Event: 1.720 Thread 0x000002668f31b9c0 Exception <a 'java/lang/NoSuchMethodError'{0x000000008c0a7f10}: 'java.lang.Object java.lang.invoke.DirectMethodHandle$Holder.newInvokeSpecial(java.lang.Object, java.lang.Object, int)'> (0x000000008c0a7f10) 
thrown [s\src\hotspot\share\interpreter\linkResolver.cpp, line 759]
Event: 1.895 Thread 0x00000266f3e57630 Exception <a 'java/lang/ClassNotFoundException'{0x000000008bf73de0}: sun/net/www/protocol/c/Handler> (0x000000008bf73de0) 
thrown [s\src\hotspot\share\classfile\systemDictionary.cpp, line 256]
Event: 1.936 Thread 0x00000266f3e57630 Exception <a 'java/lang/ClassNotFoundException'{0x000000008bc0c348}: sun/net/www/protocol/c/Handler> (0x000000008bc0c348) 
thrown [s\src\hotspot\share\classfile\systemDictionary.cpp, line 256]
Event: 1.948 Thread 0x00000266f3e57630 Exception <a 'java/lang/ClassNotFoundException'{0x000000008bcf3a30}: sun/net/www/protocol/c/Handler> (0x000000008bcf3a30) 
thrown [s\src\hotspot\share\classfile\systemDictionary.cpp, line 256]
Event: 1.964 Thread 0x00000266f3e57630 Exception <a 'java/lang/ClassNotFoundException'{0x000000008baea1a8}: sun/net/www/protocol/c/Handler> (0x000000008baea1a8) 
thrown [s\src\hotspot\share\classfile\systemDictionary.cpp, line 256]
Event: 1.991 Thread 0x00000266f3e57630 Exception <a 'java/lang/NoSuchMethodError'{0x000000008b8c8520}: 'java.lang.Object java.lang.invoke.DirectMethodHandle$Holder.invokeStatic(java.lang.Object, int, java.lang.Object)'> (0x000000008b8c8520) 
thrown [s\src\hotspot\share\interpreter\linkResolver.cpp, line 759]
Event: 2.216 Thread 0x00000266f3e57630 Exception <a 'java/lang/NoSuchMethodError'{0x000000008b7ec600}: 'java.lang.Object java.lang.invoke.DirectMethodHandle$Holder.invokeStatic(java.lang.Object, float)'> (0x000000008b7ec600) 
thrown [s\src\hotspot\share\interpreter\linkResolver.cpp, line 759]
Event: 8.544 Thread 0x00000266f3e57630 Implicit null exception at 0x000002669e9ef88c to 0x000002669e9f0050
Event: 8.544 Thread 0x00000266f3e57630 Implicit null exception at 0x000002669e9eedc5 to 0x000002669e9eee2c
Event: 29.578 Thread 0x00000266f3e56c10 Exception <a 'java/lang/InterruptedException'{0x000000008b900000}> (0x000000008b900000) 
thrown [s\src\hotspot\share\runtime\objectMonitor.cpp, line 1658]

VM Operations (20 events):
Event: 13.139 Executing VM operation: Cleanup done
Event: 15.140 Executing VM operation: Cleanup
Event: 15.140 Executing VM operation: Cleanup done
Event: 16.141 Executing VM operation: Cleanup
Event: 16.141 Executing VM operation: Cleanup done
Event: 18.141 Executing VM operation: Cleanup
Event: 18.141 Executing VM operation: Cleanup done
Event: 19.142 Executing VM operation: Cleanup
Event: 19.142 Executing VM operation: Cleanup done
Event: 22.144 Executing VM operation: Cleanup
Event: 22.144 Executing VM operation: Cleanup done
Event: 25.145 Executing VM operation: Cleanup
Event: 25.145 Executing VM operation: Cleanup done
Event: 26.146 Executing VM operation: Cleanup
Event: 26.146 Executing VM operation: Cleanup done
Event: 27.147 Executing VM operation: Cleanup
Event: 27.147 Executing VM operation: Cleanup done
Event: 29.149 Executing VM operation: Cleanup
Event: 29.149 Executing VM operation: Cleanup done
Event: 29.680 Executing VM operation: Exit

Events (20 events):
Event: 3.874 Thread 0x0000026684fd7ec0 Thread exited: 0x0000026684fd7ec0
Event: 8.547 Thread 0x00000266850738b0 Thread added: 0x00000266850738b0
Event: 10.168 Thread 0x00000266850738b0 Thread exited: 0x00000266850738b0
Event: 29.578 Thread 0x00000266f3e56c10 Thread exited: 0x00000266f3e56c10
Event: 29.578 Thread 0x00000266f59a4680 Thread added: 0x00000266f59a4680
Event: 29.578 Thread 0x00000266f59a04b0 Thread added: 0x00000266f59a04b0
Event: 29.578 Thread 0x00000266f599d210 Thread added: 0x00000266f599d210
Event: 29.578 Thread 0x00000266f599f580 Thread added: 0x00000266f599f580
Event: 29.578 loading class sun/font/SunFontManager$8$1
Event: 29.578 loading class sun/font/SunFontManager$8$1 done
Event: 29.578 loading class java/nio/channels/ClosedChannelException
Event: 29.578 Thread 0x00000266f59a2310 Thread added: 0x00000266f59a2310
Event: 29.579 loading class java/nio/channels/ClosedChannelException done
Event: 29.579 Thread 0x00000266f599f580 Thread exited: 0x00000266f599f580
Event: 29.579 Thread 0x00000266f3b69960 Thread exited: 0x00000266f3b69960
Event: 29.579 Thread 0x00000266f59a04b0 Thread exited: 0x00000266f59a04b0
Event: 29.584 Thread 0x00000266ad9810d0 Thread exited: 0x00000266ad9810d0
Event: 29.611 Thread 0x00000266f3e56700 Thread exited: 0x00000266f3e56700
Event: 29.618 Thread 0x00000266f59a4680 Thread exited: 0x00000266f59a4680
Event: 29.679 Thread 0x00000266f599d210 Thread exited: 0x00000266f599d210


Dynamic libraries:
0x00007ff68bdd0000 - 0x00007ff68bdde000 	C:\Users\henry\.jdks\corretto-17.0.11\bin\java.exe
0x00007fff33670000 - 0x00007fff33887000 	C:\WINDOWS\SYSTEM32\ntdll.dll
0x00007fff31eb0000 - 0x00007fff31f74000 	C:\WINDOWS\System32\KERNEL32.DLL
0x00007fff30dd0000 - 0x00007fff3118a000 	C:\WINDOWS\System32\KERNELBASE.dll
0x00007fff30c30000 - 0x00007fff30d41000 	C:\WINDOWS\System32\ucrtbase.dll
0x00007fff2b700000 - 0x00007fff2b717000 	C:\Users\henry\.jdks\corretto-17.0.11\bin\jli.dll
0x00007fff28cb0000 - 0x00007fff28ccb000 	C:\Users\henry\.jdks\corretto-17.0.11\bin\VCRUNTIME140.dll
0x00007fff32900000 - 0x00007fff32aae000 	C:\WINDOWS\System32\USER32.dll
0x00007fff30930000 - 0x00007fff30956000 	C:\WINDOWS\System32\win32u.dll
0x00007fff086b0000 - 0x00007fff08942000 	C:\WINDOWS\WinSxS\amd64_microsoft.windows.common-controls_6595b64144ccf1df_6.0.22621.4541_none_2710d1c57384c085\COMCTL32.dll
0x00007fff33460000 - 0x00007fff33489000 	C:\WINDOWS\System32\GDI32.dll
0x00007fff31a80000 - 0x00007fff31b27000 	C:\WINDOWS\System32\msvcrt.dll
0x00007fff31190000 - 0x00007fff312ab000 	C:\WINDOWS\System32\gdi32full.dll
0x00007fff30a20000 - 0x00007fff30aba000 	C:\WINDOWS\System32\msvcp_win.dll
0x00007fff31df0000 - 0x00007fff31e21000 	C:\WINDOWS\System32\IMM32.DLL
0x00007fff2af70000 - 0x00007fff2af7c000 	C:\Users\henry\.jdks\corretto-17.0.11\bin\vcruntime140_1.dll
0x00007fff19350000 - 0x00007fff193dd000 	C:\Users\henry\.jdks\corretto-17.0.11\bin\msvcp140.dll
0x00007ffe2ff40000 - 0x00007ffe30ba2000 	C:\Users\henry\.jdks\corretto-17.0.11\bin\server\jvm.dll
0x00007fff31890000 - 0x00007fff31942000 	C:\WINDOWS\System32\ADVAPI32.dll
0x00007fff32bd0000 - 0x00007fff32c77000 	C:\WINDOWS\System32\sechost.dll
0x00007fff31330000 - 0x00007fff31358000 	C:\WINDOWS\System32\bcrypt.dll
0x00007fff32ab0000 - 0x00007fff32bc4000 	C:\WINDOWS\System32\RPCRT4.dll
0x00007fff2fe90000 - 0x00007fff2fedd000 	C:\WINDOWS\SYSTEM32\POWRPROF.dll
0x00007fff28d60000 - 0x00007fff28d94000 	C:\WINDOWS\SYSTEM32\WINMM.dll
0x00007fff28ca0000 - 0x00007fff28ca9000 	C:\WINDOWS\SYSTEM32\WSOCK32.dll
0x00007fff289c0000 - 0x00007fff289ca000 	C:\WINDOWS\SYSTEM32\VERSION.dll
0x00007fff31a00000 - 0x00007fff31a71000 	C:\WINDOWS\System32\WS2_32.dll
0x00007fff2fdc0000 - 0x00007fff2fdd3000 	C:\WINDOWS\SYSTEM32\UMPDC.dll
0x00007fff2f9b0000 - 0x00007fff2f9c8000 	C:\WINDOWS\SYSTEM32\kernel.appcore.dll
0x00007fff19500000 - 0x00007fff1950a000 	C:\Users\henry\.jdks\corretto-17.0.11\bin\jimage.dll
0x00007fff2e1b0000 - 0x00007fff2e3e2000 	C:\WINDOWS\SYSTEM32\DBGHELP.DLL
0x00007fff31380000 - 0x00007fff31711000 	C:\WINDOWS\System32\combase.dll
0x00007fff32c80000 - 0x00007fff32d57000 	C:\WINDOWS\System32\OLEAUT32.dll
0x00007ffefcc20000 - 0x00007ffefcc52000 	C:\WINDOWS\SYSTEM32\dbgcore.DLL
0x00007fff30d50000 - 0x00007fff30dcb000 	C:\WINDOWS\System32\bcryptPrimitives.dll
0x00007fff19340000 - 0x00007fff1934e000 	C:\Users\henry\.jdks\corretto-17.0.11\bin\instrument.dll
0x00007fff19310000 - 0x00007fff19335000 	C:\Users\henry\.jdks\corretto-17.0.11\bin\java.dll
0x00007fff18da0000 - 0x00007fff18e77000 	C:\Users\henry\.jdks\corretto-17.0.11\bin\jsvml.dll
0x00007fff32080000 - 0x00007fff328f9000 	C:\WINDOWS\System32\SHELL32.dll
0x00007fff2e820000 - 0x00007fff2f129000 	C:\WINDOWS\SYSTEM32\windows.storage.dll
0x00007fff2e6e0000 - 0x00007fff2e81f000 	C:\WINDOWS\SYSTEM32\wintypes.dll
0x00007fff334a0000 - 0x00007fff3359a000 	C:\WINDOWS\System32\SHCORE.dll
0x00007fff319a0000 - 0x00007fff319fe000 	C:\WINDOWS\System32\shlwapi.dll
0x00007fff30860000 - 0x00007fff3088b000 	C:\WINDOWS\SYSTEM32\profapi.dll
0x00007fff192f0000 - 0x00007fff19308000 	C:\Users\henry\.jdks\corretto-17.0.11\bin\zip.dll
0x00007fff192d0000 - 0x00007fff192e9000 	C:\Users\henry\.jdks\corretto-17.0.11\bin\net.dll
0x00007fff2c4a0000 - 0x00007fff2c5d6000 	C:\WINDOWS\SYSTEM32\WINHTTP.dll
0x00007fff2fee0000 - 0x00007fff2ff49000 	C:\WINDOWS\system32\mswsock.dll
0x00007fff190a0000 - 0x00007fff190b6000 	C:\Users\henry\.jdks\corretto-17.0.11\bin\nio.dll
0x00007fff19030000 - 0x00007fff1904a000 	C:\Program Files\JetBrains\IntelliJ IDEA 2024.1.1\bin\breakgen64.dll
0x00007fff192c0000 - 0x00007fff192c9000 	C:\Users\henry\.jdks\corretto-17.0.11\bin\extnet.dll
0x00007fff00270000 - 0x00007fff00400000 	C:\Users\henry\.jdks\corretto-17.0.11\bin\awt.dll
0x00007fff2b8c0000 - 0x00007fff2b957000 	C:\WINDOWS\SYSTEM32\apphelp.dll
0x00007fff2d9b0000 - 0x00007fff2da61000 	C:\WINDOWS\system32\uxtheme.dll
0x00007fff31720000 - 0x00007fff31881000 	C:\WINDOWS\System32\MSCTF.dll
0x00007fff32e30000 - 0x00007fff32fd5000 	C:\WINDOWS\System32\ole32.dll
0x00007fff2dc50000 - 0x00007fff2dc7b000 	C:\WINDOWS\system32\DWMAPI.DLL
0x00007ffef32f0000 - 0x00007ffef33f0000 	C:\WINDOWS\system32\opengl32.dll
0x00007ffef31c0000 - 0x00007ffef31ed000 	C:\WINDOWS\SYSTEM32\GLU32.dll
0x00007fff2dae0000 - 0x00007fff2db17000 	C:\WINDOWS\SYSTEM32\dxcore.dll
0x00007fff30140000 - 0x00007fff3015b000 	C:\WINDOWS\SYSTEM32\CRYPTSP.dll
0x00007fff2f910000 - 0x00007fff2f945000 	C:\WINDOWS\system32\rsaenh.dll
0x00007fff2ffd0000 - 0x00007fff2fff8000 	C:\WINDOWS\SYSTEM32\USERENV.dll
0x00007fff30130000 - 0x00007fff3013c000 	C:\WINDOWS\SYSTEM32\CRYPTBASE.dll
0x00007fff2f3c0000 - 0x00007fff2f3ed000 	C:\WINDOWS\SYSTEM32\IPHLPAPI.DLL
0x00007fff33490000 - 0x00007fff33499000 	C:\WINDOWS\System32\NSI.dll
0x00007fff2b790000 - 0x00007fff2b7a9000 	C:\WINDOWS\SYSTEM32\dhcpcsvc6.DLL
0x00007fff2b5a0000 - 0x00007fff2b5bf000 	C:\WINDOWS\SYSTEM32\dhcpcsvc.DLL
0x00007fff2f440000 - 0x00007fff2f542000 	C:\WINDOWS\SYSTEM32\DNSAPI.dll
0x000000006e8c0000 - 0x000000006e8cd000 	C:\Users\henry\IdeaProjects\RobotController\lib\gluegen_rt.dll
0x00007fff18d60000 - 0x00007fff18d67000 	C:\Users\henry\.jdks\corretto-17.0.11\bin\jawt.dll
0x000000006a440000 - 0x000000006a44d000 	C:\Users\henry\IdeaProjects\RobotController\lib\nativewindow_awt.dll
0x000000006c100000 - 0x000000006c110000 	C:\Users\henry\IdeaProjects\RobotController\lib\nativewindow_win32.dll
0x0000000070d80000 - 0x0000000070d93000 	C:\Users\henry\IdeaProjects\RobotController\lib\newt_head.dll
0x00007fff2bfc0000 - 0x00007fff2c07c000 	C:\WINDOWS\SYSTEM32\mscms.dll
0x00007ffef1ad0000 - 0x00007ffef1b19000 	C:\WINDOWS\SYSTEM32\icm32.dll
0x00007fff32fe0000 - 0x00007fff33454000 	C:\WINDOWS\System32\setupapi.dll
0x00007fff305f0000 - 0x00007fff3061c000 	C:\WINDOWS\SYSTEM32\DEVOBJ.dll
0x00007fff30620000 - 0x00007fff3066e000 	C:\WINDOWS\SYSTEM32\cfgmgr32.dll
0x00007fff312b0000 - 0x00007fff31322000 	C:\WINDOWS\System32\WINTRUST.dll
0x00007fff30ac0000 - 0x00007fff30c26000 	C:\WINDOWS\System32\CRYPT32.dll
0x00007fff30190000 - 0x00007fff301a2000 	C:\WINDOWS\SYSTEM32\MSASN1.dll
0x0000000064500000 - 0x0000000064585000 	C:\Users\henry\IdeaProjects\RobotController\lib\jogl_desktop.dll
0x0000000064340000 - 0x0000000064391000 	C:\Users\henry\IdeaProjects\RobotController\lib\jogl_mobile.dll
0x00007fff28200000 - 0x00007fff28249000 	C:\WINDOWS\SYSTEM32\directxdatabasehelper.dll
0x00007fff32d60000 - 0x00007fff32e10000 	C:\WINDOWS\System32\clbcatq.dll
0x00007ffe2eeb0000 - 0x00007ffe2ff37000 	C:\WINDOWS\System32\DriverStore\FileRepository\iigd_dch.inf_amd64_57ce179e0ee5edd3\igxelpicd64.dll
0x00007fff2db20000 - 0x00007fff2dc17000 	C:\WINDOWS\system32\dxgi.dll
0x00007fff00130000 - 0x00007fff0026c000 	C:\WINDOWS\System32\DriverStore\FileRepository\iigd_dch.inf_amd64_57ce179e0ee5edd3\igdml64.dll
0x00007fff23570000 - 0x00007fff23979000 	C:\WINDOWS\System32\DriverStore\FileRepository\iigd_dch.inf_amd64_57ce179e0ee5edd3\igdgmm64.dll
0x00007fff1eee0000 - 0x00007fff23564000 	C:\WINDOWS\System32\DriverStore\FileRepository\iigd_dch.inf_amd64_57ce179e0ee5edd3\igc64.dll
0x00007fff262e0000 - 0x00007fff26425000 	C:\WINDOWS\SYSTEM32\textinputframework.dll
0x00007fff2ac70000 - 0x00007fff2ada3000 	C:\WINDOWS\SYSTEM32\CoreMessaging.dll
0x00007fff27a70000 - 0x00007fff27ddd000 	C:\WINDOWS\SYSTEM32\CoreUIComponents.dll
0x00007fff08ed0000 - 0x00007fff08f39000 	C:\WINDOWS\system32\Oleacc.dll
0x00007fff18cd0000 - 0x00007fff18d57000 	C:\Users\henry\.jdks\corretto-17.0.11\bin\freetype.dll
0x00007fff0b7e0000 - 0x00007fff0b8c2000 	C:\Users\henry\.jdks\corretto-17.0.11\bin\fontmanager.dll

dbghelp: loaded successfully - version: 4.0.5 - missing functions: none
symbol engine: initialized successfully - sym options: 0x614 - pdb path: .;C:\Users\henry\.jdks\corretto-17.0.11\bin;C:\WINDOWS\SYSTEM32;C:\WINDOWS\WinSxS\amd64_microsoft.windows.common-controls_6595b64144ccf1df_6.0.22621.4541_none_2710d1c57384c085;C:\Users\henry\.jdks\corretto-17.0.11\bin\server;C:\Program Files\JetBrains\IntelliJ IDEA 2024.1.1\bin;C:\Users\henry\IdeaProjects\RobotController\lib;C:\WINDOWS\System32\DriverStore\FileRepository\iigd_dch.inf_amd64_57ce179e0ee5edd3

VM Arguments:
jvm_args: -Djava.library.path=C:\Users\henry\IdeaProjects\RobotController\lib -javaagent:C:\Program Files\JetBrains\IntelliJ IDEA 2024.1.1\lib\idea_rt.jar=58522:C:\Program Files\JetBrains\IntelliJ IDEA 2024.1.1\bin -Dfile.encoding=UTF-8 
java_command: Logic.Main
java_class_path (initial): C:\Users\henry\IdeaProjects\RobotController\out\production\RobotController;C:\Users\henry\IdeaProjects\RobotController\lib\core.jar;C:\Users\henry\IdeaProjects\RobotController\lib\gluegen-rt.jar;C:\Users\henry\IdeaProjects\RobotController\lib\jogl-all.jar;C:\Users\henry\IdeaProjects\RobotController\lib\serial.jar;C:\Users\henry\IdeaProjects\RobotController\lib\jssc.jar
Launcher Type: SUN_STANDARD

[Global flags]
     intx CICompilerCount                          = 4                                         {product} {ergonomic}
     uint ConcGCThreads                            = 2                                         {product} {ergonomic}
     uint G1ConcRefinementThreads                  = 8                                         {product} {ergonomic}
   size_t G1HeapRegionSize                         = 1048576                                   {product} {ergonomic}
    uintx GCDrainStackTargetSize                   = 64                                        {product} {ergonomic}
   size_t InitialHeapSize                          = 130023424                                 {product} {ergonomic}
   size_t MarkStackSize                            = 4194304                                   {product} {ergonomic}
   size_t MaxHeapSize                              = 2063597568                                {product} {ergonomic}
   size_t MaxNewSize                               = 1237319680                                {product} {ergonomic}
   size_t MinHeapDeltaBytes                        = 1048576                                   {product} {ergonomic}
   size_t MinHeapSize                              = 8388608                                   {product} {ergonomic}
    uintx NonNMethodCodeHeapSize                   = 5839372                                {pd product} {ergonomic}
    uintx NonProfiledCodeHeapSize                  = 122909434                              {pd product} {ergonomic}
    uintx ProfiledCodeHeapSize                     = 122909434                              {pd product} {ergonomic}
    uintx ReservedCodeCacheSize                    = 251658240                              {pd product} {ergonomic}
     bool SegmentedCodeCache                       = true                                      {product} {ergonomic}
   size_t SoftMaxHeapSize                          = 2063597568                             {manageable} {ergonomic}
     bool UseCompressedClassPointers               = true                           {product lp64_product} {ergonomic}
     bool UseCompressedOops                        = true                           {product lp64_product} {ergonomic}
     bool UseG1GC                                  = true                                      {product} {ergonomic}
     bool UseLargePagesIndividualAllocation        = false                                  {pd product} {ergonomic}

Logging:
Log output configuration:
 #0: stdout all=off uptime,level,tags
 #1: stderr all=off uptime,level,tags

Environment Variables:
PATH=C:\Program Files (x86)\Common Files\Oracle\Java\java8path;C:\Program Files (x86)\Common Files\Oracle\Java\javapath;C:\WINDOWS\system32;C:\WINDOWS;C:\WINDOWS\System32\Wbem;C:\WINDOWS\System32\WindowsPowerShell\v1.0\;C:\WINDOWS\System32\OpenSSH\;C:\Program Files\dotnet\;C:\Program Files\Git\cmd;C:\Program Files\Microsoft SQL Server\Client SDK\ODBC\130\Tools\Binn\;C:\Program Files (x86)\Microsoft SQL Server\140\Tools\Binn\;C:\Program Files\Microsoft SQL Server\140\Tools\Binn\;C:\Program Files\Microsoft SQL Server\140\DTS\Binn\;C:\Program Files\MATLAB\R2024b\bin;C:\Users\henry\AppData\Local\Programs\Python\Launcher\;C:\Users\henry\AppData\Local\Microsoft\WindowsApps;C:\Program Files\JetBrains\IntelliJ IDEA 2024.1.1\bin;;C:\Users\henry\AppData\Local\Programs\MiKTeX\miktex\bin\x64\
USERNAME=henry
OS=Windows_NT
PROCESSOR_IDENTIFIER=Intel64 Family 6 Model 140 Stepping 1, GenuineIntel
TMP=C:\Users\henry\AppData\Local\Temp
TEMP=C:\Users\henry\AppData\Local\Temp



Periodic native trim disabled


---------------  S Y S T E M  ---------------

OS:
 Windows 11 , 64 bit Build 22621 (10.0.22621.4391)
OS uptime: 0 days 2:53 hours
Hyper-V role detected

CPU: total 8 (initial active 8) (4 cores per cpu, 2 threads per core) family 6 model 140 stepping 1 microcode 0xb4, cx8, cmov, fxsr, ht, mmx, 3dnowpref, sse, sse2, sse3, ssse3, sse4.1, sse4.2, popcnt, lzcnt, tsc, tscinvbit, avx, avx2, aes, erms, clmul, bmi1, bmi2, adx, avx512f, avx512dq, avx512cd, avx512bw, avx512vl, sha, fma, vzeroupper, avx512_vpopcntdq, avx512_vpclmulqdq, avx512_vaes, avx512_vnni, clflush, clflushopt, clwb, avx512_vbmi2, avx512_vbmi, hv
Processor Information for processor 0
  Max Mhz: 2419, Current Mhz: 1209, Mhz Limit: 2419
Processor Information for processor 1
  Max Mhz: 2419, Current Mhz: 2419, Mhz Limit: 2419
Processor Information for processor 2
  Max Mhz: 2419, Current Mhz: 1209, Mhz Limit: 2419
Processor Information for processor 3
  Max Mhz: 2419, Current Mhz: 1209, Mhz Limit: 2419
Processor Information for processor 4
  Max Mhz: 2419, Current Mhz: 2419, Mhz Limit: 2419
Processor Information for processor 5
  Max Mhz: 2419, Current Mhz: 2419, Mhz Limit: 2419
Processor Information for processor 6
  Max Mhz: 2419, Current Mhz: 2419, Mhz Limit: 2419
Processor Information for processor 7
  Max Mhz: 2419, Current Mhz: 2419, Mhz Limit: 2419

Memory: 4k page, system-wide physical 7865M (884M free)
TotalPageFile size 22713M (AvailPageFile size 9170M)
current process WorkingSet (physical memory assigned to process): 356M, peak: 378M
current process commit charge ("private bytes"): 422M, peak: 444M

vm_info: OpenJDK 64-Bit Server VM (17.0.11+9-LTS) for windows-amd64 JRE (17.0.11+9-LTS), built on Apr 10 2024 22:12:24 by "Administrator" with MS VC++ 16.10 / 16.11 (VS2019)

END.
