#
# A fatal error has been detected by the Java Runtime Environment:
#
#  EXCEPTION_ACCESS_VIOLATION (0xc0000005) at pc=0x00007ffe2ef57a32, pid=20928, tid=3608
#
# JRE version: OpenJDK Runtime Environment Corretto-17.0.11.9.1 (17.0.11+9) (build 17.0.11+9-LTS)
# Java VM: OpenJDK 64-Bit Server VM Corretto-17.0.11.9.1 (17.0.11+9-LTS, mixed mode, sharing, tiered, compressed oops, compressed class ptrs, g1 gc, windows-amd64)
# Problematic frame:
# C  [igxelpicd64.dll+0xa7a32]
#
# No core dump will be written. Minidumps are not enabled by default on client versions of Windows
#
# If you would like to submit a bug report, please visit:
#   https://github.com/corretto/corretto-17/issues/
#

---------------  S U M M A R Y ------------

Command Line: -Djava.library.path=C:\Users\henry\IdeaProjects\RobotController\lib -javaagent:C:\Program Files\JetBrains\IntelliJ IDEA 2024.1.1\lib\idea_rt.jar=61488:C:\Program Files\JetBrains\IntelliJ IDEA 2024.1.1\bin -Dfile.encoding=UTF-8 Logic.Main

Host: 11th Gen Intel(R) Core(TM) i5-1135G7 @ 2.40GHz, 8 cores, 7G,  Windows 11 , 64 bit Build 22621 (10.0.22621.4391)
Time: Mon Jan 27 11:51:33 2025 W. Europe Standard Time elapsed time: 45.771579 seconds (0d 0h 0m 45s)

---------------  T H R E A D  ---------------

Current thread (0x000002d85efe5220):  VMThread "VM Thread" [stack: 0x000000f527900000,0x000000f527a00000] [id=3608]

Stack: [0x000000f527900000,0x000000f527a00000],  sp=0x000000f5279fe7d0,  free space=1017k
Native frames: (J=compiled Java code, j=interpreted, Vv=VM code, C=native code)
C  [igxelpicd64.dll+0xa7a32]


siginfo: EXCEPTION_ACCESS_VIOLATION (0xc0000005), reading address 0x0000000000035898


Registers:
RAX=0x000002d8b68dac68, RBX=0x000002d8b68daa40, RCX=0x0000000000000000, RDX=0x00000000fffffff4
RSP=0x000000f5279fe7d0, RBP=0x0000000000000000, RSI=0x000002d8b68db010, RDI=0x000002d8a7188530
R8 =0x0000000000000014, R9 =0x0000000000000004, R10=0x0000000000000000, R11=0x0000000000000246
R12=0x000002d8a7126d00, R13=0x000002d8b68d68a0, R14=0x000000000022fd00, R15=0x0000000000000016
RIP=0x00007ffe2ef57a32, EFLAGS=0x0000000000010202


Register to memory mapping:

RIP=0x00007ffe2ef57a32 igxelpicd64.dll
RAX=0x000002d8b68dac68 points into unknown readable memory: 0x000000000022f933 | 33 f9 22 00 00 00 00 00
RBX=0x000002d8b68daa40 points into unknown readable memory: 0x000002d85fd21830 | 30 18 d2 5f d8 02 00 00
RCX=0x0 is NULL
RDX=0x00000000fffffff4 is an unallocated location in the heap
RSP=0x000000f5279fe7d0 points into unknown readable memory: 0x000002d85fdc4840 | 40 48 dc 5f d8 02 00 00
RBP=0x0 is NULL
RSI=0x000002d8b68db010 points into unknown readable memory: 0x000002d8b68d68a0 | a0 68 8d b6 d8 02 00 00
RDI=0x000002d8a7188530 points into unknown readable memory: 0x0000000000000000 | 00 00 00 00 00 00 00 00
R8 =0x0000000000000014 is an unknown value
R9 =0x0000000000000004 is an unknown value
R10=0x0 is NULL
R11=0x0000000000000246 is an unknown value
R12=0x000002d8a7126d00 points into unknown readable memory: 0x00007ffe2f9ff8c0 | c0 f8 9f 2f fe 7f 00 00
R13=0x000002d8b68d68a0 points into unknown readable memory: 0x000002d85fd21830 | 30 18 d2 5f d8 02 00 00
R14=0x000000000022fd00 is an unknown value
R15=0x0000000000000016 is an unknown value


Top of Stack: (sp=0x000000f5279fe7d0)
0x000000f5279fe7d0:   000002d85fdc4840 0000000000000000
0x000000f5279fe7e0:   02832f8902a09388 00007fff337143e4
0x000000f5279fe7f0:   02933d8a02f00f8a 02005d8a02864b8a
0x000000f5279fe800:   02a2888a0093808a 00e3fa8a02489c8a
0x000000f5279fe810:   0000000000000016 000000000022fd52
0x000000f5279fe820:   0000b802193d0000 000002d8a7126dd8
0x000000f5279fe830:   0000000000000000 0000000000000000
0x000000f5279fe840:   000000f5279fe950 00007ffe2ef3d5df
0x000000f5279fe850:   000002d85fdc4840 000002d8a7188530
0x000000f5279fe860:   0071829202336000 01eff69202b78900
0x000000f5279fe870:   000000f50000093c 018cce9300000000
0x000000f5279fe880:   0000000000000000 000040007a000004
0x000000f5279fe890:   0000000000000000 0000000000000000
0x000000f5279fe8a0:   000010027a000004 0000000000000000
0x000000f5279fe8b0:   0000000000000000 001040007a000004
0x000000f5279fe8c0:   0000000000000000 0000000000000000
0x000000f5279fe8d0:   000000007a000004 0000000000000000
0x000000f5279fe8e0:   0000000000000000 001040007a000004
0x000000f5279fe8f0:   000002d8a9c40000 0000000000000060
0x000000f5279fe900:   0000b802193d0000 000000000000093c
0x000000f5279fe910:   0000000000000000 8000314000000001
0x000000f5279fe920:   0000000000000000 0000000000000000
0x000000f5279fe930:   0000000000000000 0000000000000000
0x000000f5279fe940:   0000000000000000 0000000000000000
0x000000f5279fe950:   0000000000000000 0000000000000000
0x000000f5279fe960:   0000000000000000 0000000000000000
0x000000f5279fe970:   0000000000000000 0000000000000000
0x000000f5279fe980:   0000000000000000 0000000000000000
0x000000f5279fe990:   0000000000000000 0000000000000000
0x000000f5279fe9a0:   0000000000000000 0000000000000000
0x000000f5279fe9b0:   0000000000000000 0000000000000000
0x000000f5279fe9c0:   0000000000000000 0000000000000000 

Instructions: (pc=0x00007ffe2ef57a32)
0x00007ffe2ef57932:   8b fa 48 8b e9 48 8b 1d 92 c4 f1 00 48 89 58 08
0x00007ffe2ef57942:   48 8b cb ff 15 dd 48 a9 00 90 4c 8b af 78 02 00
0x00007ffe2ef57952:   00 48 8b 05 c6 69 e1 00 44 8b b8 a0 0b 00 00 45
0x00007ffe2ef57962:   33 d2 45 8a f2 4c 89 97 78 02 00 00 44 89 97 80
0x00007ffe2ef57972:   02 00 00 4c 89 97 a0 02 00 00 4c 89 97 88 02 00
0x00007ffe2ef57982:   00 48 85 ed 75 38 8b 35 22 9e f1 00 65 48 8b 04
0x00007ffe2ef57992:   25 58 00 00 00 b9 14 00 00 00 48 8b 04 f0 44 38
0x00007ffe2ef579a2:   14 01 0f 84 86 98 94 00 65 48 8b 04 25 58 00 00
0x00007ffe2ef579b2:   00 bd 20 00 00 00 48 8b 04 f0 48 8b 2c 28 48 3b
0x00007ffe2ef579c2:   2d 79 ab f1 00 45 0f 44 fa 4d 85 ed 0f 84 2b 01
0x00007ffe2ef579d2:   00 00 44 8a a4 24 90 00 00 00 49 8b dd 49 8d b5
0x00007ffe2ef579e2:   d0 05 00 00 4c 8b 2e 45 84 e4 0f 85 39 03 00 00
0x00007ffe2ef579f2:   44 8b 8f c8 01 00 00 48 8b 05 20 69 e1 00 83 b8
0x00007ffe2ef57a02:   70 03 00 00 02 75 36 41 8d 51 f0 41 83 f9 10 0f
0x00007ffe2ef57a12:   83 2d 01 00 00 4a 8d 04 cd 21 00 00 00 49 03 c1
0x00007ffe2ef57a22:   48 8d 04 c3 48 85 c0 0f 85 03 01 00 00 49 8b ca
0x00007ffe2ef57a32:   48 3b 8d 98 58 03 00 0f 87 fe 97 94 00 48 8d 93
0x00007ffe2ef57a42:   08 01 00 00 4c 39 93 48 06 00 00 0f 85 69 99 94
0x00007ffe2ef57a52:   00 44 8b 9f c8 01 00 00 48 8b 87 e0 01 00 00 4c
0x00007ffe2ef57a62:   8b 10 44 8b 87 c8 01 00 00 41 83 f8 10 0f 83 fc
0x00007ffe2ef57a72:   00 00 00 4b 8d 0c c0 48 8d 04 ca 48 85 c0 0f 85
0x00007ffe2ef57a82:   b5 00 00 00 33 c9 49 3b ca 0f 86 11 01 00 00 45
0x00007ffe2ef57a92:   33 d2 48 8b 87 78 02 00 00 48 89 06 48 89 9f 78
0x00007ffe2ef57aa2:   02 00 00 ff 87 80 02 00 00 48 8b 43 08 48 8b 88
0x00007ffe2ef57ab2:   18 01 00 00 48 81 e1 00 00 ff ff 48 81 c1 00 00
0x00007ffe2ef57ac2:   01 00 48 01 8f 88 02 00 00 48 8b 43 08 48 8b 88
0x00007ffe2ef57ad2:   18 01 00 00 48 01 8f a0 02 00 00 4d 85 ed 0f 85
0x00007ffe2ef57ae2:   f6 fe ff ff 45 84 f6 44 8a a4 24 98 00 00 00 0f
0x00007ffe2ef57af2:   85 11 99 94 00 48 8b 9c 24 80 00 00 00 48 8b cf
0x00007ffe2ef57b02:   45 84 e4 0f 85 30 02 00 00 e8 d0 fa ff ff 90 48
0x00007ffe2ef57b12:   8b cb 48 8b 9c 24 88 00 00 00 48 83 c4 40 41 5f
0x00007ffe2ef57b22:   41 5e 41 5d 41 5c 5f 5e 5d 48 ff 25 ee 46 a9 00 


Stack slot to memory mapping:
stack at sp + 0 slots: 0x000002d85fdc4840 points into unknown readable memory: 0xffffffffffffffff | ff ff ff ff ff ff ff ff
stack at sp + 1 slots: 0x0 is NULL
stack at sp + 2 slots: 0x02832f8902a09388 is an unknown value
stack at sp + 3 slots: 0x00007fff337143e4 ntdll.dll
stack at sp + 4 slots: 0x02933d8a02f00f8a is an unknown value
stack at sp + 5 slots: 0x02005d8a02864b8a is an unknown value
stack at sp + 6 slots: 0x02a2888a0093808a is an unknown value
stack at sp + 7 slots: 0x00e3fa8a02489c8a is an unknown value

VM_Operation (0x000000f529bfe720): Exit, mode: safepoint, requested by thread 0x000002d85f4db6d0


---------------  P R O C E S S  ---------------

Threads class SMR info:
_java_thread_list=0x000002d8b6ca6fd0, length=19, elements={
0x000002d85efefff0, 0x000002d85eff09b0, 0x000002d85f002f60, 0x000002d85f003920,
0x000002d85f0062f0, 0x000002d85f006cb0, 0x000002d85f007a50, 0x000002d85f00ca10,
0x000002d85f015be0, 0x000002d85efd5b40, 0x000002d85f316fe0, 0x000002d85f3184d0,
0x000002d85f3fe340, 0x000002d85f4db1c0, 0x000002d85f4db6d0, 0x000002d85f4dbbe0,
0x000002d8b6857030, 0x000002d8b6851f30, 0x000002d8b6852e60
}

Java Threads: ( => current thread )
  0x000002d85efefff0 JavaThread "Reference Handler" daemon [_thread_blocked, id=13396, stack(0x000000f527a00000,0x000000f527b00000)]
  0x000002d85eff09b0 JavaThread "Finalizer" daemon [_thread_blocked, id=19336, stack(0x000000f527b00000,0x000000f527c00000)]
  0x000002d85f002f60 JavaThread "Signal Dispatcher" daemon [_thread_blocked, id=19252, stack(0x000000f527c00000,0x000000f527d00000)]
  0x000002d85f003920 JavaThread "Attach Listener" daemon [_thread_blocked, id=1356, stack(0x000000f527d00000,0x000000f527e00000)]
  0x000002d85f0062f0 JavaThread "Service Thread" daemon [_thread_blocked, id=10200, stack(0x000000f527e00000,0x000000f527f00000)]
  0x000002d85f006cb0 JavaThread "Monitor Deflation Thread" daemon [_thread_blocked, id=3288, stack(0x000000f527f00000,0x000000f528000000)]
  0x000002d85f007a50 JavaThread "C2 CompilerThread0" daemon [_thread_blocked, id=7780, stack(0x000000f528000000,0x000000f528100000)]
  0x000002d85f00ca10 JavaThread "C1 CompilerThread0" daemon [_thread_blocked, id=9100, stack(0x000000f528100000,0x000000f528200000)]
  0x000002d85f015be0 JavaThread "Sweeper thread" daemon [_thread_blocked, id=21932, stack(0x000000f528200000,0x000000f528300000)]
  0x000002d85efd5b40 JavaThread "Common-Cleaner" daemon [_thread_blocked, id=22036, stack(0x000000f528300000,0x000000f528400000)]
  0x000002d85f316fe0 JavaThread "Monitor Ctrl-Break" daemon [_thread_in_native, id=2384, stack(0x000000f528400000,0x000000f528500000)]
  0x000002d85f3184d0 JavaThread "Notification Thread" daemon [_thread_blocked, id=4072, stack(0x000000f528500000,0x000000f528600000)]
  0x000002d85f3fe340 JavaThread "Java2D Disposer" daemon [_thread_blocked, id=1848, stack(0x000000f528700000,0x000000f528800000)]
  0x000002d85f4db1c0 JavaThread "HighResTimerThread" daemon [_thread_blocked, id=9436, stack(0x000000f529900000,0x000000f529a00000)]
  0x000002d85f4db6d0 JavaThread "main-FPSAWTAnimator#00-Timer0" [_thread_blocked, id=5420, stack(0x000000f529b00000,0x000000f529c00000)]
  0x000002d85f4dbbe0 JavaThread "DestroyJavaVM" [_thread_blocked, id=1588, stack(0x000000f527300000,0x000000f527400000)]
  0x000002d8b6857030 JavaThread "AWT-Shutdown" [_thread_blocked, id=20672, stack(0x000000f52a000000,0x000000f52a100000)]
  0x000002d8b6851f30 JavaThread "AWT-EventQueue-0" [_thread_blocked, id=18980, stack(0x000000f52a100000,0x000000f52a200000)]
  0x000002d8b6852e60 JavaThread "TimerQueue" daemon [_thread_blocked, id=1824, stack(0x000000f528a00000,0x000000f528b00000)]

Other Threads:
=>0x000002d85efe5220 VMThread "VM Thread" [stack: 0x000000f527900000,0x000000f527a00000] [id=3608]
  0x000002d83ef146b0 GCTaskThread "GC Thread#0" [stack: 0x000000f527400000,0x000000f527500000] [id=10544]
  0x000002d8a682af80 GCTaskThread "GC Thread#1" [stack: 0x000000f529100000,0x000000f529200000] [id=8800]
  0x000002d8a682b240 GCTaskThread "GC Thread#2" [stack: 0x000000f529200000,0x000000f529300000] [id=7832]
  0x000002d8a682bd10 GCTaskThread "GC Thread#3" [stack: 0x000000f529300000,0x000000f529400000] [id=2704]
  0x000002d8a682bfd0 GCTaskThread "GC Thread#4" [stack: 0x000000f529400000,0x000000f529500000] [id=19112]
  0x000002d8a682ceb0 GCTaskThread "GC Thread#5" [stack: 0x000000f529500000,0x000000f529600000] [id=10380]
  0x000002d8a685f180 GCTaskThread "GC Thread#6" [stack: 0x000000f529600000,0x000000f529700000] [id=14360]
  0x000002d8a685f440 GCTaskThread "GC Thread#7" [stack: 0x000000f529700000,0x000000f529800000] [id=21308]
  0x000002d83ef24c00 ConcurrentGCThread "G1 Main Marker" terminated
  0x000002d83ef25dc0 ConcurrentGCThread "G1 Conc#0" [stack: 0x000000f527600000,0x000000f527700000] [id=12048]
  0x000002d8b7470be0 ConcurrentGCThread "G1 Conc#1" [stack: 0x000000f529f00000,0x000000f52a000000] [id=5292]
  0x000002d85ee924c0 ConcurrentGCThread "G1 Refine#0" terminated
  0x000002d85ee92ef0 ConcurrentGCThread "G1 Service" terminated

Threads with active compile tasks:

VM state: at safepoint (shutting down)

VM Mutex/Monitor currently owned by a thread:  ([mutex/lock_event])
[0x000002d83eeb77b0] Threads_lock - owner thread: 0x000002d85efe5220
[0x000002d83eeb72a0] Heap_lock - owner thread: 0x000002d85f4db6d0

Heap address: 0x0000000085000000, size: 1968 MB, Compressed Oops mode: 32-bit

CDS archive(s) mapped at: [0x000002d860000000-0x000002d860bb0000-0x000002d860bb0000), size 12255232, SharedBaseAddress: 0x000002d860000000, ArchiveRelocationMode: 1.
Compressed class space mapped at: 0x000002d861000000-0x000002d8a1000000, reserved size: 1073741824
Narrow klass base: 0x000002d860000000, Narrow klass shift: 0, Narrow klass range: 0x100000000

GC Precious Log:
 CPUs: 8 total, 8 available
 Memory: 7865M
 Large Page Support: Disabled
 NUMA Support: Disabled
 Compressed Oops: Enabled (32-bit)
 Heap Region Size: 1M
 Heap Min Capacity: 8M
 Heap Initial Capacity: 124M
 Heap Max Capacity: 1968M
 Pre-touch: Disabled
 Parallel Workers: 8
 Concurrent Workers: 2
 Concurrent Refinement Workers: 8
 Periodic GC: Disabled

Heap:
 garbage-first heap   total 40960K, used 12866K [0x0000000085000000, 0x0000000100000000)
  region size 1024K, 10 young (10240K), 6 survivors (6144K)
 Metaspace       used 21294K, committed 21568K, reserved 1114112K
  class space    used 1978K, committed 2112K, reserved 1048576K

Heap Regions: E=young(eden), S=young(survivor), O=old, HS=humongous(starts), HC=humongous(continues), CS=collection set, F=free, OA=open archive, CA=closed archive, TAMS=top-at-mark-start (previous, next)
|   0|0x0000000085000000, 0x0000000085100000, 0x0000000085100000|100%| O|  |TAMS 0x0000000085100000, 0x0000000085000000| Untracked 
|   1|0x0000000085100000, 0x0000000085200000, 0x0000000085200000|100%| O|  |TAMS 0x0000000085200000, 0x0000000085100000| Untracked 
|   2|0x0000000085200000, 0x0000000085290a00, 0x0000000085300000| 56%| O|  |TAMS 0x0000000085290a00, 0x0000000085200000| Complete 
|   3|0x0000000085300000, 0x0000000085400000, 0x0000000085400000|100%|HS|  |TAMS 0x0000000085400000, 0x0000000085300000| Complete 
|   4|0x0000000085400000, 0x0000000085400000, 0x0000000085500000|  0%| F|  |TAMS 0x0000000085400000, 0x0000000085400000| Untracked 
|   5|0x0000000085500000, 0x0000000085500000, 0x0000000085600000|  0%| F|  |TAMS 0x0000000085500000, 0x0000000085500000| Untracked 
|   6|0x0000000085600000, 0x0000000085600000, 0x0000000085700000|  0%| F|  |TAMS 0x0000000085600000, 0x0000000085600000| Untracked 
|   7|0x0000000085700000, 0x0000000085700000, 0x0000000085800000|  0%| F|  |TAMS 0x0000000085700000, 0x0000000085700000| Untracked 
|   8|0x0000000085800000, 0x0000000085800000, 0x0000000085900000|  0%| F|  |TAMS 0x0000000085800000, 0x0000000085800000| Untracked 
|   9|0x0000000085900000, 0x0000000085900000, 0x0000000085a00000|  0%| F|  |TAMS 0x0000000085900000, 0x0000000085900000| Untracked 
|  10|0x0000000085a00000, 0x0000000085a00000, 0x0000000085b00000|  0%| F|  |TAMS 0x0000000085a00000, 0x0000000085a00000| Untracked 
|  11|0x0000000085b00000, 0x0000000085b00000, 0x0000000085c00000|  0%| F|  |TAMS 0x0000000085b00000, 0x0000000085b00000| Untracked 
|  12|0x0000000085c00000, 0x0000000085c00000, 0x0000000085d00000|  0%| F|  |TAMS 0x0000000085c00000, 0x0000000085c00000| Untracked 
|  13|0x0000000085d00000, 0x0000000085d00000, 0x0000000085e00000|  0%| F|  |TAMS 0x0000000085d00000, 0x0000000085d00000| Untracked 
|  14|0x0000000085e00000, 0x0000000085e00000, 0x0000000085f00000|  0%| F|  |TAMS 0x0000000085e00000, 0x0000000085e00000| Untracked 
|  15|0x0000000085f00000, 0x0000000085f00000, 0x0000000086000000|  0%| F|  |TAMS 0x0000000085f00000, 0x0000000085f00000| Untracked 
|  16|0x0000000086000000, 0x0000000086000000, 0x0000000086100000|  0%| F|  |TAMS 0x0000000086000000, 0x0000000086000000| Untracked 
|  17|0x0000000086100000, 0x0000000086100000, 0x0000000086200000|  0%| F|  |TAMS 0x0000000086100000, 0x0000000086100000| Untracked 
|  18|0x0000000086200000, 0x0000000086200000, 0x0000000086300000|  0%| F|  |TAMS 0x0000000086200000, 0x0000000086200000| Untracked 
|  19|0x0000000086300000, 0x0000000086300000, 0x0000000086400000|  0%| F|  |TAMS 0x0000000086300000, 0x0000000086300000| Untracked 
|  20|0x0000000086400000, 0x0000000086400000, 0x0000000086500000|  0%| F|  |TAMS 0x0000000086400000, 0x0000000086400000| Untracked 
|  21|0x0000000086500000, 0x0000000086500000, 0x0000000086600000|  0%| F|  |TAMS 0x0000000086500000, 0x0000000086500000| Untracked 
|  22|0x0000000086600000, 0x0000000086600000, 0x0000000086700000|  0%| F|  |TAMS 0x0000000086600000, 0x0000000086600000| Untracked 
|  23|0x0000000086700000, 0x0000000086700000, 0x0000000086800000|  0%| F|  |TAMS 0x0000000086700000, 0x0000000086700000| Untracked 
|  24|0x0000000086800000, 0x0000000086800000, 0x0000000086900000|  0%| F|  |TAMS 0x0000000086800000, 0x0000000086800000| Untracked 
|  25|0x0000000086900000, 0x0000000086900000, 0x0000000086a00000|  0%| F|  |TAMS 0x0000000086900000, 0x0000000086900000| Untracked 
|  26|0x0000000086a00000, 0x0000000086a00000, 0x0000000086b00000|  0%| F|  |TAMS 0x0000000086a00000, 0x0000000086a00000| Untracked 
|  27|0x0000000086b00000, 0x0000000086b00000, 0x0000000086c00000|  0%| F|  |TAMS 0x0000000086b00000, 0x0000000086b00000| Untracked 
|  28|0x0000000086c00000, 0x0000000086c00000, 0x0000000086d00000|  0%| F|  |TAMS 0x0000000086c00000, 0x0000000086c00000| Untracked 
|  29|0x0000000086d00000, 0x0000000086d00000, 0x0000000086e00000|  0%| F|  |TAMS 0x0000000086d00000, 0x0000000086d00000| Untracked 
|  30|0x0000000086e00000, 0x0000000086ee29e8, 0x0000000086f00000| 88%| E|  |TAMS 0x0000000086e00000, 0x0000000086e00000| Complete 
|  31|0x0000000086f00000, 0x0000000087000000, 0x0000000087000000|100%| E|CS|TAMS 0x0000000086f00000, 0x0000000086f00000| Complete 
|  89|0x000000008a900000, 0x000000008aa00000, 0x000000008aa00000|100%| S|CS|TAMS 0x000000008a900000, 0x000000008a900000| Complete 
|  90|0x000000008aa00000, 0x000000008ab00000, 0x000000008ab00000|100%| S|CS|TAMS 0x000000008aa00000, 0x000000008aa00000| Complete 
|  91|0x000000008ab00000, 0x000000008ac00000, 0x000000008ac00000|100%| S|CS|TAMS 0x000000008ab00000, 0x000000008ab00000| Complete 
|  92|0x000000008ac00000, 0x000000008ad00000, 0x000000008ad00000|100%| S|CS|TAMS 0x000000008ac00000, 0x000000008ac00000| Complete 
|  93|0x000000008ad00000, 0x000000008ae00000, 0x000000008ae00000|100%| S|CS|TAMS 0x000000008ad00000, 0x000000008ad00000| Complete 
|  94|0x000000008ae00000, 0x000000008af00000, 0x000000008af00000|100%| S|CS|TAMS 0x000000008ae00000, 0x000000008ae00000| Complete 
| 122|0x000000008ca00000, 0x000000008cb00000, 0x000000008cb00000|100%| E|CS|TAMS 0x000000008ca00000, 0x000000008ca00000| Complete 
| 123|0x000000008cb00000, 0x000000008cc00000, 0x000000008cc00000|100%| E|CS|TAMS 0x000000008cb00000, 0x000000008cb00000| Complete 

Card table byte_map: [0x000002d858010000,0x000002d8583f0000] _byte_map_base: 0x000002d857be8000

Marking Bits (Prev, Next): (CMBitMap*) 0x000002d83ef14d10, (CMBitMap*) 0x000002d83ef14cd0
 Prev Bits: [0x000002d85a690000, 0x000002d85c550000)
 Next Bits: [0x000002d8587d0000, 0x000002d85a690000)

Polling page: 0x000002d83ef70000

Metaspace:

Usage:
  Non-class:     18.86 MB used.
      Class:      1.93 MB used.
       Both:     20.80 MB used.

Virtual space:
  Non-class space:       64.00 MB reserved,      19.00 MB ( 30%) committed,  1 nodes.
      Class space:        1.00 GB reserved,       2.06 MB ( <1%) committed,  1 nodes.
             Both:        1.06 GB reserved,      21.06 MB (  2%) committed. 

Chunk freelists:
   Non-Class:  12.95 MB
       Class:  13.98 MB
        Both:  26.93 MB

MaxMetaspaceSize: unlimited
CompressedClassSpaceSize: 1.00 GB
Initial GC threshold: 21.00 MB
Current GC threshold: 35.12 MB
CDS: on
MetaspaceReclaimPolicy: balanced
 - commit_granule_bytes: 65536.
 - commit_granule_words: 8192.
 - virtual_space_node_default_size: 8388608.
 - enlarge_chunks_in_place: 1.
 - new_chunks_are_fully_committed: 0.
 - uncommit_free_chunks: 1.
 - use_allocation_guard: 0.
 - handle_deallocations: 1.


Internal statistics:

num_allocs_failed_limit: 3.
num_arena_births: 236.
num_arena_deaths: 0.
num_vsnodes_births: 2.
num_vsnodes_deaths: 0.
num_space_committed: 333.
num_space_uncommitted: 0.
num_chunks_returned_to_freelist: 3.
num_chunks_taken_from_freelist: 587.
num_chunk_merges: 0.
num_chunk_splits: 425.
num_chunks_enlarged: 299.
num_inconsistent_stats: 0.

CodeHeap 'non-profiled nmethods': size=120000Kb used=1980Kb max_used=1980Kb free=118019Kb
 bounds [0x000002d84fc70000, 0x000002d84fee0000, 0x000002d8571a0000]
CodeHeap 'profiled nmethods': size=120000Kb used=6591Kb max_used=6591Kb free=113408Kb
 bounds [0x000002d8481a0000, 0x000002d848810000, 0x000002d84f6d0000]
CodeHeap 'non-nmethods': size=5760Kb used=1638Kb max_used=1666Kb free=4121Kb
 bounds [0x000002d84f6d0000, 0x000002d84f940000, 0x000002d84fc70000]
 total_blobs=4410 nmethods=3352 adapters=970
 compilation: enabled
              stopped_count=0, restarted_count=0
 full_count=0

Compilation events (20 events):
Event: 44.519 Thread 0x000002d85f00ca10 3343       3       sun.font.CMap::getControlCodeGlyph (60 bytes)
Event: 44.519 Thread 0x000002d85f00ca10 nmethod 3343 0x000002d848809790 code [0x000002d848809940, 0x000002d848809c18]
Event: 44.631 Thread 0x000002d85f00ca10 3344       3       java.util.HashSet::isEmpty (8 bytes)
Event: 44.631 Thread 0x000002d85f00ca10 nmethod 3344 0x000002d848809c90 code [0x000002d848809e20, 0x000002d84880a078]
Event: 44.701 Thread 0x000002d85f007a50 3345       4       processing.opengl.FontTexture::contextIsOutdated (65 bytes)
Event: 44.703 Thread 0x000002d85f007a50 nmethod 3345 0x000002d84fe5d310 code [0x000002d84fe5d4a0, 0x000002d84fe5d5f8]
Event: 44.785 Thread 0x000002d85f007a50 3346       4       java.lang.StringLatin1::getChars (12 bytes)
Event: 44.786 Thread 0x000002d85f007a50 nmethod 3346 0x000002d84fe5d790 code [0x000002d84fe5d900, 0x000002d84fe5daf8]
Event: 44.867 Thread 0x000002d85f00ca10 3347       3       processing.core.PFont::indexHunt (67 bytes)
Event: 44.867 Thread 0x000002d85f00ca10 nmethod 3347 0x000002d84880a190 code [0x000002d84880a360, 0x000002d84880a678]
Event: 44.933 Thread 0x000002d85f00ca10 3348   !   3       com.jogamp.opengl.util.AWTAnimatorImpl::display (170 bytes)
Event: 44.933 Thread 0x000002d85f007a50 3349       4       processing.core.PGraphics::textLineImpl (41 bytes)
Event: 44.934 Thread 0x000002d85f00ca10 nmethod 3348 0x000002d84880a810 code [0x000002d84880ab20, 0x000002d84880c088]
Event: 44.941 Thread 0x000002d85f007a50 nmethod 3349 0x000002d84fe5db90 code [0x000002d84fe5dda0, 0x000002d84fe5e610]
Event: 45.067 Thread 0x000002d85f00ca10 3350       3       sun.font.TrueTypeGlyphMapper::charToGlyph (8 bytes)
Event: 45.067 Thread 0x000002d85f00ca10 nmethod 3350 0x000002d84880c810 code [0x000002d84880c9a0, 0x000002d84880cae8]
Event: 45.166 Thread 0x000002d85f00ca10 3352       3       sun.font.FileFontStrike::getGlyphImagePtr (95 bytes)
Event: 45.167 Thread 0x000002d85f00ca10 nmethod 3352 0x000002d84880cb90 code [0x000002d84880cde0, 0x000002d84880d6a8]
Event: 45.167 Thread 0x000002d85f00ca10 3351       3       sun.font.FileFontStrike::getGlyphMetrics (278 bytes)
Event: 45.168 Thread 0x000002d85f00ca10 nmethod 3351 0x000002d84880d990 code [0x000002d84880dd00, 0x000002d84880f4f8]

GC Heap History (6 events):
Event: 0.900 GC heap before
{Heap before GC invocations=0 (full 0):
 garbage-first heap   total 126976K, used 25600K [0x0000000085000000, 0x0000000100000000)
  region size 1024K, 23 young (23552K), 0 survivors (0K)
 Metaspace       used 11612K, committed 11776K, reserved 1114112K
  class space    used 849K, committed 960K, reserved 1048576K
}
Event: 0.911 GC heap after
{Heap after GC invocations=1 (full 0):
 garbage-first heap   total 126976K, used 2789K [0x0000000085000000, 0x0000000100000000)
  region size 1024K, 3 young (3072K), 3 survivors (3072K)
 Metaspace       used 11612K, committed 11776K, reserved 1114112K
  class space    used 849K, committed 960K, reserved 1048576K
}
Event: 2.059 GC heap before
{Heap before GC invocations=1 (full 0):
 garbage-first heap   total 126976K, used 35557K [0x0000000085000000, 0x0000000100000000)
  region size 1024K, 36 young (36864K), 3 survivors (3072K)
 Metaspace       used 14177K, committed 14400K, reserved 1114112K
  class space    used 1084K, committed 1216K, reserved 1048576K
}
Event: 2.064 GC heap after
{Heap after GC invocations=2 (full 0):
 garbage-first heap   total 126976K, used 7225K [0x0000000085000000, 0x0000000100000000)
  region size 1024K, 5 young (5120K), 5 survivors (5120K)
 Metaspace       used 14177K, committed 14400K, reserved 1114112K
  class space    used 1084K, committed 1216K, reserved 1048576K
}
Event: 43.398 GC heap before
{Heap before GC invocations=2 (full 0):
 garbage-first heap   total 126976K, used 36921K [0x0000000085000000, 0x0000000100000000)
  region size 1024K, 34 young (34816K), 5 survivors (5120K)
 Metaspace       used 21239K, committed 21504K, reserved 1114112K
  class space    used 1971K, committed 2112K, reserved 1048576K
}
Event: 43.402 GC heap after
{Heap after GC invocations=3 (full 0):
 garbage-first heap   total 126976K, used 9794K [0x0000000085000000, 0x0000000100000000)
  region size 1024K, 6 young (6144K), 6 survivors (6144K)
 Metaspace       used 21239K, committed 21504K, reserved 1114112K
  class space    used 1971K, committed 2112K, reserved 1048576K
}

Dll operation events (20 events):
Event: 0.008 Loaded shared library C:\Users\henry\.jdks\corretto-17.0.11\bin\java.dll
Event: 0.027 Loaded shared library C:\Users\henry\.jdks\corretto-17.0.11\bin\jsvml.dll
Event: 0.083 Loaded shared library C:\Users\henry\.jdks\corretto-17.0.11\bin\zip.dll
Event: 0.084 Loaded shared library C:\Users\henry\.jdks\corretto-17.0.11\bin\instrument.dll
Event: 0.089 Loaded shared library C:\Users\henry\.jdks\corretto-17.0.11\bin\net.dll
Event: 0.091 Loaded shared library C:\Users\henry\.jdks\corretto-17.0.11\bin\nio.dll
Event: 0.093 Loaded shared library C:\Users\henry\.jdks\corretto-17.0.11\bin\zip.dll
Event: 0.102 Loaded shared library C:\Program Files\JetBrains\IntelliJ IDEA 2024.1.1\bin\breakgen64.dll
Event: 0.111 Loaded shared library C:\Users\henry\.jdks\corretto-17.0.11\bin\extnet.dll
Event: 0.156 Loaded shared library C:\Users\henry\.jdks\corretto-17.0.11\bin\jimage.dll
Event: 0.159 Loaded shared library C:\Users\henry\.jdks\corretto-17.0.11\bin\awt.dll
Event: 0.475 Loaded shared library C:\Users\henry\IdeaProjects\RobotController\lib\gluegen_rt.dll
Event: 0.481 Loaded shared library C:\Users\henry\.jdks\corretto-17.0.11\bin\jawt.dll
Event: 0.483 Loaded shared library C:\Users\henry\IdeaProjects\RobotController\lib\nativewindow_awt.dll
Event: 0.508 Loaded shared library C:\Users\henry\IdeaProjects\RobotController\lib\nativewindow_win32.dll
Event: 0.516 Loaded shared library C:\Users\henry\IdeaProjects\RobotController\lib\newt_head.dll
Event: 0.696 Loaded shared library C:\Users\henry\IdeaProjects\RobotController\lib\jogl_desktop.dll
Event: 0.718 Loaded shared library C:\Users\henry\IdeaProjects\RobotController\lib\jogl_mobile.dll
Event: 1.576 Loaded shared library C:\Users\henry\.jdks\corretto-17.0.11\bin\freetype.dll
Event: 1.577 Loaded shared library C:\Users\henry\.jdks\corretto-17.0.11\bin\fontmanager.dll

Deoptimization events (20 events):
Event: 44.166 Thread 0x000002d85f4db6d0 Uncommon trap: trap_request=0xffffff45 fr.pc=0x000002d84fd71138 relative=0x0000000000001118
Event: 44.166 Thread 0x000002d85f4db6d0 Uncommon trap: reason=unstable_if action=reinterpret pc=0x000002d84fd71138 method=sun.font.FontDesignMetrics.charsWidth([CII)I @ 100 c2
Event: 44.166 Thread 0x000002d85f4db6d0 DEOPT PACKING pc=0x000002d84fd71138 sp=0x000000f529bfe390
Event: 44.166 Thread 0x000002d85f4db6d0 DEOPT UNPACKING pc=0x000002d84f72a1a3 sp=0x000000f529bfe090 mode 2
Event: 44.195 Thread 0x000002d85f4db6d0 Uncommon trap: trap_request=0xffffff45 fr.pc=0x000002d84fd5ca68 relative=0x00000000000002c8
Event: 44.195 Thread 0x000002d85f4db6d0 Uncommon trap: reason=unstable_if action=reinterpret pc=0x000002d84fd5ca68 method=java.lang.String.getChars(II[CI)V @ 23 c2
Event: 44.195 Thread 0x000002d85f4db6d0 DEOPT PACKING pc=0x000002d84fd5ca68 sp=0x000000f529bfe490
Event: 44.195 Thread 0x000002d85f4db6d0 DEOPT UNPACKING pc=0x000002d84f72a1a3 sp=0x000000f529bfe450 mode 2
Event: 44.195 Thread 0x000002d85f4db6d0 Uncommon trap: trap_request=0xffffff45 fr.pc=0x000002d84fd51958 relative=0x0000000000000718
Event: 44.195 Thread 0x000002d85f4db6d0 Uncommon trap: reason=unstable_if action=reinterpret pc=0x000002d84fd51958 method=sun.font.FontDesignMetrics.charsWidth([CII)I @ 100 c2
Event: 44.195 Thread 0x000002d85f4db6d0 DEOPT PACKING pc=0x000002d84fd51958 sp=0x000000f529bfe2b0
Event: 44.195 Thread 0x000002d85f4db6d0 DEOPT UNPACKING pc=0x000002d84f72a1a3 sp=0x000000f529bfe078 mode 2
Event: 44.210 Thread 0x000002d85f4db6d0 Uncommon trap: trap_request=0xffffff45 fr.pc=0x000002d84fd2fb38 relative=0x0000000000000698
Event: 44.210 Thread 0x000002d85f4db6d0 Uncommon trap: reason=unstable_if action=reinterpret pc=0x000002d84fd2fb38 method=sun.font.FontDesignMetrics.charsWidth([CII)I @ 100 c2
Event: 44.210 Thread 0x000002d85f4db6d0 DEOPT PACKING pc=0x000002d84fd2fb38 sp=0x000000f529bfe200
Event: 44.210 Thread 0x000002d85f4db6d0 DEOPT UNPACKING pc=0x000002d84f72a1a3 sp=0x000000f529bfe098 mode 2
Event: 45.343 Thread 0x000002d85f4dacb0 Uncommon trap: trap_request=0xffffff45 fr.pc=0x000002d84fd9cb60 relative=0x0000000000000060
Event: 45.343 Thread 0x000002d85f4dacb0 Uncommon trap: reason=unstable_if action=reinterpret pc=0x000002d84fd9cb60 method=java.util.HashMap.values()Ljava/util/Collection; @ 6 c2
Event: 45.343 Thread 0x000002d85f4dacb0 DEOPT PACKING pc=0x000002d84fd9cb60 sp=0x000000f528cff2d0
Event: 45.343 Thread 0x000002d85f4dacb0 DEOPT UNPACKING pc=0x000002d84f72a1a3 sp=0x000000f528cff268 mode 2

Classes unloaded (0 events):
No events

Classes redefined (0 events):
No events

Internal exceptions (20 events):
Event: 1.696 Thread 0x000002d85f4db6d0 Exception <a 'java/lang/NoSuchMethodError'{0x000000008b64ada0}: 'java.lang.Object java.lang.invoke.DirectMethodHandle$Holder.invokeStatic(java.lang.Object, float)'> (0x000000008b64ada0) 
thrown [s\src\hotspot\share\interpreter\linkResolver.cpp, line 759]
Event: 2.249 Thread 0x000002d85f4db6d0 Implicit null exception at 0x000002d84fd0da74 to 0x000002d84fd0df44
Event: 9.849 Thread 0x000002d85f4db6d0 Implicit null exception at 0x000002d84fd62f0c to 0x000002d84fd636d0
Event: 9.849 Thread 0x000002d85f4db6d0 Implicit null exception at 0x000002d84fd5a8c5 to 0x000002d84fd5a92c
Event: 37.625 Thread 0x000002d85f4db6d0 Implicit null exception at 0x000002d84fe17cd5 to 0x000002d84fe17d98
Event: 37.633 Thread 0x000002d85f4db6d0 Exception <a 'java/lang/NoSuchMethodError'{0x000000008b5c95e0}: 'java.lang.Object java.lang.invoke.DirectMethodHandle$Holder.newInvokeSpecial(java.lang.Object, java.lang.Object, java.lang.Object, java.lang.Object, java.lang.Object)'> (0x000000008b5c95e0) 
thrown [s\src\hotspot\share\interpreter\linkResolver.cpp, line 759]
Event: 37.634 Thread 0x000002d85f4db6d0 Exception <a 'java/lang/NoSuchMethodError'{0x000000008b5d4470}: 'java.lang.Object java.lang.invoke.DirectMethodHandle$Holder.invokeStatic(java.lang.Object, int, java.lang.Object, java.lang.Object, java.lang.Object, java.lang.Object)'> (0x000000008b5d4470) 
thrown [s\src\hotspot\share\interpreter\linkResolver.cpp, line 759]
Event: 37.660 Thread 0x000002d85f4db6d0 Exception <a 'java/lang/ClassNotFoundException'{0x000000008b4b4070}: com/sun/swing/internal/plaf/metal/resources/spi/metalProvider> (0x000000008b4b4070) 
thrown [s\src\hotspot\share\classfile\systemDictionary.cpp, line 256]
Event: 37.661 Thread 0x000002d85f4db6d0 Exception <a 'java/lang/ClassNotFoundException'{0x000000008b4b7fb8}: com/sun/swing/internal/plaf/basic/resources/spi/basicProvider> (0x000000008b4b7fb8) 
thrown [s\src\hotspot\share\classfile\systemDictionary.cpp, line 256]
Event: 37.662 Thread 0x000002d85f4db6d0 Implicit null exception at 0x000002d84fcdd8de to 0x000002d84fcde2ac
Event: 37.681 Thread 0x000002d8b6852440 Exception <a 'java/lang/NoSuchMethodError'{0x000000008b354660}: 'java.lang.Object java.lang.invoke.DirectMethodHandle$Holder.newInvokeSpecial(java.lang.Object, java.lang.Object, java.lang.Object, int, int, int, int, int)'> (0x000000008b354660) 
thrown [s\src\hotspot\share\interpreter\linkResolver.cpp, line 759]
Event: 37.694 Thread 0x000002d85f4db6d0 Implicit null exception at 0x000002d84fd191ec to 0x000002d84fd193bc
Event: 37.695 Thread 0x000002d85f4db6d0 Implicit null exception at 0x000002d84fcbac6c to 0x000002d84fcbae34
Event: 37.695 Thread 0x000002d85f4db6d0 Implicit null exception at 0x000002d84fcf188f to 0x000002d84fcf1909
Event: 37.700 Thread 0x000002d85f4db6d0 Implicit null exception at 0x000002d84fd5f016 to 0x000002d84fd5f2e0
Event: 38.165 Thread 0x000002d85f4db6d0 Exception <a 'java/lang/NoSuchMethodError'{0x000000008b277350}: 'int java.lang.invoke.DirectMethodHandle$Holder.invokeSpecial(java.lang.Object, java.lang.Object, java.lang.Object)'> (0x000000008b277350) 
thrown [s\src\hotspot\share\interpreter\linkResolver.cpp, line 759]
Event: 38.185 Thread 0x000002d85f4dc0f0 Exception <a 'java/lang/NoSuchMethodError'{0x000000008b1088b8}: 'void java.lang.invoke.DirectMethodHandle$Holder.invokeVirtual(java.lang.Object, java.lang.Object)'> (0x000000008b1088b8) 
thrown [s\src\hotspot\share\interpreter\linkResolver.cpp, line 759]
Event: 38.191 Thread 0x000002d85f4db6d0 Exception <a 'java/lang/NoSuchMethodError'{0x000000008b293878}: 'void java.lang.invoke.DirectMethodHandle$Holder.invokeStaticInit(java.lang.Object)'> (0x000000008b293878) 
thrown [s\src\hotspot\share\interpreter\linkResolver.cpp, line 759]
Event: 38.270 Thread 0x000002d85f4db6d0 Exception <a 'java/lang/NoSuchMethodError'{0x000000008b1ce328}: 'int java.lang.invoke.DirectMethodHandle$Holder.invokeStatic(java.lang.Object)'> (0x000000008b1ce328) 
thrown [s\src\hotspot\share\interpreter\linkResolver.cpp, line 759]
Event: 45.320 Thread 0x000002d85f4d9870 Exception <a 'java/lang/InterruptedException'{0x0000000086ff1b78}> (0x0000000086ff1b78) 
thrown [s\src\hotspot\share\runtime\objectMonitor.cpp, line 1658]

VM Operations (20 events):
Event: 37.663 Executing VM operation: HandshakeAllThreads done
Event: 38.664 Executing VM operation: Cleanup
Event: 38.664 Executing VM operation: Cleanup done
Event: 39.664 Executing VM operation: Cleanup
Event: 39.664 Executing VM operation: Cleanup done
Event: 41.665 Executing VM operation: Cleanup
Event: 41.665 Executing VM operation: Cleanup done
Event: 42.666 Executing VM operation: Cleanup
Event: 42.666 Executing VM operation: Cleanup done
Event: 43.398 Executing VM operation: CollectForMetadataAllocation
Event: 43.402 Executing VM operation: CollectForMetadataAllocation done
Event: 43.409 Executing VM operation: G1PauseRemark
Event: 43.413 Executing VM operation: G1PauseRemark done
Event: 43.415 Executing VM operation: G1PauseCleanup
Event: 43.417 Executing VM operation: G1PauseCleanup done
Event: 44.418 Executing VM operation: Cleanup
Event: 44.418 Executing VM operation: Cleanup done
Event: 45.418 Executing VM operation: Cleanup
Event: 45.418 Executing VM operation: Cleanup done
Event: 45.422 Executing VM operation: Exit

Events (20 events):
Event: 45.320 Thread 0x000002d8b68551d0 Thread added: 0x000002d8b68551d0
Event: 45.320 Thread 0x000002d8b6850af0 Thread added: 0x000002d8b6850af0
Event: 45.320 Thread 0x000002d8b6856b20 Thread added: 0x000002d8b6856b20
Event: 45.320 Thread 0x000002d8b6856610 Thread added: 0x000002d8b6856610
Event: 45.320 Thread 0x000002d8b6852950 Thread added: 0x000002d8b6852950
Event: 45.320 Thread 0x000002d85f4d9870 Thread exited: 0x000002d85f4d9870
Event: 45.320 Thread 0x000002d8b6850af0 Thread exited: 0x000002d8b6850af0
Event: 45.320 loading class sun/font/SunFontManager$8$1
Event: 45.320 loading class java/nio/channels/ClosedChannelException
Event: 45.321 loading class sun/font/SunFontManager$8$1 done
Event: 45.321 loading class java/nio/channels/ClosedChannelException done
Event: 45.321 Thread 0x000002d8b6852950 Thread exited: 0x000002d8b6852950
Event: 45.321 Thread 0x000002d8b68551d0 Thread exited: 0x000002d8b68551d0
Event: 45.321 Thread 0x000002d85f4d8940 Thread exited: 0x000002d85f4d8940
Event: 45.321 Thread 0x000002d8b6856b20 Thread exited: 0x000002d8b6856b20
Event: 45.325 Thread 0x000002d8b6853370 Thread exited: 0x000002d8b6853370
Event: 45.345 Thread 0x000002d85f4dc0f0 Thread exited: 0x000002d85f4dc0f0
Event: 45.353 Thread 0x000002d85f4dacb0 Thread exited: 0x000002d85f4dacb0
Event: 45.358 Thread 0x000002d8b68505e0 Thread exited: 0x000002d8b68505e0
Event: 45.421 Thread 0x000002d8b6856610 Thread exited: 0x000002d8b6856610


Dynamic libraries:
0x00007ff68bdd0000 - 0x00007ff68bdde000 	C:\Users\henry\.jdks\corretto-17.0.11\bin\java.exe
0x00007fff33670000 - 0x00007fff33887000 	C:\WINDOWS\SYSTEM32\ntdll.dll
0x00007fff31eb0000 - 0x00007fff31f74000 	C:\WINDOWS\System32\KERNEL32.DLL
0x00007fff30dd0000 - 0x00007fff3118a000 	C:\WINDOWS\System32\KERNELBASE.dll
0x00007fff30c30000 - 0x00007fff30d41000 	C:\WINDOWS\System32\ucrtbase.dll
0x00007fff2b700000 - 0x00007fff2b71b000 	C:\Users\henry\.jdks\corretto-17.0.11\bin\VCRUNTIME140.dll
0x00007fff28cb0000 - 0x00007fff28cc7000 	C:\Users\henry\.jdks\corretto-17.0.11\bin\jli.dll
0x00007fff32900000 - 0x00007fff32aae000 	C:\WINDOWS\System32\USER32.dll
0x00007fff086b0000 - 0x00007fff08942000 	C:\WINDOWS\WinSxS\amd64_microsoft.windows.common-controls_6595b64144ccf1df_6.0.22621.4541_none_2710d1c57384c085\COMCTL32.dll
0x00007fff30930000 - 0x00007fff30956000 	C:\WINDOWS\System32\win32u.dll
0x00007fff31a80000 - 0x00007fff31b27000 	C:\WINDOWS\System32\msvcrt.dll
0x00007fff33460000 - 0x00007fff33489000 	C:\WINDOWS\System32\GDI32.dll
0x00007fff31190000 - 0x00007fff312ab000 	C:\WINDOWS\System32\gdi32full.dll
0x00007fff30a20000 - 0x00007fff30aba000 	C:\WINDOWS\System32\msvcp_win.dll
0x00007fff31df0000 - 0x00007fff31e21000 	C:\WINDOWS\System32\IMM32.DLL
0x00007fff2af70000 - 0x00007fff2af7c000 	C:\Users\henry\.jdks\corretto-17.0.11\bin\vcruntime140_1.dll
0x00007fff19350000 - 0x00007fff193dd000 	C:\Users\henry\.jdks\corretto-17.0.11\bin\msvcp140.dll
0x00007ffe2ff40000 - 0x00007ffe30ba2000 	C:\Users\henry\.jdks\corretto-17.0.11\bin\server\jvm.dll
0x00007fff31890000 - 0x00007fff31942000 	C:\WINDOWS\System32\ADVAPI32.dll
0x00007fff32bd0000 - 0x00007fff32c77000 	C:\WINDOWS\System32\sechost.dll
0x00007fff31330000 - 0x00007fff31358000 	C:\WINDOWS\System32\bcrypt.dll
0x00007fff32ab0000 - 0x00007fff32bc4000 	C:\WINDOWS\System32\RPCRT4.dll
0x00007fff2fe90000 - 0x00007fff2fedd000 	C:\WINDOWS\SYSTEM32\POWRPROF.dll
0x00007fff28ca0000 - 0x00007fff28ca9000 	C:\WINDOWS\SYSTEM32\WSOCK32.dll
0x00007fff289c0000 - 0x00007fff289ca000 	C:\WINDOWS\SYSTEM32\VERSION.dll
0x00007fff31a00000 - 0x00007fff31a71000 	C:\WINDOWS\System32\WS2_32.dll
0x00007fff28d60000 - 0x00007fff28d94000 	C:\WINDOWS\SYSTEM32\WINMM.dll
0x00007fff2fdc0000 - 0x00007fff2fdd3000 	C:\WINDOWS\SYSTEM32\UMPDC.dll
0x00007fff2f9b0000 - 0x00007fff2f9c8000 	C:\WINDOWS\SYSTEM32\kernel.appcore.dll
0x00007fff19500000 - 0x00007fff1950a000 	C:\Users\henry\.jdks\corretto-17.0.11\bin\jimage.dll
0x00007fff2e1b0000 - 0x00007fff2e3e2000 	C:\WINDOWS\SYSTEM32\DBGHELP.DLL
0x00007fff31380000 - 0x00007fff31711000 	C:\WINDOWS\System32\combase.dll
0x00007fff32c80000 - 0x00007fff32d57000 	C:\WINDOWS\System32\OLEAUT32.dll
0x00007ffefcc20000 - 0x00007ffefcc52000 	C:\WINDOWS\SYSTEM32\dbgcore.DLL
0x00007fff30d50000 - 0x00007fff30dcb000 	C:\WINDOWS\System32\bcryptPrimitives.dll
0x00007fff194f0000 - 0x00007fff194fe000 	C:\Users\henry\.jdks\corretto-17.0.11\bin\instrument.dll
0x00007fff19320000 - 0x00007fff19345000 	C:\Users\henry\.jdks\corretto-17.0.11\bin\java.dll
0x00007fff18da0000 - 0x00007fff18e77000 	C:\Users\henry\.jdks\corretto-17.0.11\bin\jsvml.dll
0x00007fff32080000 - 0x00007fff328f9000 	C:\WINDOWS\System32\SHELL32.dll
0x00007fff2e820000 - 0x00007fff2f129000 	C:\WINDOWS\SYSTEM32\windows.storage.dll
0x00007fff2e6e0000 - 0x00007fff2e81f000 	C:\WINDOWS\SYSTEM32\wintypes.dll
0x00007fff334a0000 - 0x00007fff3359a000 	C:\WINDOWS\System32\SHCORE.dll
0x00007fff319a0000 - 0x00007fff319fe000 	C:\WINDOWS\System32\shlwapi.dll
0x00007fff30860000 - 0x00007fff3088b000 	C:\WINDOWS\SYSTEM32\profapi.dll
0x00007fff19300000 - 0x00007fff19318000 	C:\Users\henry\.jdks\corretto-17.0.11\bin\zip.dll
0x00007fff192e0000 - 0x00007fff192f9000 	C:\Users\henry\.jdks\corretto-17.0.11\bin\net.dll
0x00007fff2c4a0000 - 0x00007fff2c5d6000 	C:\WINDOWS\SYSTEM32\WINHTTP.dll
0x00007fff2fee0000 - 0x00007fff2ff49000 	C:\WINDOWS\system32\mswsock.dll
0x00007fff192c0000 - 0x00007fff192d6000 	C:\Users\henry\.jdks\corretto-17.0.11\bin\nio.dll
0x00007fff192a0000 - 0x00007fff192ba000 	C:\Program Files\JetBrains\IntelliJ IDEA 2024.1.1\bin\breakgen64.dll
0x00007fff190b0000 - 0x00007fff190b9000 	C:\Users\henry\.jdks\corretto-17.0.11\bin\extnet.dll
0x00007fff00270000 - 0x00007fff00400000 	C:\Users\henry\.jdks\corretto-17.0.11\bin\awt.dll
0x00007fff2b8c0000 - 0x00007fff2b957000 	C:\WINDOWS\SYSTEM32\apphelp.dll
0x00007fff2d9b0000 - 0x00007fff2da61000 	C:\WINDOWS\system32\uxtheme.dll
0x00007fff31720000 - 0x00007fff31881000 	C:\WINDOWS\System32\MSCTF.dll
0x00007fff32e30000 - 0x00007fff32fd5000 	C:\WINDOWS\System32\ole32.dll
0x00007fff2dc50000 - 0x00007fff2dc7b000 	C:\WINDOWS\system32\DWMAPI.DLL
0x00007ffef32f0000 - 0x00007ffef33f0000 	C:\WINDOWS\system32\opengl32.dll
0x00007ffef31c0000 - 0x00007ffef31ed000 	C:\WINDOWS\SYSTEM32\GLU32.dll
0x00007fff2dae0000 - 0x00007fff2db17000 	C:\WINDOWS\SYSTEM32\dxcore.dll
0x00007fff30140000 - 0x00007fff3015b000 	C:\WINDOWS\SYSTEM32\CRYPTSP.dll
0x00007fff2f910000 - 0x00007fff2f945000 	C:\WINDOWS\system32\rsaenh.dll
0x00007fff2ffd0000 - 0x00007fff2fff8000 	C:\WINDOWS\SYSTEM32\USERENV.dll
0x00007fff30130000 - 0x00007fff3013c000 	C:\WINDOWS\SYSTEM32\CRYPTBASE.dll
0x00007fff2f3c0000 - 0x00007fff2f3ed000 	C:\WINDOWS\SYSTEM32\IPHLPAPI.DLL
0x00007fff33490000 - 0x00007fff33499000 	C:\WINDOWS\System32\NSI.dll
0x00007fff2b790000 - 0x00007fff2b7a9000 	C:\WINDOWS\SYSTEM32\dhcpcsvc6.DLL
0x00007fff2b5a0000 - 0x00007fff2b5bf000 	C:\WINDOWS\SYSTEM32\dhcpcsvc.DLL
0x00007fff2f440000 - 0x00007fff2f542000 	C:\WINDOWS\SYSTEM32\DNSAPI.dll
0x000000006e8c0000 - 0x000000006e8cd000 	C:\Users\henry\IdeaProjects\RobotController\lib\gluegen_rt.dll
0x00007fff18d90000 - 0x00007fff18d97000 	C:\Users\henry\.jdks\corretto-17.0.11\bin\jawt.dll
0x000000006a440000 - 0x000000006a44d000 	C:\Users\henry\IdeaProjects\RobotController\lib\nativewindow_awt.dll
0x000000006c100000 - 0x000000006c110000 	C:\Users\henry\IdeaProjects\RobotController\lib\nativewindow_win32.dll
0x0000000070d80000 - 0x0000000070d93000 	C:\Users\henry\IdeaProjects\RobotController\lib\newt_head.dll
0x00007fff2bfc0000 - 0x00007fff2c07c000 	C:\WINDOWS\SYSTEM32\mscms.dll
0x00007ffef1ad0000 - 0x00007ffef1b19000 	C:\WINDOWS\SYSTEM32\icm32.dll
0x00007fff32fe0000 - 0x00007fff33454000 	C:\WINDOWS\System32\setupapi.dll
0x00007fff305f0000 - 0x00007fff3061c000 	C:\WINDOWS\SYSTEM32\DEVOBJ.dll
0x00007fff30620000 - 0x00007fff3066e000 	C:\WINDOWS\SYSTEM32\CFGMGR32.dll
0x00007fff312b0000 - 0x00007fff31322000 	C:\WINDOWS\System32\WINTRUST.dll
0x00007fff30ac0000 - 0x00007fff30c26000 	C:\WINDOWS\System32\CRYPT32.dll
0x00007fff30190000 - 0x00007fff301a2000 	C:\WINDOWS\SYSTEM32\MSASN1.dll
0x0000000064500000 - 0x0000000064585000 	C:\Users\henry\IdeaProjects\RobotController\lib\jogl_desktop.dll
0x0000000064340000 - 0x0000000064391000 	C:\Users\henry\IdeaProjects\RobotController\lib\jogl_mobile.dll
0x00007fff28200000 - 0x00007fff28249000 	C:\WINDOWS\SYSTEM32\directxdatabasehelper.dll
0x00007fff32d60000 - 0x00007fff32e10000 	C:\WINDOWS\System32\clbcatq.dll
0x00007fff2bd30000 - 0x00007fff2be74000 	C:\Windows\System32\AppXDeploymentClient.dll
0x00007ffe2eeb0000 - 0x00007ffe2ff37000 	C:\WINDOWS\System32\DriverStore\FileRepository\iigd_dch.inf_amd64_57ce179e0ee5edd3\igxelpicd64.dll
0x00007fff2db20000 - 0x00007fff2dc17000 	C:\WINDOWS\system32\dxgi.dll
0x00007fff0c580000 - 0x00007fff0c6bc000 	C:\WINDOWS\System32\DriverStore\FileRepository\iigd_dch.inf_amd64_57ce179e0ee5edd3\igdml64.dll
0x00007fff23570000 - 0x00007fff23979000 	C:\WINDOWS\System32\DriverStore\FileRepository\iigd_dch.inf_amd64_57ce179e0ee5edd3\igdgmm64.dll
0x00007fff1eee0000 - 0x00007fff23564000 	C:\WINDOWS\System32\DriverStore\FileRepository\iigd_dch.inf_amd64_57ce179e0ee5edd3\igc64.dll
0x00007fff262e0000 - 0x00007fff26425000 	C:\WINDOWS\SYSTEM32\textinputframework.dll
0x00007fff2ac70000 - 0x00007fff2ada3000 	C:\WINDOWS\SYSTEM32\CoreMessaging.dll
0x00007fff27a70000 - 0x00007fff27ddd000 	C:\WINDOWS\SYSTEM32\CoreUIComponents.dll
0x00007fff08ed0000 - 0x00007fff08f39000 	C:\WINDOWS\system32\Oleacc.dll
0x00007ffef3170000 - 0x00007ffef31bb000 	C:\WINDOWS\system32\ApplicationTargetedFeatureDatabase.dll
0x00007fff265d0000 - 0x00007fff26874000 	C:\Windows\System32\twinapi.appcore.dll
0x00007fff18d00000 - 0x00007fff18d87000 	C:\Users\henry\.jdks\corretto-17.0.11\bin\freetype.dll
0x00007fff0b7e0000 - 0x00007fff0b8c2000 	C:\Users\henry\.jdks\corretto-17.0.11\bin\fontmanager.dll
0x00007fff08b20000 - 0x00007fff08bd3000 	C:\WINDOWS\WinSxS\amd64_microsoft.windows.common-controls_6595b64144ccf1df_5.82.22621.3527_none_b43b7f4b638cc64f\comctl32.dll
0x00007fff2d100000 - 0x00007fff2d201000 	C:\WINDOWS\SYSTEM32\PROPSYS.dll
0x00007ffeff240000 - 0x00007ffeff2f6000 	C:\Windows\System32\Windows.FileExplorer.Common.dll
0x00007fff18f00000 - 0x00007fff18f1a000 	C:\WINDOWS\system32\NetworkExplorer.dll
0x00007ffeec6a0000 - 0x00007ffeee083000 	C:\Program Files\Siemens\Connector\PLDriveWindowsShell\PLDriveShellExtensions.dll
0x00007ffeec650000 - 0x00007ffeec69d000 	C:\WINDOWS\SYSTEM32\CONCRT140.dll
0x00007fff13140000 - 0x00007fff1315e000 	C:\WINDOWS\SYSTEM32\MPR.dll
0x00007fff18c50000 - 0x00007fff18c7b000 	C:\WINDOWS\System32\p9np.dll
0x00007fff18c40000 - 0x00007fff18c4c000 	C:\WINDOWS\System32\drprov.dll
0x00007fff03460000 - 0x00007fff03479000 	C:\WINDOWS\System32\ntlanman.dll
0x00007fff03440000 - 0x00007fff0345f000 	C:\WINDOWS\System32\davclnt.dll
0x00007fff2f8a0000 - 0x00007fff2f906000 	C:\WINDOWS\System32\WINSTA.dll
0x00007fff28d40000 - 0x00007fff28d5a000 	C:\WINDOWS\System32\wkscli.dll
0x00007fff03030000 - 0x00007fff03042000 	C:\WINDOWS\SYSTEM32\cscapi.dll
0x00007fff2f650000 - 0x00007fff2f65c000 	C:\WINDOWS\System32\netutils.dll
0x00007ffe921f0000 - 0x00007ffe9224d000 	C:\Windows\System32\dlnashext.dll
0x00007fff0bf20000 - 0x00007fff0bf89000 	C:\Windows\System32\PlayToDevice.dll
0x00007fff09000000 - 0x00007fff09021000 	C:\Windows\System32\DevDispItemProvider.dll
0x00007fff239f0000 - 0x00007fff23a8e000 	C:\WINDOWS\System32\MMDevApi.dll
0x00007fff001c0000 - 0x00007fff0026a000 	C:\WINDOWS\system32\wpdshext.dll
0x00007fff08950000 - 0x00007fff08b0a000 	C:\WINDOWS\WinSxS\amd64_microsoft.windows.gdiplus_6595b64144ccf1df_1.1.22621.4746_none_57fb527ace17bb1a\gdiplus.dll
0x00007fff28100000 - 0x00007fff2819f000 	C:\Windows\System32\PortableDeviceApi.dll
0x00007fff28980000 - 0x00007fff289b1000 	C:\Windows\System32\PortableDeviceTypes.dll
0x00007fff11360000 - 0x00007fff11384000 	C:\Windows\System32\EhStorAPI.dll
0x00007fff2f6f0000 - 0x00007fff2f704000 	C:\Windows\System32\WTSAPI32.dll
0x00007fff01cd0000 - 0x00007fff01cdd000 	C:\WINDOWS\SYSTEM32\LINKINFO.dll
0x00007fff1e970000 - 0x00007fff1eaad000 	C:\Windows\System32\Windows.System.Launcher.dll
0x00007fff2cf20000 - 0x00007fff2cfb3000 	C:\Windows\System32\msvcp110_win.dll

dbghelp: loaded successfully - version: 4.0.5 - missing functions: none
symbol engine: initialized successfully - sym options: 0x614 - pdb path: .;C:\Users\henry\.jdks\corretto-17.0.11\bin;C:\WINDOWS\SYSTEM32;C:\WINDOWS\WinSxS\amd64_microsoft.windows.common-controls_6595b64144ccf1df_6.0.22621.4541_none_2710d1c57384c085;C:\Users\henry\.jdks\corretto-17.0.11\bin\server;C:\Program Files\JetBrains\IntelliJ IDEA 2024.1.1\bin;C:\Users\henry\IdeaProjects\RobotController\lib;C:\WINDOWS\System32\DriverStore\FileRepository\iigd_dch.inf_amd64_57ce179e0ee5edd3;C:\WINDOWS\WinSxS\amd64_microsoft.windows.common-controls_6595b64144ccf1df_5.82.22621.3527_none_b43b7f4b638cc64f;C:\Program Files\Siemens\Connector\PLDriveWindowsShell;C:\WINDOWS\WinSxS\amd64_microsoft.windows.gdiplus_6595b64144ccf1df_1.1.22621.4746_none_57fb527ace17bb1a

VM Arguments:
jvm_args: -Djava.library.path=C:\Users\henry\IdeaProjects\RobotController\lib -javaagent:C:\Program Files\JetBrains\IntelliJ IDEA 2024.1.1\lib\idea_rt.jar=61488:C:\Program Files\JetBrains\IntelliJ IDEA 2024.1.1\bin -Dfile.encoding=UTF-8 
java_command: Logic.Main
java_class_path (initial): C:\Users\henry\IdeaProjects\RobotController\out\production\RobotController;C:\Users\henry\IdeaProjects\RobotController\lib\core.jar;C:\Users\henry\IdeaProjects\RobotController\lib\gluegen-rt.jar;C:\Users\henry\IdeaProjects\RobotController\lib\jogl-all.jar;C:\Users\henry\IdeaProjects\RobotController\lib\serial.jar;C:\Users\henry\IdeaProjects\RobotController\lib\jssc.jar
Launcher Type: SUN_STANDARD

[Global flags]
     intx CICompilerCount                          = 4                                         {product} {ergonomic}
     uint ConcGCThreads                            = 2                                         {product} {ergonomic}
     uint G1ConcRefinementThreads                  = 8                                         {product} {ergonomic}
   size_t G1HeapRegionSize                         = 1048576                                   {product} {ergonomic}
    uintx GCDrainStackTargetSize                   = 64                                        {product} {ergonomic}
   size_t InitialHeapSize                          = 130023424                                 {product} {ergonomic}
   size_t MarkStackSize                            = 4194304                                   {product} {ergonomic}
   size_t MaxHeapSize                              = 2063597568                                {product} {ergonomic}
   size_t MaxNewSize                               = 1237319680                                {product} {ergonomic}
   size_t MinHeapDeltaBytes                        = 1048576                                   {product} {ergonomic}
   size_t MinHeapSize                              = 8388608                                   {product} {ergonomic}
    uintx NonNMethodCodeHeapSize                   = 5839372                                {pd product} {ergonomic}
    uintx NonProfiledCodeHeapSize                  = 122909434                              {pd product} {ergonomic}
    uintx ProfiledCodeHeapSize                     = 122909434                              {pd product} {ergonomic}
    uintx ReservedCodeCacheSize                    = 251658240                              {pd product} {ergonomic}
     bool SegmentedCodeCache                       = true                                      {product} {ergonomic}
   size_t SoftMaxHeapSize                          = 2063597568                             {manageable} {ergonomic}
     bool UseCompressedClassPointers               = true                           {product lp64_product} {ergonomic}
     bool UseCompressedOops                        = true                           {product lp64_product} {ergonomic}
     bool UseG1GC                                  = true                                      {product} {ergonomic}
     bool UseLargePagesIndividualAllocation        = false                                  {pd product} {ergonomic}

Logging:
Log output configuration:
 #0: stdout all=off uptime,level,tags
 #1: stderr all=off uptime,level,tags

Environment Variables:
PATH=C:\Program Files (x86)\Common Files\Oracle\Java\java8path;C:\Program Files (x86)\Common Files\Oracle\Java\javapath;C:\WINDOWS\system32;C:\WINDOWS;C:\WINDOWS\System32\Wbem;C:\WINDOWS\System32\WindowsPowerShell\v1.0\;C:\WINDOWS\System32\OpenSSH\;C:\Program Files\dotnet\;C:\Program Files\Git\cmd;C:\Program Files\Microsoft SQL Server\Client SDK\ODBC\130\Tools\Binn\;C:\Program Files (x86)\Microsoft SQL Server\140\Tools\Binn\;C:\Program Files\Microsoft SQL Server\140\Tools\Binn\;C:\Program Files\Microsoft SQL Server\140\DTS\Binn\;C:\Program Files\MATLAB\R2024b\bin;C:\Users\henry\AppData\Local\Programs\Python\Launcher\;C:\Users\henry\AppData\Local\Microsoft\WindowsApps;C:\Program Files\JetBrains\IntelliJ IDEA 2024.1.1\bin;;C:\Users\henry\AppData\Local\Programs\MiKTeX\miktex\bin\x64\
USERNAME=henry
OS=Windows_NT
PROCESSOR_IDENTIFIER=Intel64 Family 6 Model 140 Stepping 1, GenuineIntel
TMP=C:\Users\henry\AppData\Local\Temp
TEMP=C:\Users\henry\AppData\Local\Temp



Periodic native trim disabled


---------------  S Y S T E M  ---------------

OS:
 Windows 11 , 64 bit Build 22621 (10.0.22621.4391)
OS uptime: 0 days 1:28 hours
Hyper-V role detected

CPU: total 8 (initial active 8) (4 cores per cpu, 2 threads per core) family 6 model 140 stepping 1 microcode 0xb4, cx8, cmov, fxsr, ht, mmx, 3dnowpref, sse, sse2, sse3, ssse3, sse4.1, sse4.2, popcnt, lzcnt, tsc, tscinvbit, avx, avx2, aes, erms, clmul, bmi1, bmi2, adx, avx512f, avx512dq, avx512cd, avx512bw, avx512vl, sha, fma, vzeroupper, avx512_vpopcntdq, avx512_vpclmulqdq, avx512_vaes, avx512_vnni, clflush, clflushopt, clwb, avx512_vbmi2, avx512_vbmi, hv
Processor Information for processor 0
  Max Mhz: 2419, Current Mhz: 2419, Mhz Limit: 2419
Processor Information for processor 1
  Max Mhz: 2419, Current Mhz: 2419, Mhz Limit: 2419
Processor Information for processor 2
  Max Mhz: 2419, Current Mhz: 2419, Mhz Limit: 2419
Processor Information for processor 3
  Max Mhz: 2419, Current Mhz: 1007, Mhz Limit: 2419
Processor Information for processor 4
  Max Mhz: 2419, Current Mhz: 2419, Mhz Limit: 2419
Processor Information for processor 5
  Max Mhz: 2419, Current Mhz: 2419, Mhz Limit: 2419
Processor Information for processor 6
  Max Mhz: 2419, Current Mhz: 1007, Mhz Limit: 2419
Processor Information for processor 7
  Max Mhz: 2419, Current Mhz: 2419, Mhz Limit: 2419

Memory: 4k page, system-wide physical 7865M (1029M free)
TotalPageFile size 22713M (AvailPageFile size 9447M)
current process WorkingSet (physical memory assigned to process): 344M, peak: 381M
current process commit charge ("private bytes"): 343M, peak: 442M

vm_info: OpenJDK 64-Bit Server VM (17.0.11+9-LTS) for windows-amd64 JRE (17.0.11+9-LTS), built on Apr 10 2024 22:12:24 by "Administrator" with MS VC++ 16.10 / 16.11 (VS2019)

END.
