#
# A fatal error has been detected by the Java Runtime Environment:
#
#  EXCEPTION_ACCESS_VIOLATION (0xc0000005) at pc=0x00007ffe2ef57a32, pid=12148, tid=10660
#
# JRE version: OpenJDK Runtime Environment Corretto-17.0.11.9.1 (17.0.11+9) (build 17.0.11+9-LTS)
# Java VM: OpenJDK 64-Bit Server VM Corretto-17.0.11.9.1 (17.0.11+9-LTS, mixed mode, sharing, tiered, compressed oops, compressed class ptrs, g1 gc, windows-amd64)
# Problematic frame:
# C  [igxelpicd64.dll+0xa7a32]
#
# No core dump will be written. Minidumps are not enabled by default on client versions of Windows
#
# If you would like to submit a bug report, please visit:
#   https://github.com/corretto/corretto-17/issues/
#

---------------  S U M M A R Y ------------

Command Line: -Djava.library.path=C:\Users\henry\IdeaProjects\RobotController\lib -javaagent:C:\Program Files\JetBrains\IntelliJ IDEA 2024.1.1\lib\idea_rt.jar=61064:C:\Program Files\JetBrains\IntelliJ IDEA 2024.1.1\bin -Dfile.encoding=UTF-8 Logic.Main

Host: 11th Gen Intel(R) Core(TM) i5-1135G7 @ 2.40GHz, 8 cores, 7G,  Windows 11 , 64 bit Build 22621 (10.0.22621.4391)
Time: Mon Jan 27 11:22:36 2025 W. Europe Standard Time elapsed time: 62.373242 seconds (0d 0h 1m 2s)

---------------  T H R E A D  ---------------

Current thread (0x000001cbfeb9b170):  VMThread "VM Thread" [stack: 0x0000000d97a00000,0x0000000d97b00000] [id=10660]

Stack: [0x0000000d97a00000,0x0000000d97b00000],  sp=0x0000000d97afe890,  free space=1018k
Native frames: (J=compiled Java code, j=interpreted, Vv=VM code, C=native code)
C  [igxelpicd64.dll+0xa7a32]


siginfo: EXCEPTION_ACCESS_VIOLATION (0xc0000005), reading address 0x0000000000035898


Registers:
RAX=0x000001cbe6093c48, RBX=0x000001cbe6093a20, RCX=0x0000000000000000, RDX=0x00000000fffffff4
RSP=0x0000000d97afe890, RBP=0x0000000000000000, RSI=0x000001cbe6093ff0, RDI=0x000001cbda953560
R8 =0x0000000000000014, R9 =0x0000000000000004, R10=0x0000000000000000, R11=0x0000000000000246
R12=0x000001cbdafbad00, R13=0x000001cbe6094740, R14=0x000000000038f100, R15=0x0000000000000016
RIP=0x00007ffe2ef57a32, EFLAGS=0x0000000000010206


Register to memory mapping:

RIP=0x00007ffe2ef57a32 igxelpicd64.dll
RAX=0x000001cbe6093c48 points into unknown readable memory: 0x000000000038edce | ce ed 38 00 00 00 00 00
RBX=0x000001cbe6093a20 points into unknown readable memory: 0x000001cbd473eee0 | e0 ee 73 d4 cb 01 00 00
RCX=0x0 is NULL
RDX=0x00000000fffffff4 is an unallocated location in the heap
RSP=0x0000000d97afe890 points into unknown readable memory: 0x000001cbd4547550 | 50 75 54 d4 cb 01 00 00
RBP=0x0 is NULL
RSI=0x000001cbe6093ff0 points into unknown readable memory: 0x000001cbe6094740 | 40 47 09 e6 cb 01 00 00
RDI=0x000001cbda953560 points into unknown readable memory: 0x000001cbda910600 | 00 06 91 da cb 01 00 00
R8 =0x0000000000000014 is an unknown value
R9 =0x0000000000000004 is an unknown value
R10=0x0 is NULL
R11=0x0000000000000246 is an unknown value
R12=0x000001cbdafbad00 points into unknown readable memory: 0x00007ffe2f9ff8d4 | d4 f8 9f 2f fe 7f 00 00
R13=0x000001cbe6094740 points into unknown readable memory: 0x000001cbd473eee0 | e0 ee 73 d4 cb 01 00 00
R14=0x000000000038f100 is an unknown value
R15=0x0000000000000016 is an unknown value


Top of Stack: (sp=0x0000000d97afe890)
0x0000000d97afe890:   000001cbd4547550 0000000000000000
0x0000000d97afe8a0:   02832f8902a09388 00007fff337143e4
0x0000000d97afe8b0:   02933d8a02f00f8a 02005d8a02864b8a
0x0000000d97afe8c0:   02a2888a0093808a 00e3fa8a02489c8a
0x0000000d97afe8d0:   0000000000000016 000000000038f1ed
0x0000000d97afe8e0:   0000b80218dd0000 000001cbdafbad18
0x0000000d97afe8f0:   0000000000000000 0000000000000000
0x0000000d97afe900:   0000000d97afea10 00007ffe2ef3d5df
0x0000000d97afe910:   000001cbd4547550 000001cbda953560
0x0000000d97afe920:   0071829202336000 01eff69202b78900
0x0000000d97afe930:   0000000d0000093c 018cce9300000000
0x0000000d97afe940:   0000000000000000 000040007a000004
0x0000000d97afe950:   0000000000000000 0000000000000000
0x0000000d97afe960:   000010027a000004 0000000000000000
0x0000000d97afe970:   0000000000000000 001040007a000004
0x0000000d97afe980:   0000000000000000 0000000000000000
0x0000000d97afe990:   000000007a000004 0000000000000000
0x0000000d97afe9a0:   0000000000000000 001040007a000004
0x0000000d97afe9b0:   000001cbd78e0000 0000000000000060
0x0000000d97afe9c0:   0000b80218dd0000 000000000000093c
0x0000000d97afe9d0:   0000000000000000 8000314000000001
0x0000000d97afe9e0:   0000000000000000 0000000000000000
0x0000000d97afe9f0:   0000000000000000 0000000000000000
0x0000000d97afea00:   0000000000000000 0000000000000000
0x0000000d97afea10:   0000000000000000 0000000000000000
0x0000000d97afea20:   0000000000000000 0000000000000000
0x0000000d97afea30:   0000000000000000 0000000000000000
0x0000000d97afea40:   0000000000000000 0000000000000000
0x0000000d97afea50:   0000000000000000 0000000000000000
0x0000000d97afea60:   0000000000000000 0000000000000000
0x0000000d97afea70:   0000000000000000 0000000000000000
0x0000000d97afea80:   0000000000000000 0000000000000000 

Instructions: (pc=0x00007ffe2ef57a32)
0x00007ffe2ef57932:   8b fa 48 8b e9 48 8b 1d 92 c4 f1 00 48 89 58 08
0x00007ffe2ef57942:   48 8b cb ff 15 dd 48 a9 00 90 4c 8b af 78 02 00
0x00007ffe2ef57952:   00 48 8b 05 c6 69 e1 00 44 8b b8 a0 0b 00 00 45
0x00007ffe2ef57962:   33 d2 45 8a f2 4c 89 97 78 02 00 00 44 89 97 80
0x00007ffe2ef57972:   02 00 00 4c 89 97 a0 02 00 00 4c 89 97 88 02 00
0x00007ffe2ef57982:   00 48 85 ed 75 38 8b 35 22 9e f1 00 65 48 8b 04
0x00007ffe2ef57992:   25 58 00 00 00 b9 14 00 00 00 48 8b 04 f0 44 38
0x00007ffe2ef579a2:   14 01 0f 84 86 98 94 00 65 48 8b 04 25 58 00 00
0x00007ffe2ef579b2:   00 bd 20 00 00 00 48 8b 04 f0 48 8b 2c 28 48 3b
0x00007ffe2ef579c2:   2d 79 ab f1 00 45 0f 44 fa 4d 85 ed 0f 84 2b 01
0x00007ffe2ef579d2:   00 00 44 8a a4 24 90 00 00 00 49 8b dd 49 8d b5
0x00007ffe2ef579e2:   d0 05 00 00 4c 8b 2e 45 84 e4 0f 85 39 03 00 00
0x00007ffe2ef579f2:   44 8b 8f c8 01 00 00 48 8b 05 20 69 e1 00 83 b8
0x00007ffe2ef57a02:   70 03 00 00 02 75 36 41 8d 51 f0 41 83 f9 10 0f
0x00007ffe2ef57a12:   83 2d 01 00 00 4a 8d 04 cd 21 00 00 00 49 03 c1
0x00007ffe2ef57a22:   48 8d 04 c3 48 85 c0 0f 85 03 01 00 00 49 8b ca
0x00007ffe2ef57a32:   48 3b 8d 98 58 03 00 0f 87 fe 97 94 00 48 8d 93
0x00007ffe2ef57a42:   08 01 00 00 4c 39 93 48 06 00 00 0f 85 69 99 94
0x00007ffe2ef57a52:   00 44 8b 9f c8 01 00 00 48 8b 87 e0 01 00 00 4c
0x00007ffe2ef57a62:   8b 10 44 8b 87 c8 01 00 00 41 83 f8 10 0f 83 fc
0x00007ffe2ef57a72:   00 00 00 4b 8d 0c c0 48 8d 04 ca 48 85 c0 0f 85
0x00007ffe2ef57a82:   b5 00 00 00 33 c9 49 3b ca 0f 86 11 01 00 00 45
0x00007ffe2ef57a92:   33 d2 48 8b 87 78 02 00 00 48 89 06 48 89 9f 78
0x00007ffe2ef57aa2:   02 00 00 ff 87 80 02 00 00 48 8b 43 08 48 8b 88
0x00007ffe2ef57ab2:   18 01 00 00 48 81 e1 00 00 ff ff 48 81 c1 00 00
0x00007ffe2ef57ac2:   01 00 48 01 8f 88 02 00 00 48 8b 43 08 48 8b 88
0x00007ffe2ef57ad2:   18 01 00 00 48 01 8f a0 02 00 00 4d 85 ed 0f 85
0x00007ffe2ef57ae2:   f6 fe ff ff 45 84 f6 44 8a a4 24 98 00 00 00 0f
0x00007ffe2ef57af2:   85 11 99 94 00 48 8b 9c 24 80 00 00 00 48 8b cf
0x00007ffe2ef57b02:   45 84 e4 0f 85 30 02 00 00 e8 d0 fa ff ff 90 48
0x00007ffe2ef57b12:   8b cb 48 8b 9c 24 88 00 00 00 48 83 c4 40 41 5f
0x00007ffe2ef57b22:   41 5e 41 5d 41 5c 5f 5e 5d 48 ff 25 ee 46 a9 00 


Stack slot to memory mapping:
stack at sp + 0 slots: 0x000001cbd4547550 points into unknown readable memory: 0xffffffffffffffff | ff ff ff ff ff ff ff ff
stack at sp + 1 slots: 0x0 is NULL
stack at sp + 2 slots: 0x02832f8902a09388 is an unknown value
stack at sp + 3 slots: 0x00007fff337143e4 ntdll.dll
stack at sp + 4 slots: 0x02933d8a02f00f8a is an unknown value
stack at sp + 5 slots: 0x02005d8a02864b8a is an unknown value
stack at sp + 6 slots: 0x02a2888a0093808a is an unknown value
stack at sp + 7 slots: 0x00e3fa8a02489c8a is an unknown value

VM_Operation (0x0000000d99cfec70): Exit, mode: safepoint, requested by thread 0x000001cbd444f300


---------------  P R O C E S S  ---------------

Threads class SMR info:
_java_thread_list=0x000001cbda6955c0, length=17, elements={
0x000001cbfeb9fb30, 0x000001cbfeba2410, 0x000001cbfebb0900, 0x000001cbfebb51e0,
0x000001cbfebb7ac0, 0x000001cbfebb9bb0, 0x000001cbfebba7b0, 0x000001cbfebc4190,
0x000001cbfebd1bb0, 0x000001cbfedcfa70, 0x000001cbfef07590, 0x000001cbfef0ae90,
0x000001cbff0df610, 0x000001cbd444edf0, 0x000001cbd444f300, 0x000001cbd444f810,
0x000001cbe5d3da00
}

Java Threads: ( => current thread )
  0x000001cbfeb9fb30 JavaThread "Reference Handler" daemon [_thread_blocked, id=21744, stack(0x0000000d97b00000,0x0000000d97c00000)]
  0x000001cbfeba2410 JavaThread "Finalizer" daemon [_thread_blocked, id=19132, stack(0x0000000d97c00000,0x0000000d97d00000)]
  0x000001cbfebb0900 JavaThread "Signal Dispatcher" daemon [_thread_blocked, id=7076, stack(0x0000000d97d00000,0x0000000d97e00000)]
  0x000001cbfebb51e0 JavaThread "Attach Listener" daemon [_thread_blocked, id=20896, stack(0x0000000d97e00000,0x0000000d97f00000)]
  0x000001cbfebb7ac0 JavaThread "Service Thread" daemon [_thread_blocked, id=15892, stack(0x0000000d97f00000,0x0000000d98000000)]
  0x000001cbfebb9bb0 JavaThread "Monitor Deflation Thread" daemon [_thread_blocked, id=21520, stack(0x0000000d98000000,0x0000000d98100000)]
  0x000001cbfebba7b0 JavaThread "C2 CompilerThread0" daemon [_thread_blocked, id=11724, stack(0x0000000d98100000,0x0000000d98200000)]
  0x000001cbfebc4190 JavaThread "C1 CompilerThread0" daemon [_thread_blocked, id=15500, stack(0x0000000d98200000,0x0000000d98300000)]
  0x000001cbfebd1bb0 JavaThread "Sweeper thread" daemon [_thread_blocked, id=13088, stack(0x0000000d98300000,0x0000000d98400000)]
  0x000001cbfedcfa70 JavaThread "Common-Cleaner" daemon [_thread_blocked, id=18336, stack(0x0000000d98400000,0x0000000d98500000)]
  0x000001cbfef07590 JavaThread "Monitor Ctrl-Break" daemon [_thread_in_native, id=18188, stack(0x0000000d98500000,0x0000000d98600000)]
  0x000001cbfef0ae90 JavaThread "Notification Thread" daemon [_thread_blocked, id=17476, stack(0x0000000d98600000,0x0000000d98700000)]
  0x000001cbff0df610 JavaThread "Java2D Disposer" daemon [_thread_blocked, id=19336, stack(0x0000000d98800000,0x0000000d98900000)]
  0x000001cbd444edf0 JavaThread "HighResTimerThread" daemon [_thread_blocked, id=11792, stack(0x0000000d99a00000,0x0000000d99b00000)]
  0x000001cbd444f300 JavaThread "main-FPSAWTAnimator#00-Timer0" [_thread_blocked, id=5232, stack(0x0000000d99c00000,0x0000000d99d00000)]
  0x000001cbd444f810 JavaThread "DestroyJavaVM" [_thread_blocked, id=18076, stack(0x0000000d97400000,0x0000000d97500000)]
  0x000001cbe5d3da00 JavaThread "AWT-Shutdown" [_thread_blocked, id=20964, stack(0x0000000d99b00000,0x0000000d99c00000)]

Other Threads:
=>0x000001cbfeb9b170 VMThread "VM Thread" [stack: 0x0000000d97a00000,0x0000000d97b00000] [id=10660]
  0x000001cbefa84a80 GCTaskThread "GC Thread#0" [stack: 0x0000000d97500000,0x0000000d97600000] [id=5516]
  0x000001cbda690470 GCTaskThread "GC Thread#1" [stack: 0x0000000d99200000,0x0000000d99300000] [id=15728]
  0x000001cbda690730 GCTaskThread "GC Thread#2" [stack: 0x0000000d99300000,0x0000000d99400000] [id=16912]
  0x000001cbda6909f0 GCTaskThread "GC Thread#3" [stack: 0x0000000d99400000,0x0000000d99500000] [id=5212]
  0x000001cbda690cb0 GCTaskThread "GC Thread#4" [stack: 0x0000000d99500000,0x0000000d99600000] [id=8908]
  0x000001cbda690f70 GCTaskThread "GC Thread#5" [stack: 0x0000000d99600000,0x0000000d99700000] [id=8768]
  0x000001cbda6c1ec0 GCTaskThread "GC Thread#6" [stack: 0x0000000d99700000,0x0000000d99800000] [id=19544]
  0x000001cbda6c2180 GCTaskThread "GC Thread#7" [stack: 0x0000000d99800000,0x0000000d99900000] [id=8668]
  0x000001cbefa94fd0 ConcurrentGCThread "G1 Main Marker" terminated
  0x000001cbefa959f0 ConcurrentGCThread "G1 Conc#0" [stack: 0x0000000d97700000,0x0000000d97800000] [id=6780]
  0x000001cbefadec70 ConcurrentGCThread "G1 Refine#0" terminated
  0x000001cbfea45b30 ConcurrentGCThread "G1 Service" terminated

Threads with active compile tasks:

VM state: at safepoint (shutting down)

VM Mutex/Monitor currently owned by a thread:  ([mutex/lock_event])
[0x000001cbefa270a0] Threads_lock - owner thread: 0x000001cbfeb9b170
[0x000001cbefa26f80] Heap_lock - owner thread: 0x000001cbd444f300

Heap address: 0x0000000085000000, size: 1968 MB, Compressed Oops mode: 32-bit

CDS archive(s) mapped at: [0x000001cb8f000000-0x000001cb8fbb0000-0x000001cb8fbb0000), size 12255232, SharedBaseAddress: 0x000001cb8f000000, ArchiveRelocationMode: 1.
Compressed class space mapped at: 0x000001cb90000000-0x000001cbd0000000, reserved size: 1073741824
Narrow klass base: 0x000001cb8f000000, Narrow klass shift: 0, Narrow klass range: 0x100000000

GC Precious Log:
 CPUs: 8 total, 8 available
 Memory: 7865M
 Large Page Support: Disabled
 NUMA Support: Disabled
 Compressed Oops: Enabled (32-bit)
 Heap Region Size: 1M
 Heap Min Capacity: 8M
 Heap Initial Capacity: 124M
 Heap Max Capacity: 1968M
 Pre-touch: Disabled
 Parallel Workers: 8
 Concurrent Workers: 2
 Concurrent Refinement Workers: 8
 Periodic GC: Disabled

Heap:
 garbage-first heap   total 126976K, used 42046K [0x0000000085000000, 0x0000000100000000)
  region size 1024K, 40 young (40960K), 5 survivors (5120K)
 Metaspace       used 15197K, committed 15424K, reserved 1114112K
  class space    used 1116K, committed 1216K, reserved 1048576K

Heap Regions: E=young(eden), S=young(survivor), O=old, HS=humongous(starts), HC=humongous(continues), CS=collection set, F=free, OA=open archive, CA=closed archive, TAMS=top-at-mark-start (previous, next)
|   0|0x0000000085000000, 0x0000000085100000, 0x0000000085100000|100%| O|  |TAMS 0x0000000085000000, 0x0000000085000000| Untracked 
|   1|0x0000000085100000, 0x0000000085200000, 0x0000000085200000|100%| O|  |TAMS 0x0000000085100000, 0x0000000085100000| Untracked 
|   2|0x0000000085200000, 0x0000000085291200, 0x0000000085300000| 56%| O|  |TAMS 0x0000000085200000, 0x0000000085200000| Untracked 
|   3|0x0000000085300000, 0x0000000085300000, 0x0000000085400000|  0%| F|  |TAMS 0x0000000085300000, 0x0000000085300000| Untracked 
|   4|0x0000000085400000, 0x0000000085400000, 0x0000000085500000|  0%| F|  |TAMS 0x0000000085400000, 0x0000000085400000| Untracked 
|   5|0x0000000085500000, 0x0000000085500000, 0x0000000085600000|  0%| F|  |TAMS 0x0000000085500000, 0x0000000085500000| Untracked 
|   6|0x0000000085600000, 0x0000000085600000, 0x0000000085700000|  0%| F|  |TAMS 0x0000000085600000, 0x0000000085600000| Untracked 
|   7|0x0000000085700000, 0x0000000085700000, 0x0000000085800000|  0%| F|  |TAMS 0x0000000085700000, 0x0000000085700000| Untracked 
|   8|0x0000000085800000, 0x0000000085800000, 0x0000000085900000|  0%| F|  |TAMS 0x0000000085800000, 0x0000000085800000| Untracked 
|   9|0x0000000085900000, 0x0000000085900000, 0x0000000085a00000|  0%| F|  |TAMS 0x0000000085900000, 0x0000000085900000| Untracked 
|  10|0x0000000085a00000, 0x0000000085a00000, 0x0000000085b00000|  0%| F|  |TAMS 0x0000000085a00000, 0x0000000085a00000| Untracked 
|  11|0x0000000085b00000, 0x0000000085b00000, 0x0000000085c00000|  0%| F|  |TAMS 0x0000000085b00000, 0x0000000085b00000| Untracked 
|  12|0x0000000085c00000, 0x0000000085c00000, 0x0000000085d00000|  0%| F|  |TAMS 0x0000000085c00000, 0x0000000085c00000| Untracked 
|  13|0x0000000085d00000, 0x0000000085d00000, 0x0000000085e00000|  0%| F|  |TAMS 0x0000000085d00000, 0x0000000085d00000| Untracked 
|  14|0x0000000085e00000, 0x0000000085e00000, 0x0000000085f00000|  0%| F|  |TAMS 0x0000000085e00000, 0x0000000085e00000| Untracked 
|  15|0x0000000085f00000, 0x0000000085f00000, 0x0000000086000000|  0%| F|  |TAMS 0x0000000085f00000, 0x0000000085f00000| Untracked 
|  16|0x0000000086000000, 0x0000000086000000, 0x0000000086100000|  0%| F|  |TAMS 0x0000000086000000, 0x0000000086000000| Untracked 
|  17|0x0000000086100000, 0x0000000086100000, 0x0000000086200000|  0%| F|  |TAMS 0x0000000086100000, 0x0000000086100000| Untracked 
|  18|0x0000000086200000, 0x0000000086200000, 0x0000000086300000|  0%| F|  |TAMS 0x0000000086200000, 0x0000000086200000| Untracked 
|  19|0x0000000086300000, 0x0000000086300000, 0x0000000086400000|  0%| F|  |TAMS 0x0000000086300000, 0x0000000086300000| Untracked 
|  20|0x0000000086400000, 0x0000000086400000, 0x0000000086500000|  0%| F|  |TAMS 0x0000000086400000, 0x0000000086400000| Untracked 
|  21|0x0000000086500000, 0x0000000086500000, 0x0000000086600000|  0%| F|  |TAMS 0x0000000086500000, 0x0000000086500000| Untracked 
|  22|0x0000000086600000, 0x0000000086600000, 0x0000000086700000|  0%| F|  |TAMS 0x0000000086600000, 0x0000000086600000| Untracked 
|  23|0x0000000086700000, 0x0000000086700000, 0x0000000086800000|  0%| F|  |TAMS 0x0000000086700000, 0x0000000086700000| Untracked 
|  24|0x0000000086800000, 0x0000000086800000, 0x0000000086900000|  0%| F|  |TAMS 0x0000000086800000, 0x0000000086800000| Untracked 
|  25|0x0000000086900000, 0x0000000086900000, 0x0000000086a00000|  0%| F|  |TAMS 0x0000000086900000, 0x0000000086900000| Untracked 
|  26|0x0000000086a00000, 0x0000000086a00000, 0x0000000086b00000|  0%| F|  |TAMS 0x0000000086a00000, 0x0000000086a00000| Untracked 
|  27|0x0000000086b00000, 0x0000000086b00000, 0x0000000086c00000|  0%| F|  |TAMS 0x0000000086b00000, 0x0000000086b00000| Untracked 
|  28|0x0000000086c00000, 0x0000000086c00000, 0x0000000086d00000|  0%| F|  |TAMS 0x0000000086c00000, 0x0000000086c00000| Untracked 
|  29|0x0000000086d00000, 0x0000000086d00000, 0x0000000086e00000|  0%| F|  |TAMS 0x0000000086d00000, 0x0000000086d00000| Untracked 
|  30|0x0000000086e00000, 0x0000000086e00000, 0x0000000086f00000|  0%| F|  |TAMS 0x0000000086e00000, 0x0000000086e00000| Untracked 
|  31|0x0000000086f00000, 0x0000000086f00000, 0x0000000087000000|  0%| F|  |TAMS 0x0000000086f00000, 0x0000000086f00000| Untracked 
|  32|0x0000000087000000, 0x0000000087000000, 0x0000000087100000|  0%| F|  |TAMS 0x0000000087000000, 0x0000000087000000| Untracked 
|  33|0x0000000087100000, 0x0000000087100000, 0x0000000087200000|  0%| F|  |TAMS 0x0000000087100000, 0x0000000087100000| Untracked 
|  34|0x0000000087200000, 0x0000000087200000, 0x0000000087300000|  0%| F|  |TAMS 0x0000000087200000, 0x0000000087200000| Untracked 
|  35|0x0000000087300000, 0x0000000087300000, 0x0000000087400000|  0%| F|  |TAMS 0x0000000087300000, 0x0000000087300000| Untracked 
|  36|0x0000000087400000, 0x0000000087400000, 0x0000000087500000|  0%| F|  |TAMS 0x0000000087400000, 0x0000000087400000| Untracked 
|  37|0x0000000087500000, 0x0000000087500000, 0x0000000087600000|  0%| F|  |TAMS 0x0000000087500000, 0x0000000087500000| Untracked 
|  38|0x0000000087600000, 0x0000000087600000, 0x0000000087700000|  0%| F|  |TAMS 0x0000000087600000, 0x0000000087600000| Untracked 
|  39|0x0000000087700000, 0x0000000087700000, 0x0000000087800000|  0%| F|  |TAMS 0x0000000087700000, 0x0000000087700000| Untracked 
|  40|0x0000000087800000, 0x0000000087800000, 0x0000000087900000|  0%| F|  |TAMS 0x0000000087800000, 0x0000000087800000| Untracked 
|  41|0x0000000087900000, 0x0000000087900000, 0x0000000087a00000|  0%| F|  |TAMS 0x0000000087900000, 0x0000000087900000| Untracked 
|  42|0x0000000087a00000, 0x0000000087a00000, 0x0000000087b00000|  0%| F|  |TAMS 0x0000000087a00000, 0x0000000087a00000| Untracked 
|  43|0x0000000087b00000, 0x0000000087b00000, 0x0000000087c00000|  0%| F|  |TAMS 0x0000000087b00000, 0x0000000087b00000| Untracked 
|  44|0x0000000087c00000, 0x0000000087c00000, 0x0000000087d00000|  0%| F|  |TAMS 0x0000000087c00000, 0x0000000087c00000| Untracked 
|  45|0x0000000087d00000, 0x0000000087d00000, 0x0000000087e00000|  0%| F|  |TAMS 0x0000000087d00000, 0x0000000087d00000| Untracked 
|  46|0x0000000087e00000, 0x0000000087e00000, 0x0000000087f00000|  0%| F|  |TAMS 0x0000000087e00000, 0x0000000087e00000| Untracked 
|  47|0x0000000087f00000, 0x0000000087f00000, 0x0000000088000000|  0%| F|  |TAMS 0x0000000087f00000, 0x0000000087f00000| Untracked 
|  48|0x0000000088000000, 0x0000000088000000, 0x0000000088100000|  0%| F|  |TAMS 0x0000000088000000, 0x0000000088000000| Untracked 
|  49|0x0000000088100000, 0x0000000088100000, 0x0000000088200000|  0%| F|  |TAMS 0x0000000088100000, 0x0000000088100000| Untracked 
|  50|0x0000000088200000, 0x0000000088200000, 0x0000000088300000|  0%| F|  |TAMS 0x0000000088200000, 0x0000000088200000| Untracked 
|  51|0x0000000088300000, 0x0000000088300000, 0x0000000088400000|  0%| F|  |TAMS 0x0000000088300000, 0x0000000088300000| Untracked 
|  52|0x0000000088400000, 0x0000000088400000, 0x0000000088500000|  0%| F|  |TAMS 0x0000000088400000, 0x0000000088400000| Untracked 
|  53|0x0000000088500000, 0x0000000088500000, 0x0000000088600000|  0%| F|  |TAMS 0x0000000088500000, 0x0000000088500000| Untracked 
|  54|0x0000000088600000, 0x0000000088600000, 0x0000000088700000|  0%| F|  |TAMS 0x0000000088600000, 0x0000000088600000| Untracked 
|  55|0x0000000088700000, 0x0000000088700000, 0x0000000088800000|  0%| F|  |TAMS 0x0000000088700000, 0x0000000088700000| Untracked 
|  56|0x0000000088800000, 0x0000000088800000, 0x0000000088900000|  0%| F|  |TAMS 0x0000000088800000, 0x0000000088800000| Untracked 
|  57|0x0000000088900000, 0x0000000088900000, 0x0000000088a00000|  0%| F|  |TAMS 0x0000000088900000, 0x0000000088900000| Untracked 
|  58|0x0000000088a00000, 0x0000000088a00000, 0x0000000088b00000|  0%| F|  |TAMS 0x0000000088a00000, 0x0000000088a00000| Untracked 
|  59|0x0000000088b00000, 0x0000000088b00000, 0x0000000088c00000|  0%| F|  |TAMS 0x0000000088b00000, 0x0000000088b00000| Untracked 
|  60|0x0000000088c00000, 0x0000000088c00000, 0x0000000088d00000|  0%| F|  |TAMS 0x0000000088c00000, 0x0000000088c00000| Untracked 
|  61|0x0000000088d00000, 0x0000000088d00000, 0x0000000088e00000|  0%| F|  |TAMS 0x0000000088d00000, 0x0000000088d00000| Untracked 
|  62|0x0000000088e00000, 0x0000000088e00000, 0x0000000088f00000|  0%| F|  |TAMS 0x0000000088e00000, 0x0000000088e00000| Untracked 
|  63|0x0000000088f00000, 0x0000000088f00000, 0x0000000089000000|  0%| F|  |TAMS 0x0000000088f00000, 0x0000000088f00000| Untracked 
|  64|0x0000000089000000, 0x0000000089000000, 0x0000000089100000|  0%| F|  |TAMS 0x0000000089000000, 0x0000000089000000| Untracked 
|  65|0x0000000089100000, 0x0000000089100000, 0x0000000089200000|  0%| F|  |TAMS 0x0000000089100000, 0x0000000089100000| Untracked 
|  66|0x0000000089200000, 0x0000000089200000, 0x0000000089300000|  0%| F|  |TAMS 0x0000000089200000, 0x0000000089200000| Untracked 
|  67|0x0000000089300000, 0x0000000089300000, 0x0000000089400000|  0%| F|  |TAMS 0x0000000089300000, 0x0000000089300000| Untracked 
|  68|0x0000000089400000, 0x0000000089400000, 0x0000000089500000|  0%| F|  |TAMS 0x0000000089400000, 0x0000000089400000| Untracked 
|  69|0x0000000089500000, 0x0000000089500000, 0x0000000089600000|  0%| F|  |TAMS 0x0000000089500000, 0x0000000089500000| Untracked 
|  70|0x0000000089600000, 0x0000000089600000, 0x0000000089700000|  0%| F|  |TAMS 0x0000000089600000, 0x0000000089600000| Untracked 
|  71|0x0000000089700000, 0x0000000089700000, 0x0000000089800000|  0%| F|  |TAMS 0x0000000089700000, 0x0000000089700000| Untracked 
|  72|0x0000000089800000, 0x0000000089800000, 0x0000000089900000|  0%| F|  |TAMS 0x0000000089800000, 0x0000000089800000| Untracked 
|  73|0x0000000089900000, 0x0000000089900000, 0x0000000089a00000|  0%| F|  |TAMS 0x0000000089900000, 0x0000000089900000| Untracked 
|  74|0x0000000089a00000, 0x0000000089a00000, 0x0000000089b00000|  0%| F|  |TAMS 0x0000000089a00000, 0x0000000089a00000| Untracked 
|  75|0x0000000089b00000, 0x0000000089b00000, 0x0000000089c00000|  0%| F|  |TAMS 0x0000000089b00000, 0x0000000089b00000| Untracked 
|  76|0x0000000089c00000, 0x0000000089c00000, 0x0000000089d00000|  0%| F|  |TAMS 0x0000000089c00000, 0x0000000089c00000| Untracked 
|  77|0x0000000089d00000, 0x0000000089d00000, 0x0000000089e00000|  0%| F|  |TAMS 0x0000000089d00000, 0x0000000089d00000| Untracked 
|  78|0x0000000089e00000, 0x0000000089e00000, 0x0000000089f00000|  0%| F|  |TAMS 0x0000000089e00000, 0x0000000089e00000| Untracked 
|  79|0x0000000089f00000, 0x0000000089f00000, 0x000000008a000000|  0%| F|  |TAMS 0x0000000089f00000, 0x0000000089f00000| Untracked 
|  80|0x000000008a000000, 0x000000008a000000, 0x000000008a100000|  0%| F|  |TAMS 0x000000008a000000, 0x000000008a000000| Untracked 
|  81|0x000000008a100000, 0x000000008a100000, 0x000000008a200000|  0%| F|  |TAMS 0x000000008a100000, 0x000000008a100000| Untracked 
|  82|0x000000008a200000, 0x000000008a200000, 0x000000008a300000|  0%| F|  |TAMS 0x000000008a200000, 0x000000008a200000| Untracked 
|  83|0x000000008a300000, 0x000000008a37e900, 0x000000008a400000| 49%| S|CS|TAMS 0x000000008a300000, 0x000000008a300000| Complete 
|  84|0x000000008a400000, 0x000000008a500000, 0x000000008a500000|100%| S|CS|TAMS 0x000000008a400000, 0x000000008a400000| Complete 
|  85|0x000000008a500000, 0x000000008a600000, 0x000000008a600000|100%| S|CS|TAMS 0x000000008a500000, 0x000000008a500000| Complete 
|  86|0x000000008a600000, 0x000000008a700000, 0x000000008a700000|100%| S|CS|TAMS 0x000000008a600000, 0x000000008a600000| Complete 
|  87|0x000000008a700000, 0x000000008a800000, 0x000000008a800000|100%| S|CS|TAMS 0x000000008a700000, 0x000000008a700000| Complete 
|  88|0x000000008a800000, 0x000000008a800000, 0x000000008a900000|  0%| F|  |TAMS 0x000000008a800000, 0x000000008a800000| Untracked 
|  89|0x000000008a900000, 0x000000008a900800, 0x000000008aa00000|  0%| E|  |TAMS 0x000000008a900000, 0x000000008a900000| Complete 
|  90|0x000000008aa00000, 0x000000008ab00000, 0x000000008ab00000|100%| E|CS|TAMS 0x000000008aa00000, 0x000000008aa00000| Complete 
|  91|0x000000008ab00000, 0x000000008ac00000, 0x000000008ac00000|100%| E|CS|TAMS 0x000000008ab00000, 0x000000008ab00000| Complete 
|  92|0x000000008ac00000, 0x000000008ad00000, 0x000000008ad00000|100%| E|CS|TAMS 0x000000008ac00000, 0x000000008ac00000| Complete 
|  93|0x000000008ad00000, 0x000000008ae00000, 0x000000008ae00000|100%| E|CS|TAMS 0x000000008ad00000, 0x000000008ad00000| Complete 
|  94|0x000000008ae00000, 0x000000008af00000, 0x000000008af00000|100%| E|CS|TAMS 0x000000008ae00000, 0x000000008ae00000| Complete 
|  95|0x000000008af00000, 0x000000008b000000, 0x000000008b000000|100%| E|CS|TAMS 0x000000008af00000, 0x000000008af00000| Complete 
|  96|0x000000008b000000, 0x000000008b100000, 0x000000008b100000|100%| E|CS|TAMS 0x000000008b000000, 0x000000008b000000| Complete 
|  97|0x000000008b100000, 0x000000008b200000, 0x000000008b200000|100%| E|CS|TAMS 0x000000008b100000, 0x000000008b100000| Complete 
|  98|0x000000008b200000, 0x000000008b300000, 0x000000008b300000|100%| E|CS|TAMS 0x000000008b200000, 0x000000008b200000| Complete 
|  99|0x000000008b300000, 0x000000008b400000, 0x000000008b400000|100%| E|CS|TAMS 0x000000008b300000, 0x000000008b300000| Complete 
| 100|0x000000008b400000, 0x000000008b500000, 0x000000008b500000|100%| E|CS|TAMS 0x000000008b400000, 0x000000008b400000| Complete 
| 101|0x000000008b500000, 0x000000008b600000, 0x000000008b600000|100%| E|CS|TAMS 0x000000008b500000, 0x000000008b500000| Complete 
| 102|0x000000008b600000, 0x000000008b700000, 0x000000008b700000|100%| E|CS|TAMS 0x000000008b600000, 0x000000008b600000| Complete 
| 103|0x000000008b700000, 0x000000008b800000, 0x000000008b800000|100%| E|CS|TAMS 0x000000008b700000, 0x000000008b700000| Complete 
| 104|0x000000008b800000, 0x000000008b900000, 0x000000008b900000|100%| E|CS|TAMS 0x000000008b800000, 0x000000008b800000| Complete 
| 105|0x000000008b900000, 0x000000008ba00000, 0x000000008ba00000|100%| E|CS|TAMS 0x000000008b900000, 0x000000008b900000| Complete 
| 106|0x000000008ba00000, 0x000000008bb00000, 0x000000008bb00000|100%| E|CS|TAMS 0x000000008ba00000, 0x000000008ba00000| Complete 
| 107|0x000000008bb00000, 0x000000008bc00000, 0x000000008bc00000|100%| E|CS|TAMS 0x000000008bb00000, 0x000000008bb00000| Complete 
| 108|0x000000008bc00000, 0x000000008bd00000, 0x000000008bd00000|100%| E|CS|TAMS 0x000000008bc00000, 0x000000008bc00000| Complete 
| 109|0x000000008bd00000, 0x000000008be00000, 0x000000008be00000|100%| E|CS|TAMS 0x000000008bd00000, 0x000000008bd00000| Complete 
| 110|0x000000008be00000, 0x000000008bf00000, 0x000000008bf00000|100%| E|CS|TAMS 0x000000008be00000, 0x000000008be00000| Complete 
| 111|0x000000008bf00000, 0x000000008c000000, 0x000000008c000000|100%| E|CS|TAMS 0x000000008bf00000, 0x000000008bf00000| Complete 
| 112|0x000000008c000000, 0x000000008c100000, 0x000000008c100000|100%| E|CS|TAMS 0x000000008c000000, 0x000000008c000000| Complete 
| 113|0x000000008c100000, 0x000000008c200000, 0x000000008c200000|100%| E|CS|TAMS 0x000000008c100000, 0x000000008c100000| Complete 
| 114|0x000000008c200000, 0x000000008c300000, 0x000000008c300000|100%| E|CS|TAMS 0x000000008c200000, 0x000000008c200000| Complete 
| 115|0x000000008c300000, 0x000000008c400000, 0x000000008c400000|100%| E|CS|TAMS 0x000000008c300000, 0x000000008c300000| Complete 
| 116|0x000000008c400000, 0x000000008c500000, 0x000000008c500000|100%| E|CS|TAMS 0x000000008c400000, 0x000000008c400000| Complete 
| 117|0x000000008c500000, 0x000000008c600000, 0x000000008c600000|100%| E|CS|TAMS 0x000000008c500000, 0x000000008c500000| Complete 
| 118|0x000000008c600000, 0x000000008c700000, 0x000000008c700000|100%| E|CS|TAMS 0x000000008c600000, 0x000000008c600000| Complete 
| 119|0x000000008c700000, 0x000000008c800000, 0x000000008c800000|100%| E|CS|TAMS 0x000000008c700000, 0x000000008c700000| Complete 
| 120|0x000000008c800000, 0x000000008c900000, 0x000000008c900000|100%| E|CS|TAMS 0x000000008c800000, 0x000000008c800000| Complete 
| 121|0x000000008c900000, 0x000000008ca00000, 0x000000008ca00000|100%| E|CS|TAMS 0x000000008c900000, 0x000000008c900000| Complete 
| 122|0x000000008ca00000, 0x000000008cb00000, 0x000000008cb00000|100%| E|CS|TAMS 0x000000008ca00000, 0x000000008ca00000| Complete 
| 123|0x000000008cb00000, 0x000000008cc00000, 0x000000008cc00000|100%| E|CS|TAMS 0x000000008cb00000, 0x000000008cb00000| Complete 

Card table byte_map: [0x000001cbf7c50000,0x000001cbf8030000] _byte_map_base: 0x000001cbf7828000

Marking Bits (Prev, Next): (CMBitMap*) 0x000001cbefa850a0, (CMBitMap*) 0x000001cbefa850e0
 Prev Bits: [0x000001cbf8410000, 0x000001cbfa2d0000)
 Next Bits: [0x000001cbfa2d0000, 0x000001cbfc190000)

Polling page: 0x000001cbef1e0000

Metaspace:

Usage:
  Non-class:     13.75 MB used.
      Class:      1.09 MB used.
       Both:     14.84 MB used.

Virtual space:
  Non-class space:       64.00 MB reserved,      13.88 MB ( 22%) committed,  1 nodes.
      Class space:        1.00 GB reserved,       1.19 MB ( <1%) committed,  1 nodes.
             Both:        1.06 GB reserved,      15.06 MB (  1%) committed. 

Chunk freelists:
   Non-Class:  1.92 MB
       Class:  14.83 MB
        Both:  16.75 MB

MaxMetaspaceSize: unlimited
CompressedClassSpaceSize: 1.00 GB
Initial GC threshold: 21.00 MB
Current GC threshold: 21.00 MB
CDS: on
MetaspaceReclaimPolicy: balanced
 - commit_granule_bytes: 65536.
 - commit_granule_words: 8192.
 - virtual_space_node_default_size: 8388608.
 - enlarge_chunks_in_place: 1.
 - new_chunks_are_fully_committed: 0.
 - uncommit_free_chunks: 1.
 - use_allocation_guard: 0.
 - handle_deallocations: 1.


Internal statistics:

num_allocs_failed_limit: 0.
num_arena_births: 190.
num_arena_deaths: 0.
num_vsnodes_births: 2.
num_vsnodes_deaths: 0.
num_space_committed: 237.
num_space_uncommitted: 0.
num_chunks_returned_to_freelist: 0.
num_chunks_taken_from_freelist: 503.
num_chunk_merges: 0.
num_chunk_splits: 390.
num_chunks_enlarged: 298.
num_inconsistent_stats: 0.

CodeHeap 'non-profiled nmethods': size=120000Kb used=1849Kb max_used=1849Kb free=118150Kb
 bounds [0x000001cb87ad0000, 0x000001cb87d40000, 0x000001cb8f000000]
CodeHeap 'profiled nmethods': size=120000Kb used=5164Kb max_used=5164Kb free=114835Kb
 bounds [0x000001cb80000000, 0x000001cb80510000, 0x000001cb87530000]
CodeHeap 'non-nmethods': size=5760Kb used=1585Kb max_used=1630Kb free=4174Kb
 bounds [0x000001cb87530000, 0x000001cb877a0000, 0x000001cb87ad0000]
 total_blobs=3649 nmethods=2661 adapters=901
 compilation: enabled
              stopped_count=0, restarted_count=0
 full_count=0

Compilation events (20 events):
Event: 50.443 Thread 0x000001cbfebba7b0 2652       4       java.util.concurrent.LinkedBlockingQueue::dequeue (32 bytes)
Event: 50.445 Thread 0x000001cbfebba7b0 nmethod 2652 0x000001cb87c9c710 code [0x000001cb87c9c880, 0x000001cb87c9ca98]
Event: 50.445 Thread 0x000001cbfebba7b0 2653       4       java.util.concurrent.atomic.AtomicInteger::getAndDecrement (12 bytes)
Event: 50.445 Thread 0x000001cbfebba7b0 nmethod 2653 0x000001cb87c9cb90 code [0x000001cb87c9cd00, 0x000001cb87c9cd78]
Event: 50.878 Thread 0x000001cbfebba7b0 2654       4       jogamp.common.util.Int32Bitfield::check (49 bytes)
Event: 50.878 Thread 0x000001cbfebba7b0 nmethod 2654 0x000001cb87c9ce90 code [0x000001cb87c9d000, 0x000001cb87c9d098]
Event: 50.941 Thread 0x000001cbfebba7b0 2655  s    4       jogamp.common.util.SyncedBitfield::get (11 bytes)
Event: 50.942 Thread 0x000001cbfebba7b0 nmethod 2655 0x000001cb87c9d190 code [0x000001cb87c9d320, 0x000001cb87c9d558]
Event: 57.918 Thread 0x000001cbfebba7b0 2656       4       jogamp.newt.DisplayImpl$7::run (8 bytes)
Event: 57.919 Thread 0x000001cbfebba7b0 nmethod 2656 0x000001cb87c9d690 code [0x000001cb87c9d820, 0x000001cb87c9d928]
Event: 59.562 Thread 0x000001cbfebba7b0 2657       4       java.util.AbstractCollection::isEmpty (13 bytes)
Event: 59.563 Thread 0x000001cbfebba7b0 nmethod 2657 0x000001cb87c9da90 code [0x000001cb87c9dc00, 0x000001cb87c9dcb8]
Event: 60.638 Thread 0x000001cbfebba7b0 2658       4       java.util.concurrent.locks.ReentrantLock$NonfairSync::initialTryLock (58 bytes)
Event: 60.640 Thread 0x000001cbfebba7b0 nmethod 2658 0x000001cb87c9dd90 code [0x000001cb87c9df00, 0x000001cb87c9e078]
Event: 60.645 Thread 0x000001cbfebba7b0 2659       4       java.util.concurrent.locks.ReentrantLock$Sync::tryRelease (51 bytes)
Event: 60.646 Thread 0x000001cbfebba7b0 nmethod 2659 0x000001cb87c9e110 code [0x000001cb87c9e280, 0x000001cb87c9e3b8]
Event: 61.943 Thread 0x000001cbfebc4190 2660       3       com.jogamp.nativewindow.DefaultGraphicsDevice::lock (10 bytes)
Event: 61.943 Thread 0x000001cbfebc4190 nmethod 2660 0x000001cb8050aa10 code [0x000001cb8050abc0, 0x000001cb8050ad88]
Event: 61.952 Thread 0x000001cbfebc4190 2661       3       java.nio.MappedByteBuffer::limit (8 bytes)
Event: 61.952 Thread 0x000001cbfebc4190 nmethod 2661 0x000001cb8050ae90 code [0x000001cb8050b040, 0x000001cb8050b1e8]

GC Heap History (4 events):
Event: 0.937 GC heap before
{Heap before GC invocations=0 (full 0):
 garbage-first heap   total 126976K, used 25600K [0x0000000085000000, 0x0000000100000000)
  region size 1024K, 23 young (23552K), 0 survivors (0K)
 Metaspace       used 11612K, committed 11776K, reserved 1114112K
  class space    used 850K, committed 960K, reserved 1048576K
}
Event: 0.948 GC heap after
{Heap after GC invocations=1 (full 0):
 garbage-first heap   total 126976K, used 2789K [0x0000000085000000, 0x0000000100000000)
  region size 1024K, 3 young (3072K), 3 survivors (3072K)
 Metaspace       used 11612K, committed 11776K, reserved 1114112K
  class space    used 850K, committed 960K, reserved 1048576K
}
Event: 2.215 GC heap before
{Heap before GC invocations=1 (full 0):
 garbage-first heap   total 126976K, used 36581K [0x0000000085000000, 0x0000000100000000)
  region size 1024K, 36 young (36864K), 3 survivors (3072K)
 Metaspace       used 14158K, committed 14400K, reserved 1114112K
  class space    used 1084K, committed 1216K, reserved 1048576K
}
Event: 2.220 GC heap after
{Heap after GC invocations=2 (full 0):
 garbage-first heap   total 126976K, used 7230K [0x0000000085000000, 0x0000000100000000)
  region size 1024K, 5 young (5120K), 5 survivors (5120K)
 Metaspace       used 14158K, committed 14400K, reserved 1114112K
  class space    used 1084K, committed 1216K, reserved 1048576K
}

Dll operation events (20 events):
Event: 0.008 Loaded shared library C:\Users\henry\.jdks\corretto-17.0.11\bin\java.dll
Event: 0.025 Loaded shared library C:\Users\henry\.jdks\corretto-17.0.11\bin\jsvml.dll
Event: 0.061 Loaded shared library C:\Users\henry\.jdks\corretto-17.0.11\bin\zip.dll
Event: 0.062 Loaded shared library C:\Users\henry\.jdks\corretto-17.0.11\bin\instrument.dll
Event: 0.072 Loaded shared library C:\Users\henry\.jdks\corretto-17.0.11\bin\net.dll
Event: 0.074 Loaded shared library C:\Users\henry\.jdks\corretto-17.0.11\bin\nio.dll
Event: 0.077 Loaded shared library C:\Users\henry\.jdks\corretto-17.0.11\bin\zip.dll
Event: 0.087 Loaded shared library C:\Program Files\JetBrains\IntelliJ IDEA 2024.1.1\bin\breakgen64.dll
Event: 0.098 Loaded shared library C:\Users\henry\.jdks\corretto-17.0.11\bin\extnet.dll
Event: 0.144 Loaded shared library C:\Users\henry\.jdks\corretto-17.0.11\bin\jimage.dll
Event: 0.147 Loaded shared library C:\Users\henry\.jdks\corretto-17.0.11\bin\awt.dll
Event: 0.480 Loaded shared library C:\Users\henry\IdeaProjects\RobotController\lib\gluegen_rt.dll
Event: 0.485 Loaded shared library C:\Users\henry\.jdks\corretto-17.0.11\bin\jawt.dll
Event: 0.487 Loaded shared library C:\Users\henry\IdeaProjects\RobotController\lib\nativewindow_awt.dll
Event: 0.515 Loaded shared library C:\Users\henry\IdeaProjects\RobotController\lib\nativewindow_win32.dll
Event: 0.525 Loaded shared library C:\Users\henry\IdeaProjects\RobotController\lib\newt_head.dll
Event: 0.704 Loaded shared library C:\Users\henry\IdeaProjects\RobotController\lib\jogl_desktop.dll
Event: 0.730 Loaded shared library C:\Users\henry\IdeaProjects\RobotController\lib\jogl_mobile.dll
Event: 1.724 Loaded shared library C:\Users\henry\.jdks\corretto-17.0.11\bin\freetype.dll
Event: 1.724 Loaded shared library C:\Users\henry\.jdks\corretto-17.0.11\bin\fontmanager.dll

Deoptimization events (20 events):
Event: 37.626 Thread 0x000001cbd444f300 Uncommon trap: trap_request=0xffffff45 fr.pc=0x000001cb87b2b748 relative=0x0000000000000048
Event: 37.626 Thread 0x000001cbd444f300 Uncommon trap: reason=unstable_if action=reinterpret pc=0x000001cb87b2b748 method=java.lang.CharacterData.of(I)Ljava/lang/CharacterData; @ 4 c2
Event: 37.626 Thread 0x000001cbd444f300 DEOPT PACKING pc=0x000001cb87b2b748 sp=0x0000000d99cfea70
Event: 37.626 Thread 0x000001cbd444f300 DEOPT UNPACKING pc=0x000001cb8758a1a3 sp=0x0000000d99cfea10 mode 2
Event: 61.914 Thread 0x000001cbd444cf90 Uncommon trap: trap_request=0xffffffde fr.pc=0x000001cb87c1b52c relative=0x000000000000038c
Event: 61.914 Thread 0x000001cbd444cf90 Uncommon trap: reason=class_check action=maybe_recompile pc=0x000001cb87c1b52c method=java.util.HashMap.removeNode(ILjava/lang/Object;Ljava/lang/Object;ZZ)Ljava/util/HashMap$Node; @ 283 c2
Event: 61.914 Thread 0x000001cbd444cf90 DEOPT PACKING pc=0x000001cb87c1b52c sp=0x0000000d971ff070
Event: 61.914 Thread 0x000001cbd444cf90 DEOPT UNPACKING pc=0x000001cb8758a1a3 sp=0x0000000d971fefe8 mode 2
Event: 61.936 Thread 0x000001cbd444c570 Uncommon trap: trap_request=0xffffff45 fr.pc=0x000001cb87bf5a60 relative=0x0000000000000060
Event: 61.936 Thread 0x000001cbd444c570 Uncommon trap: reason=unstable_if action=reinterpret pc=0x000001cb87bf5a60 method=java.util.HashMap.values()Ljava/util/Collection; @ 6 c2
Event: 61.936 Thread 0x000001cbd444c570 DEOPT PACKING pc=0x000001cb87bf5a60 sp=0x0000000d98dff220
Event: 61.936 Thread 0x000001cbd444c570 DEOPT UNPACKING pc=0x000001cb8758a1a3 sp=0x0000000d98dff1b8 mode 2
Event: 61.936 Thread 0x000001cbd444c570 Uncommon trap: trap_request=0xffffffde fr.pc=0x000001cb87c90860 relative=0x00000000000002e0
Event: 61.936 Thread 0x000001cbd444c570 Uncommon trap: reason=class_check action=maybe_recompile pc=0x000001cb87c90860 method=jogamp.opengl.GLDrawableImpl.lockSurface()I @ 4 c2
Event: 61.936 Thread 0x000001cbd444c570 DEOPT PACKING pc=0x000001cb87c90860 sp=0x0000000d98dff140
Event: 61.936 Thread 0x000001cbd444c570 DEOPT UNPACKING pc=0x000001cb8758a1a3 sp=0x0000000d98dff0f8 mode 2
Event: 61.936 Thread 0x000001cbd444c570 Uncommon trap: trap_request=0xffffffde fr.pc=0x000001cb87c90860 relative=0x00000000000002e0
Event: 61.936 Thread 0x000001cbd444c570 Uncommon trap: reason=class_check action=maybe_recompile pc=0x000001cb87c90860 method=jogamp.opengl.GLDrawableImpl.lockSurface()I @ 4 c2
Event: 61.936 Thread 0x000001cbd444c570 DEOPT PACKING pc=0x000001cb87c90860 sp=0x0000000d98dff030
Event: 61.936 Thread 0x000001cbd444c570 DEOPT UNPACKING pc=0x000001cb8758a1a3 sp=0x0000000d98dfefe8 mode 2

Classes unloaded (0 events):
No events

Classes redefined (0 events):
No events

Internal exceptions (20 events):
Event: 0.160 Thread 0x000001cbefa2b720 Exception <a 'java/io/FileNotFoundException'{0x000000008c78ee90}> (0x000000008c78ee90) 
thrown [s\src\hotspot\share\prims\jni.cpp, line 516]
Event: 0.301 Thread 0x000001cbefa2b720 Exception <a 'java/lang/NoSuchMethodError'{0x000000008c3fa790}: 'java.lang.Object java.lang.invoke.DirectMethodHandle$Holder.invokeStaticInit(java.lang.Object, int, int, int, int)'> (0x000000008c3fa790) 
thrown [s\src\hotspot\share\interpreter\linkResolver.cpp, line 759]
Event: 0.336 Thread 0x000001cbefa2b720 Exception <a 'java/lang/NoSuchMethodError'{0x000000008c284a20}: 'java.lang.Object java.lang.invoke.DirectMethodHandle$Holder.invokeStaticInit(java.lang.Object, java.lang.Object, int, int, int, int)'> (0x000000008c284a20) 
thrown [s\src\hotspot\share\interpreter\linkResolver.cpp, line 759]
Event: 0.478 Thread 0x000001cbefa2b720 Exception <a 'sun/nio/fs/WindowsException'{0x000000008c2b9618}> (0x000000008c2b9618) 
thrown [s\src\hotspot\share\prims\jni.cpp, line 516]
Event: 0.486 Thread 0x000001cbefa2b720 Exception <a 'sun/nio/fs/WindowsException'{0x000000008c1027b8}> (0x000000008c1027b8) 
thrown [s\src\hotspot\share\prims\jni.cpp, line 516]
Event: 0.497 Thread 0x000001cbefa2b720 Exception <a 'java/lang/NoSuchMethodError'{0x000000008c151c88}: 'java.lang.Object java.lang.invoke.DirectMethodHandle$Holder.invokeInterface(java.lang.Object, java.lang.Object)'> (0x000000008c151c88) 
thrown [s\src\hotspot\share\interpreter\linkResolver.cpp, line 759]
Event: 0.497 Thread 0x000001cbefa2b720 Exception <a 'java/lang/IncompatibleClassChangeError'{0x000000008c155480}: Found class java.lang.Object, but interface was expected> (0x000000008c155480) 
thrown [s\src\hotspot\share\interpreter\linkResolver.cpp, line 826]
Event: 1.401 Thread 0x000001cbefa2b720 Exception <a 'java/lang/NoSuchMethodError'{0x000000008c1dafe8}: 'void java.lang.invoke.DirectMethodHandle$Holder.invokeSpecial(java.lang.Object, java.lang.Object, java.lang.Object, java.lang.Object, java.lang.Object)'> (0x000000008c1dafe8) 
thrown [s\src\hotspot\share\interpreter\linkResolver.cpp, line 759]
Event: 1.402 Thread 0x000001cbefa2b720 Exception <a 'java/lang/NoSuchMethodError'{0x000000008c1e4058}: 'void java.lang.invoke.DirectMethodHandle$Holder.invokeSpecial(java.lang.Object, java.lang.Object, java.lang.Object)'> (0x000000008c1e4058) 
thrown [s\src\hotspot\share\interpreter\linkResolver.cpp, line 759]
Event: 1.404 Thread 0x000001cbefa2b720 Exception <a 'java/lang/NoSuchMethodError'{0x000000008c1ed0a8}: 'void java.lang.invoke.DirectMethodHandle$Holder.invokeSpecial(java.lang.Object, java.lang.Object, int)'> (0x000000008c1ed0a8) 
thrown [s\src\hotspot\share\interpreter\linkResolver.cpp, line 759]
Event: 1.405 Thread 0x000001cbefa2b720 Exception <a 'java/lang/NoSuchMethodError'{0x000000008c1f30c8}: 'java.lang.Object java.lang.invoke.DirectMethodHandle$Holder.newInvokeSpecial(java.lang.Object, java.lang.Object, int)'> (0x000000008c1f30c8) 
thrown [s\src\hotspot\share\interpreter\linkResolver.cpp, line 759]
Event: 1.649 Thread 0x000001cbd444f300 Exception <a 'java/lang/ClassNotFoundException'{0x000000008bf729f0}: sun/net/www/protocol/c/Handler> (0x000000008bf729f0) 
thrown [s\src\hotspot\share\classfile\systemDictionary.cpp, line 256]
Event: 1.676 Thread 0x000001cbd444f300 Exception <a 'java/lang/ClassNotFoundException'{0x000000008bc0b0a8}: sun/net/www/protocol/c/Handler> (0x000000008bc0b0a8) 
thrown [s\src\hotspot\share\classfile\systemDictionary.cpp, line 256]
Event: 1.680 Thread 0x000001cbd444f300 Exception <a 'java/lang/ClassNotFoundException'{0x000000008bcf24d8}: sun/net/www/protocol/c/Handler> (0x000000008bcf24d8) 
thrown [s\src\hotspot\share\classfile\systemDictionary.cpp, line 256]
Event: 1.686 Thread 0x000001cbd444f300 Exception <a 'java/lang/ClassNotFoundException'{0x000000008bae7e98}: sun/net/www/protocol/c/Handler> (0x000000008bae7e98) 
thrown [s\src\hotspot\share\classfile\systemDictionary.cpp, line 256]
Event: 1.702 Thread 0x000001cbd444f300 Exception <a 'java/lang/NoSuchMethodError'{0x000000008b8c5bb8}: 'java.lang.Object java.lang.invoke.DirectMethodHandle$Holder.invokeStatic(java.lang.Object, int, java.lang.Object)'> (0x000000008b8c5bb8) 
thrown [s\src\hotspot\share\interpreter\linkResolver.cpp, line 759]
Event: 1.838 Thread 0x000001cbd444f300 Exception <a 'java/lang/NoSuchMethodError'{0x000000008b7e9270}: 'java.lang.Object java.lang.invoke.DirectMethodHandle$Holder.invokeStatic(java.lang.Object, float)'> (0x000000008b7e9270) 
thrown [s\src\hotspot\share\interpreter\linkResolver.cpp, line 759]
Event: 11.525 Thread 0x000001cbd444f300 Implicit null exception at 0x000001cb87bbc40c to 0x000001cb87bbcbd0
Event: 11.525 Thread 0x000001cbd444f300 Implicit null exception at 0x000001cb87bb5045 to 0x000001cb87bb50ac
Event: 61.913 Thread 0x000001cbd444d9b0 Exception <a 'java/lang/InterruptedException'{0x000000008ab80800}> (0x000000008ab80800) 
thrown [s\src\hotspot\share\runtime\objectMonitor.cpp, line 1658]

VM Operations (20 events):
Event: 35.089 Executing VM operation: Cleanup done
Event: 37.627 Executing VM operation: HandshakeAllThreads
Event: 37.627 Executing VM operation: HandshakeAllThreads done
Event: 43.631 Executing VM operation: Cleanup
Event: 43.631 Executing VM operation: Cleanup done
Event: 47.633 Executing VM operation: Cleanup
Event: 47.633 Executing VM operation: Cleanup done
Event: 48.633 Executing VM operation: Cleanup
Event: 48.633 Executing VM operation: Cleanup done
Event: 50.635 Executing VM operation: Cleanup
Event: 50.635 Executing VM operation: Cleanup done
Event: 51.635 Executing VM operation: Cleanup
Event: 51.635 Executing VM operation: Cleanup done
Event: 59.641 Executing VM operation: Cleanup
Event: 59.641 Executing VM operation: Cleanup done
Event: 60.210 Executing VM operation: HandshakeAllThreads
Event: 60.210 Executing VM operation: HandshakeAllThreads done
Event: 61.210 Executing VM operation: Cleanup
Event: 61.210 Executing VM operation: Cleanup done
Event: 62.016 Executing VM operation: Exit

Events (20 events):
Event: 11.559 Thread 0x000001cbdb35c420 Thread added: 0x000001cbdb35c420
Event: 12.024 Thread 0x000001cbdb35c420 Thread exited: 0x000001cbdb35c420
Event: 12.024 Thread 0x000001cbd43e7970 Thread exited: 0x000001cbd43e7970
Event: 61.914 Thread 0x000001cbd444cf90 Thread added: 0x000001cbd444cf90
Event: 61.914 Thread 0x000001cbd444c060 Thread added: 0x000001cbd444c060
Event: 61.914 Thread 0x000001cbd444d9b0 Thread exited: 0x000001cbd444d9b0
Event: 61.914 Thread 0x000001cbe5d3e420 Thread added: 0x000001cbe5d3e420
Event: 61.914 Thread 0x000001cbe5d39320 Thread added: 0x000001cbe5d39320
Event: 61.914 loading class sun/font/SunFontManager$8$1
Event: 61.914 loading class sun/font/SunFontManager$8$1 done
Event: 61.914 Thread 0x000001cbe5d3da00 Thread added: 0x000001cbe5d3da00
Event: 61.915 loading class java/nio/channels/ClosedChannelException
Event: 61.915 loading class java/nio/channels/ClosedChannelException done
Event: 61.915 Thread 0x000001cbe5d39320 Thread exited: 0x000001cbe5d39320
Event: 61.915 Thread 0x000001cbd41f6660 Thread exited: 0x000001cbd41f6660
Event: 61.915 Thread 0x000001cbd444c060 Thread exited: 0x000001cbd444c060
Event: 61.922 Thread 0x000001cbff08c990 Thread exited: 0x000001cbff08c990
Event: 61.945 Thread 0x000001cbd444c570 Thread exited: 0x000001cbd444c570
Event: 61.952 Thread 0x000001cbd444cf90 Thread exited: 0x000001cbd444cf90
Event: 62.016 Thread 0x000001cbe5d3e420 Thread exited: 0x000001cbe5d3e420


Dynamic libraries:
0x00007ff68bdd0000 - 0x00007ff68bdde000 	C:\Users\henry\.jdks\corretto-17.0.11\bin\java.exe
0x00007fff33670000 - 0x00007fff33887000 	C:\WINDOWS\SYSTEM32\ntdll.dll
0x00007fff31eb0000 - 0x00007fff31f74000 	C:\WINDOWS\System32\KERNEL32.DLL
0x00007fff30dd0000 - 0x00007fff3118a000 	C:\WINDOWS\System32\KERNELBASE.dll
0x00007fff30c30000 - 0x00007fff30d41000 	C:\WINDOWS\System32\ucrtbase.dll
0x00007fff28cb0000 - 0x00007fff28ccb000 	C:\Users\henry\.jdks\corretto-17.0.11\bin\VCRUNTIME140.dll
0x00007fff2b700000 - 0x00007fff2b717000 	C:\Users\henry\.jdks\corretto-17.0.11\bin\jli.dll
0x00007fff32900000 - 0x00007fff32aae000 	C:\WINDOWS\System32\USER32.dll
0x00007fff086b0000 - 0x00007fff08942000 	C:\WINDOWS\WinSxS\amd64_microsoft.windows.common-controls_6595b64144ccf1df_6.0.22621.4541_none_2710d1c57384c085\COMCTL32.dll
0x00007fff30930000 - 0x00007fff30956000 	C:\WINDOWS\System32\win32u.dll
0x00007fff31a80000 - 0x00007fff31b27000 	C:\WINDOWS\System32\msvcrt.dll
0x00007fff33460000 - 0x00007fff33489000 	C:\WINDOWS\System32\GDI32.dll
0x00007fff31190000 - 0x00007fff312ab000 	C:\WINDOWS\System32\gdi32full.dll
0x00007fff30a20000 - 0x00007fff30aba000 	C:\WINDOWS\System32\msvcp_win.dll
0x00007fff31df0000 - 0x00007fff31e21000 	C:\WINDOWS\System32\IMM32.DLL
0x00007fff28ca0000 - 0x00007fff28cac000 	C:\Users\henry\.jdks\corretto-17.0.11\bin\vcruntime140_1.dll
0x00007fff19350000 - 0x00007fff193dd000 	C:\Users\henry\.jdks\corretto-17.0.11\bin\msvcp140.dll
0x00007ffe2ff40000 - 0x00007ffe30ba2000 	C:\Users\henry\.jdks\corretto-17.0.11\bin\server\jvm.dll
0x00007fff31890000 - 0x00007fff31942000 	C:\WINDOWS\System32\ADVAPI32.dll
0x00007fff32bd0000 - 0x00007fff32c77000 	C:\WINDOWS\System32\sechost.dll
0x00007fff31330000 - 0x00007fff31358000 	C:\WINDOWS\System32\bcrypt.dll
0x00007fff32ab0000 - 0x00007fff32bc4000 	C:\WINDOWS\System32\RPCRT4.dll
0x00007fff28d60000 - 0x00007fff28d94000 	C:\WINDOWS\SYSTEM32\WINMM.dll
0x00007fff19500000 - 0x00007fff19509000 	C:\WINDOWS\SYSTEM32\WSOCK32.dll
0x00007fff2fe90000 - 0x00007fff2fedd000 	C:\WINDOWS\SYSTEM32\POWRPROF.dll
0x00007fff31a00000 - 0x00007fff31a71000 	C:\WINDOWS\System32\WS2_32.dll
0x00007fff289c0000 - 0x00007fff289ca000 	C:\WINDOWS\SYSTEM32\VERSION.dll
0x00007fff2fdc0000 - 0x00007fff2fdd3000 	C:\WINDOWS\SYSTEM32\UMPDC.dll
0x00007fff2f9b0000 - 0x00007fff2f9c8000 	C:\WINDOWS\SYSTEM32\kernel.appcore.dll
0x00007fff194f0000 - 0x00007fff194fa000 	C:\Users\henry\.jdks\corretto-17.0.11\bin\jimage.dll
0x00007fff2e1b0000 - 0x00007fff2e3e2000 	C:\WINDOWS\SYSTEM32\DBGHELP.DLL
0x00007fff31380000 - 0x00007fff31711000 	C:\WINDOWS\System32\combase.dll
0x00007fff32c80000 - 0x00007fff32d57000 	C:\WINDOWS\System32\OLEAUT32.dll
0x00007ffefcc20000 - 0x00007ffefcc52000 	C:\WINDOWS\SYSTEM32\dbgcore.DLL
0x00007fff30d50000 - 0x00007fff30dcb000 	C:\WINDOWS\System32\bcryptPrimitives.dll
0x00007fff19340000 - 0x00007fff1934e000 	C:\Users\henry\.jdks\corretto-17.0.11\bin\instrument.dll
0x00007fff19310000 - 0x00007fff19335000 	C:\Users\henry\.jdks\corretto-17.0.11\bin\java.dll
0x00007fff18da0000 - 0x00007fff18e77000 	C:\Users\henry\.jdks\corretto-17.0.11\bin\jsvml.dll
0x00007fff32080000 - 0x00007fff328f9000 	C:\WINDOWS\System32\SHELL32.dll
0x00007fff2e820000 - 0x00007fff2f129000 	C:\WINDOWS\SYSTEM32\windows.storage.dll
0x00007fff2e6e0000 - 0x00007fff2e81f000 	C:\WINDOWS\SYSTEM32\wintypes.dll
0x00007fff334a0000 - 0x00007fff3359a000 	C:\WINDOWS\System32\SHCORE.dll
0x00007fff319a0000 - 0x00007fff319fe000 	C:\WINDOWS\System32\shlwapi.dll
0x00007fff30860000 - 0x00007fff3088b000 	C:\WINDOWS\SYSTEM32\profapi.dll
0x00007fff192f0000 - 0x00007fff19308000 	C:\Users\henry\.jdks\corretto-17.0.11\bin\zip.dll
0x00007fff192d0000 - 0x00007fff192e9000 	C:\Users\henry\.jdks\corretto-17.0.11\bin\net.dll
0x00007fff2c4a0000 - 0x00007fff2c5d6000 	C:\WINDOWS\SYSTEM32\WINHTTP.dll
0x00007fff2fee0000 - 0x00007fff2ff49000 	C:\WINDOWS\system32\mswsock.dll
0x00007fff192b0000 - 0x00007fff192c6000 	C:\Users\henry\.jdks\corretto-17.0.11\bin\nio.dll
0x00007fff190a0000 - 0x00007fff190ba000 	C:\Program Files\JetBrains\IntelliJ IDEA 2024.1.1\bin\breakgen64.dll
0x00007fff192a0000 - 0x00007fff192a9000 	C:\Users\henry\.jdks\corretto-17.0.11\bin\extnet.dll
0x00007fff0c710000 - 0x00007fff0c8a0000 	C:\Users\henry\.jdks\corretto-17.0.11\bin\awt.dll
0x00007fff2b8c0000 - 0x00007fff2b957000 	C:\WINDOWS\SYSTEM32\apphelp.dll
0x00007fff2d9b0000 - 0x00007fff2da61000 	C:\WINDOWS\system32\uxtheme.dll
0x00007fff31720000 - 0x00007fff31881000 	C:\WINDOWS\System32\MSCTF.dll
0x00007fff32e30000 - 0x00007fff32fd5000 	C:\WINDOWS\System32\ole32.dll
0x00007fff2dc50000 - 0x00007fff2dc7b000 	C:\WINDOWS\system32\DWMAPI.DLL
0x00007ffef32f0000 - 0x00007ffef33f0000 	C:\WINDOWS\system32\opengl32.dll
0x00007ffef31c0000 - 0x00007ffef31ed000 	C:\WINDOWS\SYSTEM32\GLU32.dll
0x00007fff2dae0000 - 0x00007fff2db17000 	C:\WINDOWS\SYSTEM32\dxcore.dll
0x00007fff30140000 - 0x00007fff3015b000 	C:\WINDOWS\SYSTEM32\CRYPTSP.dll
0x00007fff2f910000 - 0x00007fff2f945000 	C:\WINDOWS\system32\rsaenh.dll
0x00007fff2ffd0000 - 0x00007fff2fff8000 	C:\WINDOWS\SYSTEM32\USERENV.dll
0x00007fff30130000 - 0x00007fff3013c000 	C:\WINDOWS\SYSTEM32\CRYPTBASE.dll
0x00007fff2f3c0000 - 0x00007fff2f3ed000 	C:\WINDOWS\SYSTEM32\IPHLPAPI.DLL
0x00007fff33490000 - 0x00007fff33499000 	C:\WINDOWS\System32\NSI.dll
0x00007fff2b790000 - 0x00007fff2b7a9000 	C:\WINDOWS\SYSTEM32\dhcpcsvc6.DLL
0x00007fff2b5a0000 - 0x00007fff2b5bf000 	C:\WINDOWS\SYSTEM32\dhcpcsvc.DLL
0x00007fff2f440000 - 0x00007fff2f542000 	C:\WINDOWS\SYSTEM32\DNSAPI.dll
0x000000006e8c0000 - 0x000000006e8cd000 	C:\Users\henry\IdeaProjects\RobotController\lib\gluegen_rt.dll
0x00007fff18d80000 - 0x00007fff18d87000 	C:\Users\henry\.jdks\corretto-17.0.11\bin\jawt.dll
0x000000006a440000 - 0x000000006a44d000 	C:\Users\henry\IdeaProjects\RobotController\lib\nativewindow_awt.dll
0x000000006c100000 - 0x000000006c110000 	C:\Users\henry\IdeaProjects\RobotController\lib\nativewindow_win32.dll
0x0000000070d80000 - 0x0000000070d93000 	C:\Users\henry\IdeaProjects\RobotController\lib\newt_head.dll
0x00007fff2bfc0000 - 0x00007fff2c07c000 	C:\WINDOWS\SYSTEM32\mscms.dll
0x00007ffef1ad0000 - 0x00007ffef1b19000 	C:\WINDOWS\SYSTEM32\icm32.dll
0x00007fff32fe0000 - 0x00007fff33454000 	C:\WINDOWS\System32\setupapi.dll
0x00007fff305f0000 - 0x00007fff3061c000 	C:\WINDOWS\SYSTEM32\DEVOBJ.dll
0x00007fff30620000 - 0x00007fff3066e000 	C:\WINDOWS\SYSTEM32\cfgmgr32.dll
0x00007fff312b0000 - 0x00007fff31322000 	C:\WINDOWS\System32\WINTRUST.dll
0x00007fff30ac0000 - 0x00007fff30c26000 	C:\WINDOWS\System32\CRYPT32.dll
0x00007fff30190000 - 0x00007fff301a2000 	C:\WINDOWS\SYSTEM32\MSASN1.dll
0x0000000064500000 - 0x0000000064585000 	C:\Users\henry\IdeaProjects\RobotController\lib\jogl_desktop.dll
0x0000000064340000 - 0x0000000064391000 	C:\Users\henry\IdeaProjects\RobotController\lib\jogl_mobile.dll
0x00007fff28200000 - 0x00007fff28249000 	C:\WINDOWS\SYSTEM32\directxdatabasehelper.dll
0x00007fff32d60000 - 0x00007fff32e10000 	C:\WINDOWS\System32\clbcatq.dll
0x00007ffe2eeb0000 - 0x00007ffe2ff37000 	C:\WINDOWS\System32\DriverStore\FileRepository\iigd_dch.inf_amd64_57ce179e0ee5edd3\igxelpicd64.dll
0x00007fff2db20000 - 0x00007fff2dc17000 	C:\WINDOWS\system32\dxgi.dll
0x00007fff0c5d0000 - 0x00007fff0c70c000 	C:\WINDOWS\System32\DriverStore\FileRepository\iigd_dch.inf_amd64_57ce179e0ee5edd3\igdml64.dll
0x00007fff23570000 - 0x00007fff23979000 	C:\WINDOWS\System32\DriverStore\FileRepository\iigd_dch.inf_amd64_57ce179e0ee5edd3\igdgmm64.dll
0x00007fff1eee0000 - 0x00007fff23564000 	C:\WINDOWS\System32\DriverStore\FileRepository\iigd_dch.inf_amd64_57ce179e0ee5edd3\igc64.dll
0x00007fff262e0000 - 0x00007fff26425000 	C:\WINDOWS\SYSTEM32\textinputframework.dll
0x00007fff2ac70000 - 0x00007fff2ada3000 	C:\WINDOWS\SYSTEM32\CoreMessaging.dll
0x00007fff27a70000 - 0x00007fff27ddd000 	C:\WINDOWS\SYSTEM32\CoreUIComponents.dll
0x00007fff08ed0000 - 0x00007fff08f39000 	C:\WINDOWS\system32\Oleacc.dll
0x00007fff18cf0000 - 0x00007fff18d77000 	C:\Users\henry\.jdks\corretto-17.0.11\bin\freetype.dll
0x00007fff0b7e0000 - 0x00007fff0b8c2000 	C:\Users\henry\.jdks\corretto-17.0.11\bin\fontmanager.dll
0x00007ffef5340000 - 0x00007ffef53ab000 	C:\WINDOWS\system32\Ninput.dll

dbghelp: loaded successfully - version: 4.0.5 - missing functions: none
symbol engine: initialized successfully - sym options: 0x614 - pdb path: .;C:\Users\henry\.jdks\corretto-17.0.11\bin;C:\WINDOWS\SYSTEM32;C:\WINDOWS\WinSxS\amd64_microsoft.windows.common-controls_6595b64144ccf1df_6.0.22621.4541_none_2710d1c57384c085;C:\Users\henry\.jdks\corretto-17.0.11\bin\server;C:\Program Files\JetBrains\IntelliJ IDEA 2024.1.1\bin;C:\Users\henry\IdeaProjects\RobotController\lib;C:\WINDOWS\System32\DriverStore\FileRepository\iigd_dch.inf_amd64_57ce179e0ee5edd3

VM Arguments:
jvm_args: -Djava.library.path=C:\Users\henry\IdeaProjects\RobotController\lib -javaagent:C:\Program Files\JetBrains\IntelliJ IDEA 2024.1.1\lib\idea_rt.jar=61064:C:\Program Files\JetBrains\IntelliJ IDEA 2024.1.1\bin -Dfile.encoding=UTF-8 
java_command: Logic.Main
java_class_path (initial): C:\Users\henry\IdeaProjects\RobotController\out\production\RobotController;C:\Users\henry\IdeaProjects\RobotController\lib\core.jar;C:\Users\henry\IdeaProjects\RobotController\lib\gluegen-rt.jar;C:\Users\henry\IdeaProjects\RobotController\lib\jogl-all.jar;C:\Users\henry\IdeaProjects\RobotController\lib\serial.jar;C:\Users\henry\IdeaProjects\RobotController\lib\jssc.jar
Launcher Type: SUN_STANDARD

[Global flags]
     intx CICompilerCount                          = 4                                         {product} {ergonomic}
     uint ConcGCThreads                            = 2                                         {product} {ergonomic}
     uint G1ConcRefinementThreads                  = 8                                         {product} {ergonomic}
   size_t G1HeapRegionSize                         = 1048576                                   {product} {ergonomic}
    uintx GCDrainStackTargetSize                   = 64                                        {product} {ergonomic}
   size_t InitialHeapSize                          = 130023424                                 {product} {ergonomic}
   size_t MarkStackSize                            = 4194304                                   {product} {ergonomic}
   size_t MaxHeapSize                              = 2063597568                                {product} {ergonomic}
   size_t MaxNewSize                               = 1237319680                                {product} {ergonomic}
   size_t MinHeapDeltaBytes                        = 1048576                                   {product} {ergonomic}
   size_t MinHeapSize                              = 8388608                                   {product} {ergonomic}
    uintx NonNMethodCodeHeapSize                   = 5839372                                {pd product} {ergonomic}
    uintx NonProfiledCodeHeapSize                  = 122909434                              {pd product} {ergonomic}
    uintx ProfiledCodeHeapSize                     = 122909434                              {pd product} {ergonomic}
    uintx ReservedCodeCacheSize                    = 251658240                              {pd product} {ergonomic}
     bool SegmentedCodeCache                       = true                                      {product} {ergonomic}
   size_t SoftMaxHeapSize                          = 2063597568                             {manageable} {ergonomic}
     bool UseCompressedClassPointers               = true                           {product lp64_product} {ergonomic}
     bool UseCompressedOops                        = true                           {product lp64_product} {ergonomic}
     bool UseG1GC                                  = true                                      {product} {ergonomic}
     bool UseLargePagesIndividualAllocation        = false                                  {pd product} {ergonomic}

Logging:
Log output configuration:
 #0: stdout all=off uptime,level,tags
 #1: stderr all=off uptime,level,tags

Environment Variables:
PATH=C:\Program Files (x86)\Common Files\Oracle\Java\java8path;C:\Program Files (x86)\Common Files\Oracle\Java\javapath;C:\WINDOWS\system32;C:\WINDOWS;C:\WINDOWS\System32\Wbem;C:\WINDOWS\System32\WindowsPowerShell\v1.0\;C:\WINDOWS\System32\OpenSSH\;C:\Program Files\dotnet\;C:\Program Files\Git\cmd;C:\Program Files\Microsoft SQL Server\Client SDK\ODBC\130\Tools\Binn\;C:\Program Files (x86)\Microsoft SQL Server\140\Tools\Binn\;C:\Program Files\Microsoft SQL Server\140\Tools\Binn\;C:\Program Files\Microsoft SQL Server\140\DTS\Binn\;C:\Program Files\MATLAB\R2024b\bin;C:\Users\henry\AppData\Local\Programs\Python\Launcher\;C:\Users\henry\AppData\Local\Microsoft\WindowsApps;C:\Program Files\JetBrains\IntelliJ IDEA 2024.1.1\bin;;C:\Users\henry\AppData\Local\Programs\MiKTeX\miktex\bin\x64\
USERNAME=henry
OS=Windows_NT
PROCESSOR_IDENTIFIER=Intel64 Family 6 Model 140 Stepping 1, GenuineIntel
TMP=C:\Users\henry\AppData\Local\Temp
TEMP=C:\Users\henry\AppData\Local\Temp



Periodic native trim disabled


---------------  S Y S T E M  ---------------

OS:
 Windows 11 , 64 bit Build 22621 (10.0.22621.4391)
OS uptime: 0 days 0:59 hours
Hyper-V role detected

CPU: total 8 (initial active 8) (4 cores per cpu, 2 threads per core) family 6 model 140 stepping 1 microcode 0xb4, cx8, cmov, fxsr, ht, mmx, 3dnowpref, sse, sse2, sse3, ssse3, sse4.1, sse4.2, popcnt, lzcnt, tsc, tscinvbit, avx, avx2, aes, erms, clmul, bmi1, bmi2, adx, avx512f, avx512dq, avx512cd, avx512bw, avx512vl, sha, fma, vzeroupper, avx512_vpopcntdq, avx512_vpclmulqdq, avx512_vaes, avx512_vnni, clflush, clflushopt, clwb, avx512_vbmi2, avx512_vbmi, hv
Processor Information for processor 0
  Max Mhz: 2419, Current Mhz: 2419, Mhz Limit: 2419
Processor Information for processor 1
  Max Mhz: 2419, Current Mhz: 2419, Mhz Limit: 2419
Processor Information for processor 2
  Max Mhz: 2419, Current Mhz: 1007, Mhz Limit: 2419
Processor Information for processor 3
  Max Mhz: 2419, Current Mhz: 2419, Mhz Limit: 2419
Processor Information for processor 4
  Max Mhz: 2419, Current Mhz: 1007, Mhz Limit: 2419
Processor Information for processor 5
  Max Mhz: 2419, Current Mhz: 2419, Mhz Limit: 2419
Processor Information for processor 6
  Max Mhz: 2419, Current Mhz: 2419, Mhz Limit: 2419
Processor Information for processor 7
  Max Mhz: 2419, Current Mhz: 2419, Mhz Limit: 2419

Memory: 4k page, system-wide physical 7865M (715M free)
TotalPageFile size 22713M (AvailPageFile size 9785M)
current process WorkingSet (physical memory assigned to process): 349M, peak: 374M
current process commit charge ("private bytes"): 413M, peak: 441M

vm_info: OpenJDK 64-Bit Server VM (17.0.11+9-LTS) for windows-amd64 JRE (17.0.11+9-LTS), built on Apr 10 2024 22:12:24 by "Administrator" with MS VC++ 16.10 / 16.11 (VS2019)

END.
