#
# A fatal error has been detected by the Java Runtime Environment:
#
#  EXCEPTION_ACCESS_VIOLATION (0xc0000005) at pc=0x00007ffe1c287a32, pid=10692, tid=16804
#
# JRE version: OpenJDK Runtime Environment Corretto-17.0.11.9.1 (17.0.11+9) (build 17.0.11+9-LTS)
# Java VM: OpenJDK 64-Bit Server VM Corretto-17.0.11.9.1 (17.0.11+9-LTS, mixed mode, sharing, tiered, compressed oops, compressed class ptrs, g1 gc, windows-amd64)
# Problematic frame:
# C  [igxelpicd64.dll+0xa7a32]
#
# No core dump will be written. Minidumps are not enabled by default on client versions of Windows
#
# If you would like to submit a bug report, please visit:
#   https://github.com/corretto/corretto-17/issues/
#

---------------  S U M M A R Y ------------

Command Line: -Djava.library.path=C:\Users\henry\IdeaProjects\RobotController\lib -javaagent:C:\Program Files\JetBrains\IntelliJ IDEA 2024.1.1\lib\idea_rt.jar=53689:C:\Program Files\JetBrains\IntelliJ IDEA 2024.1.1\bin -Dfile.encoding=UTF-8 Logic.Main

Host: 11th Gen Intel(R) Core(TM) i5-1135G7 @ 2.40GHz, 8 cores, 7G,  Windows 11 , 64 bit Build 22621 (10.0.22621.4391)
Time: Mon Jan 27 13:34:41 2025 W. Europe Standard Time elapsed time: 14.033868 seconds (0d 0h 0m 14s)

---------------  T H R E A D  ---------------

Current thread (0x000002581ff676f0):  VMThread "VM Thread" [stack: 0x0000009972000000,0x0000009972100000] [id=16804]

Stack: [0x0000009972000000,0x0000009972100000],  sp=0x00000099720fe970,  free space=1018k
Native frames: (J=compiled Java code, j=interpreted, Vv=VM code, C=native code)
C  [igxelpicd64.dll+0xa7a32]


siginfo: EXCEPTION_ACCESS_VIOLATION (0xc0000005), reading address 0x0000000000035898


Registers:
RAX=0x0000025877d11f08, RBX=0x0000025877d11ce0, RCX=0x0000000000000000, RDX=0x00000000fffffff4
RSP=0x00000099720fe970, RBP=0x0000000000000000, RSI=0x0000025877d122b0, RDI=0x000002586bb67520
R8 =0x0000000000000014, R9 =0x0000000000000004, R10=0x0000000000000000, R11=0x0000000000000246
R12=0x000002586c1a5d00, R13=0x0000025877a30050, R14=0x000000000009b100, R15=0x0000000000000016
RIP=0x00007ffe1c287a32, EFLAGS=0x0000000000010202


Register to memory mapping:

RIP=0x00007ffe1c287a32 igxelpicd64.dll
RAX=0x0000025877d11f08 points into unknown readable memory: 0x000000000009ad74 | 74 ad 09 00 00 00 00 00
RBX=0x0000025877d11ce0 points into unknown readable memory: 0x0000025865baad90 | 90 ad ba 65 58 02 00 00
RCX=0x0 is NULL
RDX=0x00000000fffffff4 is an unallocated location in the heap
RSP=0x00000099720fe970 points into unknown readable memory: 0x0000025865e07560 | 60 75 e0 65 58 02 00 00
RBP=0x0 is NULL
RSI=0x0000025877d122b0 points into unknown readable memory: 0x0000025877a30050 | 50 00 a3 77 58 02 00 00
RDI=0x000002586bb67520 points into unknown readable memory: 0x000002586bfb3c00 | 00 3c fb 6b 58 02 00 00
R8 =0x0000000000000014 is an unknown value
R9 =0x0000000000000004 is an unknown value
R10=0x0 is NULL
R11=0x0000000000000246 is an unknown value
R12=0x000002586c1a5d00 points into unknown readable memory: 0x0000000000000000 | 00 00 00 00 00 00 00 00
R13=0x0000025877a30050 points into unknown readable memory: 0x0000025865baad90 | 90 ad ba 65 58 02 00 00
R14=0x000000000009b100 is an unknown value
R15=0x0000000000000016 is an unknown value


Top of Stack: (sp=0x00000099720fe970)
0x00000099720fe970:   0000025865e07560 0000000000000000
0x00000099720fe980:   02832f8902a09388 00007fff337143e4
0x00000099720fe990:   02933d8a02f00f8a 02005d8a02864b8a
0x00000099720fe9a0:   02a2888a0093808a 00e3fa8a02489c8a
0x00000099720fe9b0:   0000000000000016 000000000009b193
0x00000099720fe9c0:   0000b80218df0000 000002586c1a5d98
0x00000099720fe9d0:   0000000000000000 0000000000000000
0x00000099720fe9e0:   00000099720feaf0 00007ffe1c26d5df
0x00000099720fe9f0:   0000025865e07560 000002586bb67520
0x00000099720fea00:   0071829202336000 01eff69202b78900
0x00000099720fea10:   000000990000093c 018cce9300000000
0x00000099720fea20:   0000000000000000 000040007a000004
0x00000099720fea30:   0000000000000000 0000000000000000
0x00000099720fea40:   000010027a000004 0000000000000000
0x00000099720fea50:   0000000000000000 001040007a000004
0x00000099720fea60:   0000000000000000 0000000000000000
0x00000099720fea70:   000000007a000004 0000000000000000
0x00000099720fea80:   0000000000000000 001040007a000004
0x00000099720fea90:   0000025869ae0000 0000000000000060
0x00000099720feaa0:   0000b80218df0000 000000000000093c
0x00000099720feab0:   0000000000000000 8000314000000001
0x00000099720feac0:   0000000000000000 0000000000000000
0x00000099720fead0:   0000000000000000 0000000000000000
0x00000099720feae0:   0000000000000000 0000000000000000
0x00000099720feaf0:   0000000000000000 0000000000000000
0x00000099720feb00:   0000000000000000 0000000000000000
0x00000099720feb10:   0000000000000000 0000000000000000
0x00000099720feb20:   0000000000000000 0000000000000000
0x00000099720feb30:   0000000000000000 0000000000000000
0x00000099720feb40:   0000000000000000 0000000000000000
0x00000099720feb50:   0000000000000000 0000000000000000
0x00000099720feb60:   0000000000000000 0000000000000000 

Instructions: (pc=0x00007ffe1c287a32)
0x00007ffe1c287932:   8b fa 48 8b e9 48 8b 1d 92 c4 f1 00 48 89 58 08
0x00007ffe1c287942:   48 8b cb ff 15 dd 48 a9 00 90 4c 8b af 78 02 00
0x00007ffe1c287952:   00 48 8b 05 c6 69 e1 00 44 8b b8 a0 0b 00 00 45
0x00007ffe1c287962:   33 d2 45 8a f2 4c 89 97 78 02 00 00 44 89 97 80
0x00007ffe1c287972:   02 00 00 4c 89 97 a0 02 00 00 4c 89 97 88 02 00
0x00007ffe1c287982:   00 48 85 ed 75 38 8b 35 22 9e f1 00 65 48 8b 04
0x00007ffe1c287992:   25 58 00 00 00 b9 14 00 00 00 48 8b 04 f0 44 38
0x00007ffe1c2879a2:   14 01 0f 84 86 98 94 00 65 48 8b 04 25 58 00 00
0x00007ffe1c2879b2:   00 bd 20 00 00 00 48 8b 04 f0 48 8b 2c 28 48 3b
0x00007ffe1c2879c2:   2d 79 ab f1 00 45 0f 44 fa 4d 85 ed 0f 84 2b 01
0x00007ffe1c2879d2:   00 00 44 8a a4 24 90 00 00 00 49 8b dd 49 8d b5
0x00007ffe1c2879e2:   d0 05 00 00 4c 8b 2e 45 84 e4 0f 85 39 03 00 00
0x00007ffe1c2879f2:   44 8b 8f c8 01 00 00 48 8b 05 20 69 e1 00 83 b8
0x00007ffe1c287a02:   70 03 00 00 02 75 36 41 8d 51 f0 41 83 f9 10 0f
0x00007ffe1c287a12:   83 2d 01 00 00 4a 8d 04 cd 21 00 00 00 49 03 c1
0x00007ffe1c287a22:   48 8d 04 c3 48 85 c0 0f 85 03 01 00 00 49 8b ca
0x00007ffe1c287a32:   48 3b 8d 98 58 03 00 0f 87 fe 97 94 00 48 8d 93
0x00007ffe1c287a42:   08 01 00 00 4c 39 93 48 06 00 00 0f 85 69 99 94
0x00007ffe1c287a52:   00 44 8b 9f c8 01 00 00 48 8b 87 e0 01 00 00 4c
0x00007ffe1c287a62:   8b 10 44 8b 87 c8 01 00 00 41 83 f8 10 0f 83 fc
0x00007ffe1c287a72:   00 00 00 4b 8d 0c c0 48 8d 04 ca 48 85 c0 0f 85
0x00007ffe1c287a82:   b5 00 00 00 33 c9 49 3b ca 0f 86 11 01 00 00 45
0x00007ffe1c287a92:   33 d2 48 8b 87 78 02 00 00 48 89 06 48 89 9f 78
0x00007ffe1c287aa2:   02 00 00 ff 87 80 02 00 00 48 8b 43 08 48 8b 88
0x00007ffe1c287ab2:   18 01 00 00 48 81 e1 00 00 ff ff 48 81 c1 00 00
0x00007ffe1c287ac2:   01 00 48 01 8f 88 02 00 00 48 8b 43 08 48 8b 88
0x00007ffe1c287ad2:   18 01 00 00 48 01 8f a0 02 00 00 4d 85 ed 0f 85
0x00007ffe1c287ae2:   f6 fe ff ff 45 84 f6 44 8a a4 24 98 00 00 00 0f
0x00007ffe1c287af2:   85 11 99 94 00 48 8b 9c 24 80 00 00 00 48 8b cf
0x00007ffe1c287b02:   45 84 e4 0f 85 30 02 00 00 e8 d0 fa ff ff 90 48
0x00007ffe1c287b12:   8b cb 48 8b 9c 24 88 00 00 00 48 83 c4 40 41 5f
0x00007ffe1c287b22:   41 5e 41 5d 41 5c 5f 5e 5d 48 ff 25 ee 46 a9 00 


Stack slot to memory mapping:
stack at sp + 0 slots: 0x0000025865e07560 points into unknown readable memory: 0xffffffffffffffff | ff ff ff ff ff ff ff ff
stack at sp + 1 slots: 0x0 is NULL
stack at sp + 2 slots: 0x02832f8902a09388 is an unknown value
stack at sp + 3 slots: 0x00007fff337143e4 ntdll.dll
stack at sp + 4 slots: 0x02933d8a02f00f8a is an unknown value
stack at sp + 5 slots: 0x02005d8a02864b8a is an unknown value
stack at sp + 6 slots: 0x02a2888a0093808a is an unknown value
stack at sp + 7 slots: 0x00e3fa8a02489c8a is an unknown value

VM_Operation (0x00000099740fe870): Exit, mode: safepoint, requested by thread 0x0000025865dd2db0


---------------  P R O C E S S  ---------------

Threads class SMR info:
_java_thread_list=0x000002586c447c20, length=16, elements={
0x000002581ff6f470, 0x000002581ff6fe30, 0x000002581ff85aa0, 0x000002581ff87470,
0x000002581ff8a9e0, 0x000002581ff8ca90, 0x000002581ff90470, 0x000002581ffc3030,
0x000002581ff57c00, 0x0000025865345020, 0x0000025865345500, 0x0000025865660690,
0x0000025865dd2390, 0x0000025865dd2db0, 0x0000025865dd32c0, 0x0000025865307430
}

Java Threads: ( => current thread )
  0x000002581ff6f470 JavaThread "Reference Handler" daemon [_thread_blocked, id=14616, stack(0x0000009972100000,0x0000009972200000)]
  0x000002581ff6fe30 JavaThread "Finalizer" daemon [_thread_blocked, id=10496, stack(0x0000009972200000,0x0000009972300000)]
  0x000002581ff85aa0 JavaThread "Attach Listener" daemon [_thread_blocked, id=16424, stack(0x0000009972400000,0x0000009972500000)]
  0x000002581ff87470 JavaThread "Service Thread" daemon [_thread_blocked, id=12296, stack(0x0000009972500000,0x0000009972600000)]
  0x000002581ff8a9e0 JavaThread "Monitor Deflation Thread" daemon [_thread_blocked, id=9612, stack(0x0000009972600000,0x0000009972700000)]
  0x000002581ff8ca90 JavaThread "C2 CompilerThread0" daemon [_thread_blocked, id=3680, stack(0x0000009972700000,0x0000009972800000)]
  0x000002581ff90470 JavaThread "C1 CompilerThread0" daemon [_thread_blocked, id=3824, stack(0x0000009972800000,0x0000009972900000)]
  0x000002581ffc3030 JavaThread "Sweeper thread" daemon [_thread_blocked, id=11692, stack(0x0000009972900000,0x0000009972a00000)]
  0x000002581ff57c00 JavaThread "Common-Cleaner" daemon [_thread_blocked, id=3544, stack(0x0000009972a00000,0x0000009972b00000)]
  0x0000025865345020 JavaThread "Monitor Ctrl-Break" daemon [_thread_in_native, id=23620, stack(0x0000009972c00000,0x0000009972d00000)]
  0x0000025865345500 JavaThread "Notification Thread" daemon [_thread_blocked, id=23600, stack(0x0000009972d00000,0x0000009972e00000)]
  0x0000025865660690 JavaThread "Java2D Disposer" daemon [_thread_blocked, id=15492, stack(0x0000009972f00000,0x0000009973000000)]
  0x0000025865dd2390 JavaThread "HighResTimerThread" daemon [_thread_blocked, id=7836, stack(0x0000009973000000,0x0000009973100000)]
  0x0000025865dd2db0 JavaThread "main-FPSAWTAnimator#00-Timer0" [_thread_blocked, id=14236, stack(0x0000009974000000,0x0000009974100000)]
  0x0000025865dd32c0 JavaThread "DestroyJavaVM" [_thread_blocked, id=22316, stack(0x0000009971a00000,0x0000009971b00000)]
  0x0000025865307430 JavaThread "AWT-Shutdown" [_thread_blocked, id=22956, stack(0x0000009973f00000,0x0000009974000000)]

Other Threads:
=>0x000002581ff676f0 VMThread "VM Thread" [stack: 0x0000009972000000,0x0000009972100000] [id=16804]
  0x0000025801e46200 GCTaskThread "GC Thread#0" [stack: 0x0000009971b00000,0x0000009971c00000] [id=12644]
  0x000002586b885680 GCTaskThread "GC Thread#1" [stack: 0x0000009973800000,0x0000009973900000] [id=10204]
  0x000002586b885940 GCTaskThread "GC Thread#2" [stack: 0x0000009973900000,0x0000009973a00000] [id=12764]
  0x000002586b885c00 GCTaskThread "GC Thread#3" [stack: 0x0000009973a00000,0x0000009973b00000] [id=3560]
  0x000002586b885ec0 GCTaskThread "GC Thread#4" [stack: 0x0000009973b00000,0x0000009973c00000] [id=3744]
  0x000002586b886180 GCTaskThread "GC Thread#5" [stack: 0x0000009973c00000,0x0000009973d00000] [id=23368]
  0x000002586b8ae5d0 GCTaskThread "GC Thread#6" [stack: 0x0000009973d00000,0x0000009973e00000] [id=14124]
  0x000002586b8ae890 GCTaskThread "GC Thread#7" [stack: 0x0000009973e00000,0x0000009973f00000] [id=19696]
  0x0000025801e56750 ConcurrentGCThread "G1 Main Marker" terminated
  0x0000025801e57170 ConcurrentGCThread "G1 Conc#0" [stack: 0x0000009971d00000,0x0000009971e00000] [id=20504]
  0x0000025801e9eba0 ConcurrentGCThread "G1 Refine#0" terminated
  0x000002581fe12b10 ConcurrentGCThread "G1 Service" terminated

Threads with active compile tasks:

VM state: at safepoint (shutting down)

VM Mutex/Monitor currently owned by a thread:  ([mutex/lock_event])
[0x0000025801ded100] Threads_lock - owner thread: 0x000002581ff676f0
[0x0000025801decbf0] Heap_lock - owner thread: 0x0000025865dd2db0

Heap address: 0x0000000085000000, size: 1968 MB, Compressed Oops mode: 32-bit

CDS archive(s) mapped at: [0x0000025820000000-0x0000025820bb0000-0x0000025820bb0000), size 12255232, SharedBaseAddress: 0x0000025820000000, ArchiveRelocationMode: 1.
Compressed class space mapped at: 0x0000025821000000-0x0000025861000000, reserved size: 1073741824
Narrow klass base: 0x0000025820000000, Narrow klass shift: 0, Narrow klass range: 0x100000000

GC Precious Log:
 CPUs: 8 total, 8 available
 Memory: 7865M
 Large Page Support: Disabled
 NUMA Support: Disabled
 Compressed Oops: Enabled (32-bit)
 Heap Region Size: 1M
 Heap Min Capacity: 8M
 Heap Initial Capacity: 124M
 Heap Max Capacity: 1968M
 Pre-touch: Disabled
 Parallel Workers: 8
 Concurrent Workers: 2
 Concurrent Refinement Workers: 8
 Periodic GC: Disabled

Heap:
 garbage-first heap   total 126976K, used 19598K [0x0000000085000000, 0x0000000100000000)
  region size 1024K, 18 young (18432K), 5 survivors (5120K)
 Metaspace       used 15165K, committed 15360K, reserved 1114112K
  class space    used 1110K, committed 1216K, reserved 1048576K

Heap Regions: E=young(eden), S=young(survivor), O=old, HS=humongous(starts), HC=humongous(continues), CS=collection set, F=free, OA=open archive, CA=closed archive, TAMS=top-at-mark-start (previous, next)
|   0|0x0000000085000000, 0x0000000085100000, 0x0000000085100000|100%| O|  |TAMS 0x0000000085000000, 0x0000000085000000| Untracked 
|   1|0x0000000085100000, 0x0000000085200000, 0x0000000085200000|100%| O|  |TAMS 0x0000000085100000, 0x0000000085100000| Untracked 
|   2|0x0000000085200000, 0x0000000085290e00, 0x0000000085300000| 56%| O|  |TAMS 0x0000000085200000, 0x0000000085200000| Untracked 
|   3|0x0000000085300000, 0x0000000085300000, 0x0000000085400000|  0%| F|  |TAMS 0x0000000085300000, 0x0000000085300000| Untracked 
|   4|0x0000000085400000, 0x0000000085400000, 0x0000000085500000|  0%| F|  |TAMS 0x0000000085400000, 0x0000000085400000| Untracked 
|   5|0x0000000085500000, 0x0000000085500000, 0x0000000085600000|  0%| F|  |TAMS 0x0000000085500000, 0x0000000085500000| Untracked 
|   6|0x0000000085600000, 0x0000000085600000, 0x0000000085700000|  0%| F|  |TAMS 0x0000000085600000, 0x0000000085600000| Untracked 
|   7|0x0000000085700000, 0x0000000085700000, 0x0000000085800000|  0%| F|  |TAMS 0x0000000085700000, 0x0000000085700000| Untracked 
|   8|0x0000000085800000, 0x0000000085800000, 0x0000000085900000|  0%| F|  |TAMS 0x0000000085800000, 0x0000000085800000| Untracked 
|   9|0x0000000085900000, 0x0000000085900000, 0x0000000085a00000|  0%| F|  |TAMS 0x0000000085900000, 0x0000000085900000| Untracked 
|  10|0x0000000085a00000, 0x0000000085a00000, 0x0000000085b00000|  0%| F|  |TAMS 0x0000000085a00000, 0x0000000085a00000| Untracked 
|  11|0x0000000085b00000, 0x0000000085b00000, 0x0000000085c00000|  0%| F|  |TAMS 0x0000000085b00000, 0x0000000085b00000| Untracked 
|  12|0x0000000085c00000, 0x0000000085c00000, 0x0000000085d00000|  0%| F|  |TAMS 0x0000000085c00000, 0x0000000085c00000| Untracked 
|  13|0x0000000085d00000, 0x0000000085d00000, 0x0000000085e00000|  0%| F|  |TAMS 0x0000000085d00000, 0x0000000085d00000| Untracked 
|  14|0x0000000085e00000, 0x0000000085e00000, 0x0000000085f00000|  0%| F|  |TAMS 0x0000000085e00000, 0x0000000085e00000| Untracked 
|  15|0x0000000085f00000, 0x0000000085f00000, 0x0000000086000000|  0%| F|  |TAMS 0x0000000085f00000, 0x0000000085f00000| Untracked 
|  16|0x0000000086000000, 0x0000000086000000, 0x0000000086100000|  0%| F|  |TAMS 0x0000000086000000, 0x0000000086000000| Untracked 
|  17|0x0000000086100000, 0x0000000086100000, 0x0000000086200000|  0%| F|  |TAMS 0x0000000086100000, 0x0000000086100000| Untracked 
|  18|0x0000000086200000, 0x0000000086200000, 0x0000000086300000|  0%| F|  |TAMS 0x0000000086200000, 0x0000000086200000| Untracked 
|  19|0x0000000086300000, 0x0000000086300000, 0x0000000086400000|  0%| F|  |TAMS 0x0000000086300000, 0x0000000086300000| Untracked 
|  20|0x0000000086400000, 0x0000000086400000, 0x0000000086500000|  0%| F|  |TAMS 0x0000000086400000, 0x0000000086400000| Untracked 
|  21|0x0000000086500000, 0x0000000086500000, 0x0000000086600000|  0%| F|  |TAMS 0x0000000086500000, 0x0000000086500000| Untracked 
|  22|0x0000000086600000, 0x0000000086600000, 0x0000000086700000|  0%| F|  |TAMS 0x0000000086600000, 0x0000000086600000| Untracked 
|  23|0x0000000086700000, 0x0000000086700000, 0x0000000086800000|  0%| F|  |TAMS 0x0000000086700000, 0x0000000086700000| Untracked 
|  24|0x0000000086800000, 0x0000000086800000, 0x0000000086900000|  0%| F|  |TAMS 0x0000000086800000, 0x0000000086800000| Untracked 
|  25|0x0000000086900000, 0x0000000086900000, 0x0000000086a00000|  0%| F|  |TAMS 0x0000000086900000, 0x0000000086900000| Untracked 
|  26|0x0000000086a00000, 0x0000000086a00000, 0x0000000086b00000|  0%| F|  |TAMS 0x0000000086a00000, 0x0000000086a00000| Untracked 
|  27|0x0000000086b00000, 0x0000000086b00000, 0x0000000086c00000|  0%| F|  |TAMS 0x0000000086b00000, 0x0000000086b00000| Untracked 
|  28|0x0000000086c00000, 0x0000000086c00000, 0x0000000086d00000|  0%| F|  |TAMS 0x0000000086c00000, 0x0000000086c00000| Untracked 
|  29|0x0000000086d00000, 0x0000000086d00000, 0x0000000086e00000|  0%| F|  |TAMS 0x0000000086d00000, 0x0000000086d00000| Untracked 
|  30|0x0000000086e00000, 0x0000000086e00000, 0x0000000086f00000|  0%| F|  |TAMS 0x0000000086e00000, 0x0000000086e00000| Untracked 
|  31|0x0000000086f00000, 0x0000000086f00000, 0x0000000087000000|  0%| F|  |TAMS 0x0000000086f00000, 0x0000000086f00000| Untracked 
|  32|0x0000000087000000, 0x0000000087000000, 0x0000000087100000|  0%| F|  |TAMS 0x0000000087000000, 0x0000000087000000| Untracked 
|  33|0x0000000087100000, 0x0000000087100000, 0x0000000087200000|  0%| F|  |TAMS 0x0000000087100000, 0x0000000087100000| Untracked 
|  34|0x0000000087200000, 0x0000000087200000, 0x0000000087300000|  0%| F|  |TAMS 0x0000000087200000, 0x0000000087200000| Untracked 
|  35|0x0000000087300000, 0x0000000087300000, 0x0000000087400000|  0%| F|  |TAMS 0x0000000087300000, 0x0000000087300000| Untracked 
|  36|0x0000000087400000, 0x0000000087400000, 0x0000000087500000|  0%| F|  |TAMS 0x0000000087400000, 0x0000000087400000| Untracked 
|  37|0x0000000087500000, 0x0000000087500000, 0x0000000087600000|  0%| F|  |TAMS 0x0000000087500000, 0x0000000087500000| Untracked 
|  38|0x0000000087600000, 0x0000000087600000, 0x0000000087700000|  0%| F|  |TAMS 0x0000000087600000, 0x0000000087600000| Untracked 
|  39|0x0000000087700000, 0x0000000087700000, 0x0000000087800000|  0%| F|  |TAMS 0x0000000087700000, 0x0000000087700000| Untracked 
|  40|0x0000000087800000, 0x0000000087800000, 0x0000000087900000|  0%| F|  |TAMS 0x0000000087800000, 0x0000000087800000| Untracked 
|  41|0x0000000087900000, 0x0000000087900000, 0x0000000087a00000|  0%| F|  |TAMS 0x0000000087900000, 0x0000000087900000| Untracked 
|  42|0x0000000087a00000, 0x0000000087a00000, 0x0000000087b00000|  0%| F|  |TAMS 0x0000000087a00000, 0x0000000087a00000| Untracked 
|  43|0x0000000087b00000, 0x0000000087b00000, 0x0000000087c00000|  0%| F|  |TAMS 0x0000000087b00000, 0x0000000087b00000| Untracked 
|  44|0x0000000087c00000, 0x0000000087c00000, 0x0000000087d00000|  0%| F|  |TAMS 0x0000000087c00000, 0x0000000087c00000| Untracked 
|  45|0x0000000087d00000, 0x0000000087d00000, 0x0000000087e00000|  0%| F|  |TAMS 0x0000000087d00000, 0x0000000087d00000| Untracked 
|  46|0x0000000087e00000, 0x0000000087e00000, 0x0000000087f00000|  0%| F|  |TAMS 0x0000000087e00000, 0x0000000087e00000| Untracked 
|  47|0x0000000087f00000, 0x0000000087f00000, 0x0000000088000000|  0%| F|  |TAMS 0x0000000087f00000, 0x0000000087f00000| Untracked 
|  48|0x0000000088000000, 0x0000000088000000, 0x0000000088100000|  0%| F|  |TAMS 0x0000000088000000, 0x0000000088000000| Untracked 
|  49|0x0000000088100000, 0x0000000088100000, 0x0000000088200000|  0%| F|  |TAMS 0x0000000088100000, 0x0000000088100000| Untracked 
|  50|0x0000000088200000, 0x0000000088200000, 0x0000000088300000|  0%| F|  |TAMS 0x0000000088200000, 0x0000000088200000| Untracked 
|  51|0x0000000088300000, 0x0000000088300000, 0x0000000088400000|  0%| F|  |TAMS 0x0000000088300000, 0x0000000088300000| Untracked 
|  52|0x0000000088400000, 0x0000000088400000, 0x0000000088500000|  0%| F|  |TAMS 0x0000000088400000, 0x0000000088400000| Untracked 
|  53|0x0000000088500000, 0x0000000088500000, 0x0000000088600000|  0%| F|  |TAMS 0x0000000088500000, 0x0000000088500000| Untracked 
|  54|0x0000000088600000, 0x0000000088600000, 0x0000000088700000|  0%| F|  |TAMS 0x0000000088600000, 0x0000000088600000| Untracked 
|  55|0x0000000088700000, 0x0000000088700000, 0x0000000088800000|  0%| F|  |TAMS 0x0000000088700000, 0x0000000088700000| Untracked 
|  56|0x0000000088800000, 0x0000000088800000, 0x0000000088900000|  0%| F|  |TAMS 0x0000000088800000, 0x0000000088800000| Untracked 
|  57|0x0000000088900000, 0x0000000088900000, 0x0000000088a00000|  0%| F|  |TAMS 0x0000000088900000, 0x0000000088900000| Untracked 
|  58|0x0000000088a00000, 0x0000000088a00000, 0x0000000088b00000|  0%| F|  |TAMS 0x0000000088a00000, 0x0000000088a00000| Untracked 
|  59|0x0000000088b00000, 0x0000000088b00000, 0x0000000088c00000|  0%| F|  |TAMS 0x0000000088b00000, 0x0000000088b00000| Untracked 
|  60|0x0000000088c00000, 0x0000000088c00000, 0x0000000088d00000|  0%| F|  |TAMS 0x0000000088c00000, 0x0000000088c00000| Untracked 
|  61|0x0000000088d00000, 0x0000000088d00000, 0x0000000088e00000|  0%| F|  |TAMS 0x0000000088d00000, 0x0000000088d00000| Untracked 
|  62|0x0000000088e00000, 0x0000000088e00000, 0x0000000088f00000|  0%| F|  |TAMS 0x0000000088e00000, 0x0000000088e00000| Untracked 
|  63|0x0000000088f00000, 0x0000000088f00000, 0x0000000089000000|  0%| F|  |TAMS 0x0000000088f00000, 0x0000000088f00000| Untracked 
|  64|0x0000000089000000, 0x0000000089000000, 0x0000000089100000|  0%| F|  |TAMS 0x0000000089000000, 0x0000000089000000| Untracked 
|  65|0x0000000089100000, 0x0000000089100000, 0x0000000089200000|  0%| F|  |TAMS 0x0000000089100000, 0x0000000089100000| Untracked 
|  66|0x0000000089200000, 0x0000000089200000, 0x0000000089300000|  0%| F|  |TAMS 0x0000000089200000, 0x0000000089200000| Untracked 
|  67|0x0000000089300000, 0x0000000089300000, 0x0000000089400000|  0%| F|  |TAMS 0x0000000089300000, 0x0000000089300000| Untracked 
|  68|0x0000000089400000, 0x0000000089400000, 0x0000000089500000|  0%| F|  |TAMS 0x0000000089400000, 0x0000000089400000| Untracked 
|  69|0x0000000089500000, 0x0000000089500000, 0x0000000089600000|  0%| F|  |TAMS 0x0000000089500000, 0x0000000089500000| Untracked 
|  70|0x0000000089600000, 0x0000000089600000, 0x0000000089700000|  0%| F|  |TAMS 0x0000000089600000, 0x0000000089600000| Untracked 
|  71|0x0000000089700000, 0x0000000089700000, 0x0000000089800000|  0%| F|  |TAMS 0x0000000089700000, 0x0000000089700000| Untracked 
|  72|0x0000000089800000, 0x0000000089800000, 0x0000000089900000|  0%| F|  |TAMS 0x0000000089800000, 0x0000000089800000| Untracked 
|  73|0x0000000089900000, 0x0000000089900000, 0x0000000089a00000|  0%| F|  |TAMS 0x0000000089900000, 0x0000000089900000| Untracked 
|  74|0x0000000089a00000, 0x0000000089a00000, 0x0000000089b00000|  0%| F|  |TAMS 0x0000000089a00000, 0x0000000089a00000| Untracked 
|  75|0x0000000089b00000, 0x0000000089b00000, 0x0000000089c00000|  0%| F|  |TAMS 0x0000000089b00000, 0x0000000089b00000| Untracked 
|  76|0x0000000089c00000, 0x0000000089c00000, 0x0000000089d00000|  0%| F|  |TAMS 0x0000000089c00000, 0x0000000089c00000| Untracked 
|  77|0x0000000089d00000, 0x0000000089d00000, 0x0000000089e00000|  0%| F|  |TAMS 0x0000000089d00000, 0x0000000089d00000| Untracked 
|  78|0x0000000089e00000, 0x0000000089e00000, 0x0000000089f00000|  0%| F|  |TAMS 0x0000000089e00000, 0x0000000089e00000| Untracked 
|  79|0x0000000089f00000, 0x0000000089f00000, 0x000000008a000000|  0%| F|  |TAMS 0x0000000089f00000, 0x0000000089f00000| Untracked 
|  80|0x000000008a000000, 0x000000008a000000, 0x000000008a100000|  0%| F|  |TAMS 0x000000008a000000, 0x000000008a000000| Untracked 
|  81|0x000000008a100000, 0x000000008a100000, 0x000000008a200000|  0%| F|  |TAMS 0x000000008a100000, 0x000000008a100000| Untracked 
|  82|0x000000008a200000, 0x000000008a200000, 0x000000008a300000|  0%| F|  |TAMS 0x000000008a200000, 0x000000008a200000| Untracked 
|  83|0x000000008a300000, 0x000000008a392bd8, 0x000000008a400000| 57%| S|CS|TAMS 0x000000008a300000, 0x000000008a300000| Complete 
|  84|0x000000008a400000, 0x000000008a500000, 0x000000008a500000|100%| S|CS|TAMS 0x000000008a400000, 0x000000008a400000| Complete 
|  85|0x000000008a500000, 0x000000008a600000, 0x000000008a600000|100%| S|CS|TAMS 0x000000008a500000, 0x000000008a500000| Complete 
|  86|0x000000008a600000, 0x000000008a700000, 0x000000008a700000|100%| S|CS|TAMS 0x000000008a600000, 0x000000008a600000| Complete 
|  87|0x000000008a700000, 0x000000008a800000, 0x000000008a800000|100%| S|CS|TAMS 0x000000008a700000, 0x000000008a700000| Complete 
|  88|0x000000008a800000, 0x000000008a800000, 0x000000008a900000|  0%| F|  |TAMS 0x000000008a800000, 0x000000008a800000| Untracked 
|  89|0x000000008a900000, 0x000000008a900000, 0x000000008aa00000|  0%| F|  |TAMS 0x000000008a900000, 0x000000008a900000| Untracked 
|  90|0x000000008aa00000, 0x000000008aa00000, 0x000000008ab00000|  0%| F|  |TAMS 0x000000008aa00000, 0x000000008aa00000| Untracked 
|  91|0x000000008ab00000, 0x000000008ab00000, 0x000000008ac00000|  0%| F|  |TAMS 0x000000008ab00000, 0x000000008ab00000| Untracked 
|  92|0x000000008ac00000, 0x000000008ac00000, 0x000000008ad00000|  0%| F|  |TAMS 0x000000008ac00000, 0x000000008ac00000| Untracked 
|  93|0x000000008ad00000, 0x000000008ad00000, 0x000000008ae00000|  0%| F|  |TAMS 0x000000008ad00000, 0x000000008ad00000| Untracked 
|  94|0x000000008ae00000, 0x000000008ae00000, 0x000000008af00000|  0%| F|  |TAMS 0x000000008ae00000, 0x000000008ae00000| Untracked 
|  95|0x000000008af00000, 0x000000008af00000, 0x000000008b000000|  0%| F|  |TAMS 0x000000008af00000, 0x000000008af00000| Untracked 
|  96|0x000000008b000000, 0x000000008b000000, 0x000000008b100000|  0%| F|  |TAMS 0x000000008b000000, 0x000000008b000000| Untracked 
|  97|0x000000008b100000, 0x000000008b100000, 0x000000008b200000|  0%| F|  |TAMS 0x000000008b100000, 0x000000008b100000| Untracked 
|  98|0x000000008b200000, 0x000000008b200000, 0x000000008b300000|  0%| F|  |TAMS 0x000000008b200000, 0x000000008b200000| Untracked 
|  99|0x000000008b300000, 0x000000008b300000, 0x000000008b400000|  0%| F|  |TAMS 0x000000008b300000, 0x000000008b300000| Untracked 
| 100|0x000000008b400000, 0x000000008b400000, 0x000000008b500000|  0%| F|  |TAMS 0x000000008b400000, 0x000000008b400000| Untracked 
| 101|0x000000008b500000, 0x000000008b500000, 0x000000008b600000|  0%| F|  |TAMS 0x000000008b500000, 0x000000008b500000| Untracked 
| 102|0x000000008b600000, 0x000000008b600000, 0x000000008b700000|  0%| F|  |TAMS 0x000000008b600000, 0x000000008b600000| Untracked 
| 103|0x000000008b700000, 0x000000008b700000, 0x000000008b800000|  0%| F|  |TAMS 0x000000008b700000, 0x000000008b700000| Untracked 
| 104|0x000000008b800000, 0x000000008b800000, 0x000000008b900000|  0%| F|  |TAMS 0x000000008b800000, 0x000000008b800000| Untracked 
| 105|0x000000008b900000, 0x000000008b900000, 0x000000008ba00000|  0%| F|  |TAMS 0x000000008b900000, 0x000000008b900000| Untracked 
| 106|0x000000008ba00000, 0x000000008ba00000, 0x000000008bb00000|  0%| F|  |TAMS 0x000000008ba00000, 0x000000008ba00000| Untracked 
| 107|0x000000008bb00000, 0x000000008bb00000, 0x000000008bc00000|  0%| F|  |TAMS 0x000000008bb00000, 0x000000008bb00000| Untracked 
| 108|0x000000008bc00000, 0x000000008bc00000, 0x000000008bd00000|  0%| F|  |TAMS 0x000000008bc00000, 0x000000008bc00000| Untracked 
| 109|0x000000008bd00000, 0x000000008bd00000, 0x000000008be00000|  0%| F|  |TAMS 0x000000008bd00000, 0x000000008bd00000| Untracked 
| 110|0x000000008be00000, 0x000000008be00000, 0x000000008bf00000|  0%| F|  |TAMS 0x000000008be00000, 0x000000008be00000| Untracked 
| 111|0x000000008bf00000, 0x000000008bfc72e8, 0x000000008c000000| 77%| E|  |TAMS 0x000000008bf00000, 0x000000008bf00000| Complete 
| 112|0x000000008c000000, 0x000000008c100000, 0x000000008c100000|100%| E|CS|TAMS 0x000000008c000000, 0x000000008c000000| Complete 
| 113|0x000000008c100000, 0x000000008c200000, 0x000000008c200000|100%| E|CS|TAMS 0x000000008c100000, 0x000000008c100000| Complete 
| 114|0x000000008c200000, 0x000000008c300000, 0x000000008c300000|100%| E|CS|TAMS 0x000000008c200000, 0x000000008c200000| Complete 
| 115|0x000000008c300000, 0x000000008c400000, 0x000000008c400000|100%| E|CS|TAMS 0x000000008c300000, 0x000000008c300000| Complete 
| 116|0x000000008c400000, 0x000000008c500000, 0x000000008c500000|100%| E|CS|TAMS 0x000000008c400000, 0x000000008c400000| Complete 
| 117|0x000000008c500000, 0x000000008c600000, 0x000000008c600000|100%| E|CS|TAMS 0x000000008c500000, 0x000000008c500000| Complete 
| 118|0x000000008c600000, 0x000000008c700000, 0x000000008c700000|100%| E|CS|TAMS 0x000000008c600000, 0x000000008c600000| Complete 
| 119|0x000000008c700000, 0x000000008c800000, 0x000000008c800000|100%| E|CS|TAMS 0x000000008c700000, 0x000000008c700000| Complete 
| 120|0x000000008c800000, 0x000000008c900000, 0x000000008c900000|100%| E|CS|TAMS 0x000000008c800000, 0x000000008c800000| Complete 
| 121|0x000000008c900000, 0x000000008ca00000, 0x000000008ca00000|100%| E|CS|TAMS 0x000000008c900000, 0x000000008c900000| Complete 
| 122|0x000000008ca00000, 0x000000008cb00000, 0x000000008cb00000|100%| E|CS|TAMS 0x000000008ca00000, 0x000000008ca00000| Complete 
| 123|0x000000008cb00000, 0x000000008cc00000, 0x000000008cc00000|100%| E|CS|TAMS 0x000000008cb00000, 0x000000008cb00000| Complete 

Card table byte_map: [0x0000025819020000,0x0000025819400000] _byte_map_base: 0x0000025818bf8000

Marking Bits (Prev, Next): (CMBitMap*) 0x0000025801e46820, (CMBitMap*) 0x0000025801e46860
 Prev Bits: [0x00000258197e0000, 0x000002581b6a0000)
 Next Bits: [0x000002581b6a0000, 0x000002581d560000)

Polling page: 0x00000258015a0000

Metaspace:

Usage:
  Non-class:     13.73 MB used.
      Class:      1.08 MB used.
       Both:     14.81 MB used.

Virtual space:
  Non-class space:       64.00 MB reserved,      13.81 MB ( 22%) committed,  1 nodes.
      Class space:        1.00 GB reserved,       1.19 MB ( <1%) committed,  1 nodes.
             Both:        1.06 GB reserved,      15.00 MB (  1%) committed. 

Chunk freelists:
   Non-Class:  1.95 MB
       Class:  14.82 MB
        Both:  16.77 MB

MaxMetaspaceSize: unlimited
CompressedClassSpaceSize: 1.00 GB
Initial GC threshold: 21.00 MB
Current GC threshold: 21.00 MB
CDS: on
MetaspaceReclaimPolicy: balanced
 - commit_granule_bytes: 65536.
 - commit_granule_words: 8192.
 - virtual_space_node_default_size: 8388608.
 - enlarge_chunks_in_place: 1.
 - new_chunks_are_fully_committed: 0.
 - uncommit_free_chunks: 1.
 - use_allocation_guard: 0.
 - handle_deallocations: 1.


Internal statistics:

num_allocs_failed_limit: 0.
num_arena_births: 176.
num_arena_deaths: 0.
num_vsnodes_births: 2.
num_vsnodes_deaths: 0.
num_space_committed: 236.
num_space_uncommitted: 0.
num_chunks_returned_to_freelist: 0.
num_chunks_taken_from_freelist: 482.
num_chunk_merges: 0.
num_chunk_splits: 379.
num_chunks_enlarged: 291.
num_inconsistent_stats: 0.

CodeHeap 'non-profiled nmethods': size=120000Kb used=1392Kb max_used=1392Kb free=118607Kb
 bounds [0x00000258113d0000, 0x0000025811640000, 0x0000025818900000]
CodeHeap 'profiled nmethods': size=120000Kb used=5132Kb max_used=5132Kb free=114867Kb
 bounds [0x0000025809900000, 0x0000025809e10000, 0x0000025810e30000]
CodeHeap 'non-nmethods': size=5760Kb used=1579Kb max_used=1626Kb free=4180Kb
 bounds [0x0000025810e30000, 0x00000258110a0000, 0x00000258113d0000]
 total_blobs=3507 nmethods=2522 adapters=898
 compilation: enabled
              stopped_count=0, restarted_count=0
 full_count=0

Compilation events (20 events):
Event: 12.132 Thread 0x000002581ff90470 2514       3       com.jogamp.common.util.Bitfield$Util::bitCount (49 bytes)
Event: 12.132 Thread 0x000002581ff90470 nmethod 2514 0x0000025809e02010 code [0x0000025809e021a0, 0x0000025809e022d8]
Event: 12.214 Thread 0x000002581ff8ca90 2515 %     4       processing.opengl.PGraphicsOpenGL$Tessellator::tessellateRoundPoints3D @ 214 (465 bytes)
Event: 12.241 Thread 0x000002581ff8ca90 nmethod 2515% 0x0000025811520490 code [0x00000258115206c0, 0x0000025811521b98]
Event: 12.298 Thread 0x000002581ff8ca90 2516 %     4       processing.opengl.PGraphicsOpenGL$Tessellator::tessellateRoundPoints3D @ 311 (465 bytes)
Event: 12.330 Thread 0x000002581ff8ca90 nmethod 2516% 0x0000025811522610 code [0x0000025811522820, 0x0000025811523a78]
Event: 12.382 Thread 0x000002581ff8ca90 2517 %     4       processing.opengl.PGraphicsOpenGL$Tessellator::tessellateRoundPoints3D @ 137 (465 bytes)
Event: 12.415 Thread 0x000002581ff90470 2518       3       jdk.internal.math.FloatingDecimal$BinaryToASCIIBuffer::estimateDecExp (182 bytes)
Event: 12.415 Thread 0x000002581ff90470 nmethod 2518 0x0000025809e02390 code [0x0000025809e025a0, 0x0000025809e02af8]
Event: 12.422 Thread 0x000002581ff8ca90 nmethod 2517% 0x0000025811524410 code [0x0000025811524640, 0x0000025811525e58]
Event: 12.429 Thread 0x000002581ff8ca90 2519       4       processing.core.PGraphics::colorCalc (573 bytes)
Event: 12.432 Thread 0x000002581ff8ca90 nmethod 2519 0x0000025811526a10 code [0x0000025811526bc0, 0x0000025811527078]
Event: 12.448 Thread 0x000002581ff8ca90 2520       4       processing.opengl.PGraphicsOpenGL$Tessellator::tessellateRoundPoints3D (465 bytes)
Event: 12.480 Thread 0x000002581ff8ca90 nmethod 2520 0x0000025811527210 code [0x00000258115274c0, 0x0000025811528bf0]
Event: 12.781 Thread 0x000002581ff90470 2521       3       jdk.internal.math.FloatingDecimal$BinaryToASCIIBuffer::roundup (104 bytes)
Event: 12.781 Thread 0x000002581ff90470 nmethod 2521 0x0000025809e02b90 code [0x0000025809e02d40, 0x0000025809e03098]
Event: 13.433 Thread 0x000002581ff8ca90 2522  s    4       jogamp.opengl.GLBufferObjectTracker::createBufferStorage (472 bytes)
Event: 13.444 Thread 0x000002581ff8ca90 nmethod 2522 0x0000025811529c10 code [0x0000025811529e20, 0x000002581152aa10]
Event: 13.464 Thread 0x000002581ff8ca90 2523       4       processing.opengl.PGraphicsOpenGL::textAscent (51 bytes)
Event: 13.467 Thread 0x000002581ff8ca90 nmethod 2523 0x000002581152b710 code [0x000002581152b900, 0x000002581152be68]

GC Heap History (4 events):
Event: 1.609 GC heap before
{Heap before GC invocations=0 (full 0):
 garbage-first heap   total 126976K, used 25600K [0x0000000085000000, 0x0000000100000000)
  region size 1024K, 23 young (23552K), 0 survivors (0K)
 Metaspace       used 11615K, committed 11776K, reserved 1114112K
  class space    used 849K, committed 960K, reserved 1048576K
}
Event: 1.622 GC heap after
{Heap after GC invocations=1 (full 0):
 garbage-first heap   total 126976K, used 2789K [0x0000000085000000, 0x0000000100000000)
  region size 1024K, 3 young (3072K), 3 survivors (3072K)
 Metaspace       used 11615K, committed 11776K, reserved 1114112K
  class space    used 849K, committed 960K, reserved 1048576K
}
Event: 3.332 GC heap before
{Heap before GC invocations=1 (full 0):
 garbage-first heap   total 126976K, used 36581K [0x0000000085000000, 0x0000000100000000)
  region size 1024K, 36 young (36864K), 3 survivors (3072K)
 Metaspace       used 14174K, committed 14400K, reserved 1114112K
  class space    used 1084K, committed 1216K, reserved 1048576K
}
Event: 3.338 GC heap after
{Heap after GC invocations=2 (full 0):
 garbage-first heap   total 126976K, used 7310K [0x0000000085000000, 0x0000000100000000)
  region size 1024K, 5 young (5120K), 5 survivors (5120K)
 Metaspace       used 14174K, committed 14400K, reserved 1114112K
  class space    used 1084K, committed 1216K, reserved 1048576K
}

Dll operation events (20 events):
Event: 0.013 Loaded shared library C:\Users\henry\.jdks\corretto-17.0.11\bin\java.dll
Event: 0.033 Loaded shared library C:\Users\henry\.jdks\corretto-17.0.11\bin\jsvml.dll
Event: 0.089 Loaded shared library C:\Users\henry\.jdks\corretto-17.0.11\bin\zip.dll
Event: 0.092 Loaded shared library C:\Users\henry\.jdks\corretto-17.0.11\bin\instrument.dll
Event: 0.098 Loaded shared library C:\Users\henry\.jdks\corretto-17.0.11\bin\net.dll
Event: 0.099 Loaded shared library C:\Users\henry\.jdks\corretto-17.0.11\bin\nio.dll
Event: 0.102 Loaded shared library C:\Users\henry\.jdks\corretto-17.0.11\bin\zip.dll
Event: 0.115 Loaded shared library C:\Program Files\JetBrains\IntelliJ IDEA 2024.1.1\bin\breakgen64.dll
Event: 0.136 Loaded shared library C:\Users\henry\.jdks\corretto-17.0.11\bin\extnet.dll
Event: 0.215 Loaded shared library C:\Users\henry\.jdks\corretto-17.0.11\bin\jimage.dll
Event: 0.228 Loaded shared library C:\Users\henry\.jdks\corretto-17.0.11\bin\awt.dll
Event: 0.733 Loaded shared library C:\Users\henry\IdeaProjects\RobotController\lib\gluegen_rt.dll
Event: 0.747 Loaded shared library C:\Users\henry\.jdks\corretto-17.0.11\bin\jawt.dll
Event: 0.751 Loaded shared library C:\Users\henry\IdeaProjects\RobotController\lib\nativewindow_awt.dll
Event: 0.812 Loaded shared library C:\Users\henry\IdeaProjects\RobotController\lib\nativewindow_win32.dll
Event: 0.827 Loaded shared library C:\Users\henry\IdeaProjects\RobotController\lib\newt_head.dll
Event: 1.088 Loaded shared library C:\Users\henry\IdeaProjects\RobotController\lib\jogl_desktop.dll
Event: 1.128 Loaded shared library C:\Users\henry\IdeaProjects\RobotController\lib\jogl_mobile.dll
Event: 2.671 Loaded shared library C:\Users\henry\.jdks\corretto-17.0.11\bin\freetype.dll
Event: 2.674 Loaded shared library C:\Users\henry\.jdks\corretto-17.0.11\bin\fontmanager.dll

Deoptimization events (20 events):
Event: 11.563 Thread 0x0000025865dd2db0 DEOPT PACKING pc=0x00000258114d4cbc sp=0x00000099740fe630
Event: 11.563 Thread 0x0000025865dd2db0 DEOPT UNPACKING pc=0x0000025810e8a1a3 sp=0x00000099740fe5a8 mode 2
Event: 11.565 Thread 0x0000025865dd2db0 Uncommon trap: trap_request=0xffffff45 fr.pc=0x00000258114904bc relative=0x0000000000000cdc
Event: 11.565 Thread 0x0000025865dd2db0 Uncommon trap: reason=unstable_if action=reinterpret pc=0x00000258114904bc method=processing.core.PFont.index(C)I @ 15 c2
Event: 11.565 Thread 0x0000025865dd2db0 DEOPT PACKING pc=0x00000258114904bc sp=0x00000099740fe480
Event: 11.565 Thread 0x0000025865dd2db0 DEOPT UNPACKING pc=0x0000025810e8a1a3 sp=0x00000099740fe338 mode 2
Event: 11.566 Thread 0x0000025865dd2db0 Uncommon trap: trap_request=0xffffff45 fr.pc=0x0000025811492184 relative=0x00000000000000e4
Event: 11.566 Thread 0x0000025865dd2db0 Uncommon trap: reason=unstable_if action=reinterpret pc=0x0000025811492184 method=processing.core.PFont.index(C)I @ 15 c2
Event: 11.566 Thread 0x0000025865dd2db0 DEOPT PACKING pc=0x0000025811492184 sp=0x00000099740fe3b0
Event: 11.566 Thread 0x0000025865dd2db0 DEOPT UNPACKING pc=0x0000025810e8a1a3 sp=0x00000099740fe340 mode 2
Event: 12.448 Thread 0x0000025865dd2db0 DEOPT PACKING pc=0x0000025809de5bd9 sp=0x00000099740fe430
Event: 12.448 Thread 0x0000025865dd2db0 DEOPT UNPACKING pc=0x0000025810e8ace3 sp=0x00000099740fd900 mode 0
Event: 13.582 Thread 0x0000025865dd0020 Uncommon trap: trap_request=0xffffffde fr.pc=0x000002581151442c relative=0x000000000000038c
Event: 13.582 Thread 0x0000025865dd0020 Uncommon trap: reason=class_check action=maybe_recompile pc=0x000002581151442c method=java.util.HashMap.removeNode(ILjava/lang/Object;Ljava/lang/Object;ZZ)Ljava/util/HashMap$Node; @ 283 c2
Event: 13.582 Thread 0x0000025865dd0020 DEOPT PACKING pc=0x000002581151442c sp=0x00000099743ff2e0
Event: 13.582 Thread 0x0000025865dd0020 DEOPT UNPACKING pc=0x0000025810e8a1a3 sp=0x00000099743ff258 mode 2
Event: 13.605 Thread 0x0000025865dd1e80 Uncommon trap: trap_request=0xffffff45 fr.pc=0x00000258114d6e60 relative=0x0000000000000060
Event: 13.605 Thread 0x0000025865dd1e80 Uncommon trap: reason=unstable_if action=reinterpret pc=0x00000258114d6e60 method=java.util.HashMap.values()Ljava/util/Collection; @ 6 c2
Event: 13.605 Thread 0x0000025865dd1e80 DEOPT PACKING pc=0x00000258114d6e60 sp=0x00000099733ff510
Event: 13.605 Thread 0x0000025865dd1e80 DEOPT UNPACKING pc=0x0000025810e8a1a3 sp=0x00000099733ff4a8 mode 2

Classes unloaded (0 events):
No events

Classes redefined (0 events):
No events

Internal exceptions (20 events):
Event: 0.248 Thread 0x0000025801df23e0 Exception <a 'java/io/FileNotFoundException'{0x000000008c78e838}> (0x000000008c78e838) 
thrown [s\src\hotspot\share\prims\jni.cpp, line 516]
Event: 0.492 Thread 0x0000025801df23e0 Exception <a 'java/lang/NoSuchMethodError'{0x000000008c3fc2d0}: 'java.lang.Object java.lang.invoke.DirectMethodHandle$Holder.invokeStaticInit(java.lang.Object, int, int, int, int)'> (0x000000008c3fc2d0) 
thrown [s\src\hotspot\share\interpreter\linkResolver.cpp, line 759]
Event: 0.547 Thread 0x0000025801df23e0 Exception <a 'java/lang/NoSuchMethodError'{0x000000008c28bab0}: 'java.lang.Object java.lang.invoke.DirectMethodHandle$Holder.invokeStaticInit(java.lang.Object, java.lang.Object, int, int, int, int)'> (0x000000008c28bab0) 
thrown [s\src\hotspot\share\interpreter\linkResolver.cpp, line 759]
Event: 0.730 Thread 0x0000025801df23e0 Exception <a 'sun/nio/fs/WindowsException'{0x000000008c2c08f0}> (0x000000008c2c08f0) 
thrown [s\src\hotspot\share\prims\jni.cpp, line 516]
Event: 0.749 Thread 0x0000025801df23e0 Exception <a 'sun/nio/fs/WindowsException'{0x000000008c109dd8}> (0x000000008c109dd8) 
thrown [s\src\hotspot\share\prims\jni.cpp, line 516]
Event: 0.773 Thread 0x0000025801df23e0 Exception <a 'java/lang/NoSuchMethodError'{0x000000008c1592a8}: 'java.lang.Object java.lang.invoke.DirectMethodHandle$Holder.invokeInterface(java.lang.Object, java.lang.Object)'> (0x000000008c1592a8) 
thrown [s\src\hotspot\share\interpreter\linkResolver.cpp, line 759]
Event: 0.774 Thread 0x0000025801df23e0 Exception <a 'java/lang/IncompatibleClassChangeError'{0x000000008c15caa0}: Found class java.lang.Object, but interface was expected> (0x000000008c15caa0) 
thrown [s\src\hotspot\share\interpreter\linkResolver.cpp, line 826]
Event: 2.301 Thread 0x0000025801df23e0 Exception <a 'java/lang/NoSuchMethodError'{0x000000008c03b640}: 'void java.lang.invoke.DirectMethodHandle$Holder.invokeSpecial(java.lang.Object, java.lang.Object, java.lang.Object, java.lang.Object, java.lang.Object)'> (0x000000008c03b640) 
thrown [s\src\hotspot\share\interpreter\linkResolver.cpp, line 759]
Event: 2.302 Thread 0x0000025801df23e0 Exception <a 'java/lang/NoSuchMethodError'{0x000000008c0446b0}: 'void java.lang.invoke.DirectMethodHandle$Holder.invokeSpecial(java.lang.Object, java.lang.Object, java.lang.Object)'> (0x000000008c0446b0) 
thrown [s\src\hotspot\share\interpreter\linkResolver.cpp, line 759]
Event: 2.303 Thread 0x0000025801df23e0 Exception <a 'java/lang/NoSuchMethodError'{0x000000008c04d700}: 'void java.lang.invoke.DirectMethodHandle$Holder.invokeSpecial(java.lang.Object, java.lang.Object, int)'> (0x000000008c04d700) 
thrown [s\src\hotspot\share\interpreter\linkResolver.cpp, line 759]
Event: 2.304 Thread 0x0000025801df23e0 Exception <a 'java/lang/NoSuchMethodError'{0x000000008c053720}: 'java.lang.Object java.lang.invoke.DirectMethodHandle$Holder.newInvokeSpecial(java.lang.Object, java.lang.Object, int)'> (0x000000008c053720) 
thrown [s\src\hotspot\share\interpreter\linkResolver.cpp, line 759]
Event: 2.571 Thread 0x0000025865dd2db0 Exception <a 'java/lang/ClassNotFoundException'{0x000000008bf38450}: sun/net/www/protocol/c/Handler> (0x000000008bf38450) 
thrown [s\src\hotspot\share\classfile\systemDictionary.cpp, line 256]
Event: 2.609 Thread 0x0000025865dd2db0 Exception <a 'java/lang/ClassNotFoundException'{0x000000008bdd0b48}: sun/net/www/protocol/c/Handler> (0x000000008bdd0b48) 
thrown [s\src\hotspot\share\classfile\systemDictionary.cpp, line 256]
Event: 2.618 Thread 0x0000025865dd2db0 Exception <a 'java/lang/ClassNotFoundException'{0x000000008bcb8278}: sun/net/www/protocol/c/Handler> (0x000000008bcb8278) 
thrown [s\src\hotspot\share\classfile\systemDictionary.cpp, line 256]
Event: 2.628 Thread 0x0000025865dd2db0 Exception <a 'java/lang/ClassNotFoundException'{0x000000008baaecf8}: sun/net/www/protocol/c/Handler> (0x000000008baaecf8) 
thrown [s\src\hotspot\share\classfile\systemDictionary.cpp, line 256]
Event: 2.646 Thread 0x0000025865dd2db0 Exception <a 'java/lang/NoSuchMethodError'{0x000000008b88c948}: 'java.lang.Object java.lang.invoke.DirectMethodHandle$Holder.invokeStatic(java.lang.Object, int, java.lang.Object)'> (0x000000008b88c948) 
thrown [s\src\hotspot\share\interpreter\linkResolver.cpp, line 759]
Event: 2.870 Thread 0x0000025865dd2db0 Exception <a 'java/lang/NoSuchMethodError'{0x000000008b7af028}: 'java.lang.Object java.lang.invoke.DirectMethodHandle$Holder.invokeStatic(java.lang.Object, float)'> (0x000000008b7af028) 
thrown [s\src\hotspot\share\interpreter\linkResolver.cpp, line 759]
Event: 11.532 Thread 0x0000025865dd2db0 Implicit null exception at 0x00000258114bcf0c to 0x00000258114bd6d0
Event: 11.532 Thread 0x0000025865dd2db0 Implicit null exception at 0x00000258114b6145 to 0x00000258114b61ac
Event: 13.582 Thread 0x0000025865dd1970 Exception <a 'java/lang/InterruptedException'{0x000000008c000000}> (0x000000008c000000) 
thrown [s\src\hotspot\share\runtime\objectMonitor.cpp, line 1658]

VM Operations (20 events):
Event: 4.338 Executing VM operation: Cleanup done
Event: 5.339 Executing VM operation: Cleanup
Event: 5.339 Executing VM operation: Cleanup done
Event: 6.340 Executing VM operation: Cleanup
Event: 6.340 Executing VM operation: Cleanup done
Event: 7.340 Executing VM operation: Cleanup
Event: 7.340 Executing VM operation: Cleanup done
Event: 8.341 Executing VM operation: Cleanup
Event: 8.341 Executing VM operation: Cleanup done
Event: 9.342 Executing VM operation: Cleanup
Event: 9.342 Executing VM operation: Cleanup done
Event: 10.343 Executing VM operation: Cleanup
Event: 10.343 Executing VM operation: Cleanup done
Event: 11.344 Executing VM operation: Cleanup
Event: 11.344 Executing VM operation: Cleanup done
Event: 12.344 Executing VM operation: Cleanup
Event: 12.344 Executing VM operation: Cleanup done
Event: 13.345 Executing VM operation: Cleanup
Event: 13.345 Executing VM operation: Cleanup done
Event: 13.685 Executing VM operation: Exit

Events (20 events):
Event: 2.905 loading class java/util/regex/Pattern$SliceS
Event: 2.905 loading class java/util/regex/Pattern$SliceS done
Event: 13.582 Thread 0x0000025865dd0020 Thread added: 0x0000025865dd0020
Event: 13.582 Thread 0x0000025865dd1970 Thread exited: 0x0000025865dd1970
Event: 13.582 Thread 0x0000025865dd0a40 Thread added: 0x0000025865dd0a40
Event: 13.582 Thread 0x0000025865dd1970 Thread added: 0x0000025865dd1970
Event: 13.582 Thread 0x0000025865302330 Thread added: 0x0000025865302330
Event: 13.582 loading class sun/font/SunFontManager$8$1
Event: 13.583 Thread 0x0000025865307430 Thread added: 0x0000025865307430
Event: 13.583 loading class java/nio/channels/ClosedChannelException
Event: 13.583 loading class sun/font/SunFontManager$8$1 done
Event: 13.583 loading class java/nio/channels/ClosedChannelException done
Event: 13.584 Thread 0x0000025865302330 Thread exited: 0x0000025865302330
Event: 13.584 Thread 0x0000025865884d90 Thread exited: 0x0000025865884d90
Event: 13.584 Thread 0x0000025865dd1970 Thread exited: 0x0000025865dd1970
Event: 13.587 Thread 0x0000025865661950 Thread exited: 0x0000025865661950
Event: 13.617 Thread 0x0000025865dd1e80 Thread exited: 0x0000025865dd1e80
Event: 13.624 Thread 0x0000025865dd0020 Thread exited: 0x0000025865dd0020
Event: 13.684 Thread 0x0000025865dd0a40 Thread exited: 0x0000025865dd0a40
Event: 13.684 Thread 0x000002581ff810d0 Thread exited: 0x000002581ff810d0


Dynamic libraries:
0x00007ff68bdd0000 - 0x00007ff68bdde000 	C:\Users\henry\.jdks\corretto-17.0.11\bin\java.exe
0x00007fff33670000 - 0x00007fff33887000 	C:\WINDOWS\SYSTEM32\ntdll.dll
0x00007fff31eb0000 - 0x00007fff31f74000 	C:\WINDOWS\System32\KERNEL32.DLL
0x00007fff30dd0000 - 0x00007fff3118a000 	C:\WINDOWS\System32\KERNELBASE.dll
0x00007fff30c30000 - 0x00007fff30d41000 	C:\WINDOWS\System32\ucrtbase.dll
0x00007fff28cb0000 - 0x00007fff28cc7000 	C:\Users\henry\.jdks\corretto-17.0.11\bin\jli.dll
0x00007fff2b700000 - 0x00007fff2b71b000 	C:\Users\henry\.jdks\corretto-17.0.11\bin\VCRUNTIME140.dll
0x00007fff32900000 - 0x00007fff32aae000 	C:\WINDOWS\System32\USER32.dll
0x00007fff086b0000 - 0x00007fff08942000 	C:\WINDOWS\WinSxS\amd64_microsoft.windows.common-controls_6595b64144ccf1df_6.0.22621.4541_none_2710d1c57384c085\COMCTL32.dll
0x00007fff30930000 - 0x00007fff30956000 	C:\WINDOWS\System32\win32u.dll
0x00007fff31a80000 - 0x00007fff31b27000 	C:\WINDOWS\System32\msvcrt.dll
0x00007fff33460000 - 0x00007fff33489000 	C:\WINDOWS\System32\GDI32.dll
0x00007fff31190000 - 0x00007fff312ab000 	C:\WINDOWS\System32\gdi32full.dll
0x00007fff30a20000 - 0x00007fff30aba000 	C:\WINDOWS\System32\msvcp_win.dll
0x00007fff31df0000 - 0x00007fff31e21000 	C:\WINDOWS\System32\IMM32.DLL
0x00007fff2af70000 - 0x00007fff2af7c000 	C:\Users\henry\.jdks\corretto-17.0.11\bin\vcruntime140_1.dll
0x00007fff19350000 - 0x00007fff193dd000 	C:\Users\henry\.jdks\corretto-17.0.11\bin\msvcp140.dll
0x00007ffe2ff40000 - 0x00007ffe30ba2000 	C:\Users\henry\.jdks\corretto-17.0.11\bin\server\jvm.dll
0x00007fff31890000 - 0x00007fff31942000 	C:\WINDOWS\System32\ADVAPI32.dll
0x00007fff32bd0000 - 0x00007fff32c77000 	C:\WINDOWS\System32\sechost.dll
0x00007fff31330000 - 0x00007fff31358000 	C:\WINDOWS\System32\bcrypt.dll
0x00007fff32ab0000 - 0x00007fff32bc4000 	C:\WINDOWS\System32\RPCRT4.dll
0x00007fff28d60000 - 0x00007fff28d94000 	C:\WINDOWS\SYSTEM32\WINMM.dll
0x00007fff28ca0000 - 0x00007fff28ca9000 	C:\WINDOWS\SYSTEM32\WSOCK32.dll
0x00007fff2fe90000 - 0x00007fff2fedd000 	C:\WINDOWS\SYSTEM32\POWRPROF.dll
0x00007fff31a00000 - 0x00007fff31a71000 	C:\WINDOWS\System32\WS2_32.dll
0x00007fff289c0000 - 0x00007fff289ca000 	C:\WINDOWS\SYSTEM32\VERSION.dll
0x00007fff2fdc0000 - 0x00007fff2fdd3000 	C:\WINDOWS\SYSTEM32\UMPDC.dll
0x00007fff2f9b0000 - 0x00007fff2f9c8000 	C:\WINDOWS\SYSTEM32\kernel.appcore.dll
0x00007fff19880000 - 0x00007fff1988a000 	C:\Users\henry\.jdks\corretto-17.0.11\bin\jimage.dll
0x00007fff2e1b0000 - 0x00007fff2e3e2000 	C:\WINDOWS\SYSTEM32\DBGHELP.DLL
0x00007fff31380000 - 0x00007fff31711000 	C:\WINDOWS\System32\combase.dll
0x00007fff32c80000 - 0x00007fff32d57000 	C:\WINDOWS\System32\OLEAUT32.dll
0x00007ffefcc20000 - 0x00007ffefcc52000 	C:\WINDOWS\SYSTEM32\dbgcore.DLL
0x00007fff30d50000 - 0x00007fff30dcb000 	C:\WINDOWS\System32\bcryptPrimitives.dll
0x00007fff19870000 - 0x00007fff1987e000 	C:\Users\henry\.jdks\corretto-17.0.11\bin\instrument.dll
0x00007fff19840000 - 0x00007fff19865000 	C:\Users\henry\.jdks\corretto-17.0.11\bin\java.dll
0x00007fff18da0000 - 0x00007fff18e77000 	C:\Users\henry\.jdks\corretto-17.0.11\bin\jsvml.dll
0x00007fff32080000 - 0x00007fff328f9000 	C:\WINDOWS\System32\SHELL32.dll
0x00007fff2e820000 - 0x00007fff2f129000 	C:\WINDOWS\SYSTEM32\windows.storage.dll
0x00007fff2e6e0000 - 0x00007fff2e81f000 	C:\WINDOWS\SYSTEM32\wintypes.dll
0x00007fff334a0000 - 0x00007fff3359a000 	C:\WINDOWS\System32\SHCORE.dll
0x00007fff319a0000 - 0x00007fff319fe000 	C:\WINDOWS\System32\shlwapi.dll
0x00007fff30860000 - 0x00007fff3088b000 	C:\WINDOWS\SYSTEM32\profapi.dll
0x00007fff19820000 - 0x00007fff19838000 	C:\Users\henry\.jdks\corretto-17.0.11\bin\zip.dll
0x00007fff19320000 - 0x00007fff19339000 	C:\Users\henry\.jdks\corretto-17.0.11\bin\net.dll
0x00007fff2c4a0000 - 0x00007fff2c5d6000 	C:\WINDOWS\SYSTEM32\WINHTTP.dll
0x00007fff2fee0000 - 0x00007fff2ff49000 	C:\WINDOWS\system32\mswsock.dll
0x00007fff19300000 - 0x00007fff19316000 	C:\Users\henry\.jdks\corretto-17.0.11\bin\nio.dll
0x00007fff192e0000 - 0x00007fff192fa000 	C:\Program Files\JetBrains\IntelliJ IDEA 2024.1.1\bin\breakgen64.dll
0x00007fff19500000 - 0x00007fff19509000 	C:\Users\henry\.jdks\corretto-17.0.11\bin\extnet.dll
0x00007ffe33d40000 - 0x00007ffe33ed0000 	C:\Users\henry\.jdks\corretto-17.0.11\bin\awt.dll
0x00007fff2b8c0000 - 0x00007fff2b957000 	C:\WINDOWS\SYSTEM32\apphelp.dll
0x00007fff2d9b0000 - 0x00007fff2da61000 	C:\WINDOWS\system32\uxtheme.dll
0x00007fff31720000 - 0x00007fff31881000 	C:\WINDOWS\System32\MSCTF.dll
0x00007fff32e30000 - 0x00007fff32fd5000 	C:\WINDOWS\System32\ole32.dll
0x00007fff2dc50000 - 0x00007fff2dc7b000 	C:\WINDOWS\system32\DWMAPI.DLL
0x00007ffef32f0000 - 0x00007ffef33f0000 	C:\WINDOWS\system32\opengl32.dll
0x00007ffef31c0000 - 0x00007ffef31ed000 	C:\WINDOWS\SYSTEM32\GLU32.dll
0x00007fff2dae0000 - 0x00007fff2db17000 	C:\WINDOWS\SYSTEM32\dxcore.dll
0x00007fff30140000 - 0x00007fff3015b000 	C:\WINDOWS\SYSTEM32\CRYPTSP.dll
0x00007fff2f910000 - 0x00007fff2f945000 	C:\WINDOWS\system32\rsaenh.dll
0x00007fff2ffd0000 - 0x00007fff2fff8000 	C:\WINDOWS\SYSTEM32\USERENV.dll
0x00007fff30130000 - 0x00007fff3013c000 	C:\WINDOWS\SYSTEM32\CRYPTBASE.dll
0x00007fff2f3c0000 - 0x00007fff2f3ed000 	C:\WINDOWS\SYSTEM32\IPHLPAPI.DLL
0x00007fff33490000 - 0x00007fff33499000 	C:\WINDOWS\System32\NSI.dll
0x00007fff2b790000 - 0x00007fff2b7a9000 	C:\WINDOWS\SYSTEM32\dhcpcsvc6.DLL
0x00007fff2b5a0000 - 0x00007fff2b5bf000 	C:\WINDOWS\SYSTEM32\dhcpcsvc.DLL
0x00007fff2f440000 - 0x00007fff2f542000 	C:\WINDOWS\SYSTEM32\DNSAPI.dll
0x000000006e8c0000 - 0x000000006e8cd000 	C:\Users\henry\IdeaProjects\RobotController\lib\gluegen_rt.dll
0x00007fff190a0000 - 0x00007fff190a7000 	C:\Users\henry\.jdks\corretto-17.0.11\bin\jawt.dll
0x000000006a440000 - 0x000000006a44d000 	C:\Users\henry\IdeaProjects\RobotController\lib\nativewindow_awt.dll
0x000000006c100000 - 0x000000006c110000 	C:\Users\henry\IdeaProjects\RobotController\lib\nativewindow_win32.dll
0x0000000070d80000 - 0x0000000070d93000 	C:\Users\henry\IdeaProjects\RobotController\lib\newt_head.dll
0x00007fff2bfc0000 - 0x00007fff2c07c000 	C:\WINDOWS\SYSTEM32\mscms.dll
0x00007ffef1ad0000 - 0x00007ffef1b19000 	C:\WINDOWS\SYSTEM32\icm32.dll
0x00007fff32fe0000 - 0x00007fff33454000 	C:\WINDOWS\System32\setupapi.dll
0x00007fff305f0000 - 0x00007fff3061c000 	C:\WINDOWS\SYSTEM32\DEVOBJ.dll
0x00007fff30620000 - 0x00007fff3066e000 	C:\WINDOWS\SYSTEM32\cfgmgr32.dll
0x00007fff312b0000 - 0x00007fff31322000 	C:\WINDOWS\System32\WINTRUST.dll
0x00007fff30ac0000 - 0x00007fff30c26000 	C:\WINDOWS\System32\CRYPT32.dll
0x00007fff30190000 - 0x00007fff301a2000 	C:\WINDOWS\SYSTEM32\MSASN1.dll
0x0000000064500000 - 0x0000000064585000 	C:\Users\henry\IdeaProjects\RobotController\lib\jogl_desktop.dll
0x0000000064340000 - 0x0000000064391000 	C:\Users\henry\IdeaProjects\RobotController\lib\jogl_mobile.dll
0x00007fff28200000 - 0x00007fff28249000 	C:\WINDOWS\SYSTEM32\directxdatabasehelper.dll
0x00007fff32d60000 - 0x00007fff32e10000 	C:\WINDOWS\System32\clbcatq.dll
0x00007ffe1c1e0000 - 0x00007ffe1d267000 	C:\WINDOWS\System32\DriverStore\FileRepository\iigd_dch.inf_amd64_57ce179e0ee5edd3\igxelpicd64.dll
0x00007fff2db20000 - 0x00007fff2dc17000 	C:\WINDOWS\system32\dxgi.dll
0x00007ffe33c00000 - 0x00007ffe33d3c000 	C:\WINDOWS\System32\DriverStore\FileRepository\iigd_dch.inf_amd64_57ce179e0ee5edd3\igdml64.dll
0x00007fff23570000 - 0x00007fff23979000 	C:\WINDOWS\System32\DriverStore\FileRepository\iigd_dch.inf_amd64_57ce179e0ee5edd3\igdgmm64.dll
0x00007fff1eee0000 - 0x00007fff23564000 	C:\WINDOWS\System32\DriverStore\FileRepository\iigd_dch.inf_amd64_57ce179e0ee5edd3\igc64.dll
0x00007fff262e0000 - 0x00007fff26425000 	C:\WINDOWS\SYSTEM32\textinputframework.dll
0x00007fff2ac70000 - 0x00007fff2ada3000 	C:\WINDOWS\SYSTEM32\CoreMessaging.dll
0x00007fff27a70000 - 0x00007fff27ddd000 	C:\WINDOWS\SYSTEM32\CoreUIComponents.dll
0x00007fff08ed0000 - 0x00007fff08f39000 	C:\WINDOWS\system32\Oleacc.dll
0x00007ffe371b0000 - 0x00007ffe37237000 	C:\Users\henry\.jdks\corretto-17.0.11\bin\freetype.dll
0x00007ffe33b10000 - 0x00007ffe33bf2000 	C:\Users\henry\.jdks\corretto-17.0.11\bin\fontmanager.dll

dbghelp: loaded successfully - version: 4.0.5 - missing functions: none
symbol engine: initialized successfully - sym options: 0x614 - pdb path: .;C:\Users\henry\.jdks\corretto-17.0.11\bin;C:\WINDOWS\SYSTEM32;C:\WINDOWS\WinSxS\amd64_microsoft.windows.common-controls_6595b64144ccf1df_6.0.22621.4541_none_2710d1c57384c085;C:\Users\henry\.jdks\corretto-17.0.11\bin\server;C:\Program Files\JetBrains\IntelliJ IDEA 2024.1.1\bin;C:\Users\henry\IdeaProjects\RobotController\lib;C:\WINDOWS\System32\DriverStore\FileRepository\iigd_dch.inf_amd64_57ce179e0ee5edd3

VM Arguments:
jvm_args: -Djava.library.path=C:\Users\henry\IdeaProjects\RobotController\lib -javaagent:C:\Program Files\JetBrains\IntelliJ IDEA 2024.1.1\lib\idea_rt.jar=53689:C:\Program Files\JetBrains\IntelliJ IDEA 2024.1.1\bin -Dfile.encoding=UTF-8 
java_command: Logic.Main
java_class_path (initial): C:\Users\henry\IdeaProjects\RobotController\out\production\RobotController;C:\Users\henry\IdeaProjects\RobotController\lib\core.jar;C:\Users\henry\IdeaProjects\RobotController\lib\gluegen-rt.jar;C:\Users\henry\IdeaProjects\RobotController\lib\jogl-all.jar;C:\Users\henry\IdeaProjects\RobotController\lib\serial.jar;C:\Users\henry\IdeaProjects\RobotController\lib\jssc.jar
Launcher Type: SUN_STANDARD

[Global flags]
     intx CICompilerCount                          = 4                                         {product} {ergonomic}
     uint ConcGCThreads                            = 2                                         {product} {ergonomic}
     uint G1ConcRefinementThreads                  = 8                                         {product} {ergonomic}
   size_t G1HeapRegionSize                         = 1048576                                   {product} {ergonomic}
    uintx GCDrainStackTargetSize                   = 64                                        {product} {ergonomic}
   size_t InitialHeapSize                          = 130023424                                 {product} {ergonomic}
   size_t MarkStackSize                            = 4194304                                   {product} {ergonomic}
   size_t MaxHeapSize                              = 2063597568                                {product} {ergonomic}
   size_t MaxNewSize                               = 1237319680                                {product} {ergonomic}
   size_t MinHeapDeltaBytes                        = 1048576                                   {product} {ergonomic}
   size_t MinHeapSize                              = 8388608                                   {product} {ergonomic}
    uintx NonNMethodCodeHeapSize                   = 5839372                                {pd product} {ergonomic}
    uintx NonProfiledCodeHeapSize                  = 122909434                              {pd product} {ergonomic}
    uintx ProfiledCodeHeapSize                     = 122909434                              {pd product} {ergonomic}
    uintx ReservedCodeCacheSize                    = 251658240                              {pd product} {ergonomic}
     bool SegmentedCodeCache                       = true                                      {product} {ergonomic}
   size_t SoftMaxHeapSize                          = 2063597568                             {manageable} {ergonomic}
     bool UseCompressedClassPointers               = true                           {product lp64_product} {ergonomic}
     bool UseCompressedOops                        = true                           {product lp64_product} {ergonomic}
     bool UseG1GC                                  = true                                      {product} {ergonomic}
     bool UseLargePagesIndividualAllocation        = false                                  {pd product} {ergonomic}

Logging:
Log output configuration:
 #0: stdout all=off uptime,level,tags
 #1: stderr all=off uptime,level,tags

Environment Variables:
PATH=C:\Program Files (x86)\Common Files\Oracle\Java\java8path;C:\Program Files (x86)\Common Files\Oracle\Java\javapath;C:\WINDOWS\system32;C:\WINDOWS;C:\WINDOWS\System32\Wbem;C:\WINDOWS\System32\WindowsPowerShell\v1.0\;C:\WINDOWS\System32\OpenSSH\;C:\Program Files\dotnet\;C:\Program Files\Git\cmd;C:\Program Files\Microsoft SQL Server\Client SDK\ODBC\130\Tools\Binn\;C:\Program Files (x86)\Microsoft SQL Server\140\Tools\Binn\;C:\Program Files\Microsoft SQL Server\140\Tools\Binn\;C:\Program Files\Microsoft SQL Server\140\DTS\Binn\;C:\Program Files\MATLAB\R2024b\bin;C:\Users\henry\AppData\Local\Programs\Python\Launcher\;C:\Users\henry\AppData\Local\Microsoft\WindowsApps;C:\Program Files\JetBrains\IntelliJ IDEA 2024.1.1\bin;;C:\Users\henry\AppData\Local\Programs\MiKTeX\miktex\bin\x64\
USERNAME=henry
OS=Windows_NT
PROCESSOR_IDENTIFIER=Intel64 Family 6 Model 140 Stepping 1, GenuineIntel
TMP=C:\Users\henry\AppData\Local\Temp
TEMP=C:\Users\henry\AppData\Local\Temp



Periodic native trim disabled


---------------  S Y S T E M  ---------------

OS:
 Windows 11 , 64 bit Build 22621 (10.0.22621.4391)
OS uptime: 0 days 3:11 hours
Hyper-V role detected

CPU: total 8 (initial active 8) (4 cores per cpu, 2 threads per core) family 6 model 140 stepping 1 microcode 0xb4, cx8, cmov, fxsr, ht, mmx, 3dnowpref, sse, sse2, sse3, ssse3, sse4.1, sse4.2, popcnt, lzcnt, tsc, tscinvbit, avx, avx2, aes, erms, clmul, bmi1, bmi2, adx, avx512f, avx512dq, avx512cd, avx512bw, avx512vl, sha, fma, vzeroupper, avx512_vpopcntdq, avx512_vpclmulqdq, avx512_vaes, avx512_vnni, clflush, clflushopt, clwb, avx512_vbmi2, avx512_vbmi, hv
Processor Information for processor 0
  Max Mhz: 2419, Current Mhz: 2419, Mhz Limit: 2419
Processor Information for processor 1
  Max Mhz: 2419, Current Mhz: 2419, Mhz Limit: 2419
Processor Information for processor 2
  Max Mhz: 2419, Current Mhz: 2419, Mhz Limit: 2419
Processor Information for processor 3
  Max Mhz: 2419, Current Mhz: 2419, Mhz Limit: 2419
Processor Information for processor 4
  Max Mhz: 2419, Current Mhz: 2419, Mhz Limit: 2419
Processor Information for processor 5
  Max Mhz: 2419, Current Mhz: 1209, Mhz Limit: 2419
Processor Information for processor 6
  Max Mhz: 2419, Current Mhz: 2419, Mhz Limit: 2419
Processor Information for processor 7
  Max Mhz: 2419, Current Mhz: 1209, Mhz Limit: 2419

Memory: 4k page, system-wide physical 7865M (402M free)
TotalPageFile size 22713M (AvailPageFile size 7917M)
current process WorkingSet (physical memory assigned to process): 355M, peak: 374M
current process commit charge ("private bytes"): 421M, peak: 441M

vm_info: OpenJDK 64-Bit Server VM (17.0.11+9-LTS) for windows-amd64 JRE (17.0.11+9-LTS), built on Apr 10 2024 22:12:24 by "Administrator" with MS VC++ 16.10 / 16.11 (VS2019)

END.
